2023-01-21 13:09:16.785 +05:30  INF  User profile is available. Using '/Users/presidio_cbe/.aspnet/DataProtection-Keys' as key repository; keys will not be encrypted at rest.
2023-01-21 13:09:16.876 +05:30  INF  Now listening on: http://localhost:5073
2023-01-21 13:09:16.878 +05:30  INF  Application started. Press Ctrl+C to shut down.
2023-01-21 13:09:16.878 +05:30  INF  Hosting environment: Development
2023-01-21 13:09:16.879 +05:30  INF  Content root path: /Users/presidio_cbe/Documents/AttendanceTracking/AttendanceTracking
2023-01-21 13:09:22.988 +05:30  INF  Request starting HTTP/1.1 GET http://localhost:5073/index.html - -
2023-01-21 13:09:23.103 +05:30  INF  Request finished HTTP/1.1 GET http://localhost:5073/index.html - - - 200 - text/html;charset=utf-8 116.5655ms
2023-01-21 13:09:23.481 +05:30  INF  Request starting HTTP/1.1 GET http://localhost:5073/swagger/v1/swagger.json - -
2023-01-21 13:09:23.585 +05:30  INF  Request finished HTTP/1.1 GET http://localhost:5073/swagger/v1/swagger.json - - - 200 - application/json;charset=utf-8 103.9049ms
2023-01-21 13:09:30.473 +05:30  INF  Request starting HTTP/1.1 GET http://localhost:5073/Manager/GetAllManagers - -
2023-01-21 13:09:30.479 +05:30  WRN  Failed to determine the https port for redirect.
2023-01-21 13:09:30.483 +05:30  INF  Executing endpoint 'AttendanceTracking.Controllers.ManagerController.GetAllManagers (AttendanceTracking)'
2023-01-21 13:09:30.491 +05:30  INF  Route matched with {action = "GetAllManagers", controller = "Manager"}. Executing controller action with signature Microsoft.AspNetCore.Mvc.IActionResult GetAllManagers() on controller AttendanceTracking.Controllers.ManagerController (AttendanceTracking).
2023-01-21 13:09:30.697 +05:30  INF  GetAllManagers Method Called
2023-01-21 13:09:33.353 +05:30  INF  Executed DbCommand (257ms) [Parameters=[], CommandType='"Text"', CommandTimeout='30']
SELECT [m].[managerId], [m].[departmentId], [m].[managerEmail], [m].[managerName], [m].[managerPassword]
FROM [managers] AS [m]
2023-01-21 13:09:33.429 +05:30  INF  Executing OkObjectResult, writing value of type 'System.Collections.Generic.List`1[[AttendanceTracking.Data.ViewModels.ManagerResponseVM, AttendanceTracking, Version=1.0.0.0, Culture=neutral, PublicKeyToken=null]]'.
2023-01-21 13:09:33.437 +05:30  INF  Executed action AttendanceTracking.Controllers.ManagerController.GetAllManagers (AttendanceTracking) in 2942.3031ms
2023-01-21 13:09:33.437 +05:30  INF  Executed endpoint 'AttendanceTracking.Controllers.ManagerController.GetAllManagers (AttendanceTracking)'
2023-01-21 13:09:33.444 +05:30  INF  Request finished HTTP/1.1 GET http://localhost:5073/Manager/GetAllManagers - - - 200 - application/json;+charset=utf-8 2970.4094ms
2023-01-21 13:09:52.659 +05:30  INF  Request starting HTTP/1.1 GET http://localhost:5073/Department/GetAllDepartments - -
2023-01-21 13:09:52.660 +05:30  INF  Executing endpoint 'AttendanceTracking.Controllers.DepartmentController.GetAllDepartments (AttendanceTracking)'
2023-01-21 13:09:52.662 +05:30  INF  Route matched with {action = "GetAllDepartments", controller = "Department"}. Executing controller action with signature Microsoft.AspNetCore.Mvc.IActionResult GetAllDepartments() on controller AttendanceTracking.Controllers.DepartmentController (AttendanceTracking).
2023-01-21 13:09:52.664 +05:30  INF  GetAllDepartments Method Called
2023-01-21 13:09:52.918 +05:30  INF  Executed DbCommand (236ms) [Parameters=[], CommandType='"Text"', CommandTimeout='30']
SELECT [d].[departmentId], [d].[departmentName]
FROM [departments] AS [d]
2023-01-21 13:09:52.926 +05:30  INF  Executing OkObjectResult, writing value of type 'System.Collections.Generic.List`1[[AttendanceTracking.Models.Department, AttendanceTracking, Version=1.0.0.0, Culture=neutral, PublicKeyToken=null]]'.
2023-01-21 13:09:52.928 +05:30  INF  Executed action AttendanceTracking.Controllers.DepartmentController.GetAllDepartments (AttendanceTracking) in 266.4334ms
2023-01-21 13:09:52.928 +05:30  INF  Executed endpoint 'AttendanceTracking.Controllers.DepartmentController.GetAllDepartments (AttendanceTracking)'
2023-01-21 13:09:52.929 +05:30  INF  Request finished HTTP/1.1 GET http://localhost:5073/Department/GetAllDepartments - - - 200 - application/json;+charset=utf-8 270.2303ms
2023-01-21 13:11:10.974 +05:30  INF  Request starting HTTP/1.1 GET http://localhost:5073/Employee/GetAllEmployees - -
2023-01-21 13:11:10.974 +05:30  INF  Executing endpoint 'AttendanceTracking.Controllers.EmployeeController.GetAllEmployees (AttendanceTracking)'
2023-01-21 13:11:10.975 +05:30  INF  Route matched with {action = "GetAllEmployees", controller = "Employee"}. Executing controller action with signature Microsoft.AspNetCore.Mvc.IActionResult GetAllEmployees() on controller AttendanceTracking.Controllers.EmployeeController (AttendanceTracking).
2023-01-21 13:11:11.372 +05:30  INF  Executed DbCommand (338ms) [Parameters=[], CommandType='"Text"', CommandTimeout='30']
SELECT [e].[employeeId], [e].[employeeEmail], [e].[employeeName], [e].[managerId], [e].[profileImageUrl]
FROM [employees] AS [e]
2023-01-21 13:11:11.385 +05:30  INF  Executing OkObjectResult, writing value of type 'System.Collections.Generic.List`1[[AttendanceTracking.Models.Employee, AttendanceTracking, Version=1.0.0.0, Culture=neutral, PublicKeyToken=null]]'.
2023-01-21 13:11:11.387 +05:30  INF  Executed action AttendanceTracking.Controllers.EmployeeController.GetAllEmployees (AttendanceTracking) in 412.1469ms
2023-01-21 13:11:11.387 +05:30  INF  Executed endpoint 'AttendanceTracking.Controllers.EmployeeController.GetAllEmployees (AttendanceTracking)'
2023-01-21 13:11:11.387 +05:30  INF  Request finished HTTP/1.1 GET http://localhost:5073/Employee/GetAllEmployees - - - 200 - application/json;+charset=utf-8 413.8142ms
2023-01-21 13:22:27.741 +05:30  INF  Application is shutting down...
2023-01-21 13:22:49.761 +05:30  INF  User profile is available. Using '/Users/presidio_cbe/.aspnet/DataProtection-Keys' as key repository; keys will not be encrypted at rest.
2023-01-21 13:22:49.843 +05:30  INF  Now listening on: http://localhost:5073
2023-01-21 13:22:49.845 +05:30  INF  Application started. Press Ctrl+C to shut down.
2023-01-21 13:22:49.845 +05:30  INF  Hosting environment: Development
2023-01-21 13:22:49.845 +05:30  INF  Content root path: /Users/presidio_cbe/Documents/AttendanceTracking/AttendanceTracking
2023-01-21 13:23:05.383 +05:30  INF  Request starting HTTP/1.1 GET http://localhost:5073/index.html - -
2023-01-21 13:23:05.504 +05:30  INF  Request finished HTTP/1.1 GET http://localhost:5073/index.html - - - 200 - text/html;charset=utf-8 123.5006ms
2023-01-21 13:23:05.993 +05:30  INF  Request starting HTTP/1.1 GET http://localhost:5073/swagger/v1/swagger.json - -
2023-01-21 13:23:06.098 +05:30  INF  Request finished HTTP/1.1 GET http://localhost:5073/swagger/v1/swagger.json - - - 200 - application/json;charset=utf-8 104.8395ms
2023-01-21 13:23:10.861 +05:30  INF  Request starting HTTP/1.1 GET http://localhost:5073/Manager/GetAllManagers - -
2023-01-21 13:23:10.868 +05:30  WRN  Failed to determine the https port for redirect.
2023-01-21 13:23:10.872 +05:30  INF  Executing endpoint 'AttendanceTracking.Controllers.ManagerController.GetAllManagers (AttendanceTracking)'
2023-01-21 13:23:10.880 +05:30  INF  Route matched with {action = "GetAllManagers", controller = "Manager"}. Executing controller action with signature Microsoft.AspNetCore.Mvc.IActionResult GetAllManagers() on controller AttendanceTracking.Controllers.ManagerController (AttendanceTracking).
2023-01-21 13:23:11.104 +05:30  INF  GetAllManagers Method Called
2023-01-21 13:23:13.899 +05:30  INF  Executed DbCommand (346ms) [Parameters=[], CommandType='"Text"', CommandTimeout='30']
SELECT [m].[managerId], [m].[departmentId], [m].[managerEmail], [m].[managerName], [m].[managerPassword]
FROM [managers] AS [m]
2023-01-21 13:23:13.977 +05:30  INF  Executing OkObjectResult, writing value of type 'System.Collections.Generic.List`1[[AttendanceTracking.Data.ResponseModels.ManagerResponse, AttendanceTracking, Version=1.0.0.0, Culture=neutral, PublicKeyToken=null]]'.
2023-01-21 13:23:13.986 +05:30  INF  Executed action AttendanceTracking.Controllers.ManagerController.GetAllManagers (AttendanceTracking) in 3102.0439ms
2023-01-21 13:23:13.986 +05:30  INF  Executed endpoint 'AttendanceTracking.Controllers.ManagerController.GetAllManagers (AttendanceTracking)'
2023-01-21 13:23:13.992 +05:30  INF  Request finished HTTP/1.1 GET http://localhost:5073/Manager/GetAllManagers - - - 200 - application/json;+charset=utf-8 3130.9884ms
2023-01-21 13:51:26.707 +05:30  INF  Request starting HTTP/1.1 GET http://localhost:5073/Employee/GetAllEmployees - -
2023-01-21 13:51:26.708 +05:30  INF  Executing endpoint 'AttendanceTracking.Controllers.EmployeeController.GetAllEmployees (AttendanceTracking)'
2023-01-21 13:51:26.711 +05:30  INF  Route matched with {action = "GetAllEmployees", controller = "Employee"}. Executing controller action with signature Microsoft.AspNetCore.Mvc.IActionResult GetAllEmployees() on controller AttendanceTracking.Controllers.EmployeeController (AttendanceTracking).
2023-01-21 13:51:28.689 +05:30  INF  Executed DbCommand (247ms) [Parameters=[], CommandType='"Text"', CommandTimeout='30']
SELECT [e].[employeeId], [e].[employeeEmail], [e].[employeeName], [e].[managerId], [e].[profileImageUrl]
FROM [employees] AS [e]
2023-01-21 13:51:28.706 +05:30  INF  Executing OkObjectResult, writing value of type 'System.Collections.Generic.List`1[[AttendanceTracking.Models.Employee, AttendanceTracking, Version=1.0.0.0, Culture=neutral, PublicKeyToken=null]]'.
2023-01-21 13:51:28.709 +05:30  INF  Executed action AttendanceTracking.Controllers.EmployeeController.GetAllEmployees (AttendanceTracking) in 1998.5007ms
2023-01-21 13:51:28.709 +05:30  INF  Executed endpoint 'AttendanceTracking.Controllers.EmployeeController.GetAllEmployees (AttendanceTracking)'
2023-01-21 13:51:28.710 +05:30  INF  Request finished HTTP/1.1 GET http://localhost:5073/Employee/GetAllEmployees - - - 200 - application/json;+charset=utf-8 2003.0873ms
2023-01-21 13:57:33.314 +05:30  INF  Application is shutting down...
2023-01-21 13:57:55.725 +05:30  INF  User profile is available. Using '/Users/presidio_cbe/.aspnet/DataProtection-Keys' as key repository; keys will not be encrypted at rest.
2023-01-21 13:57:55.813 +05:30  INF  Now listening on: http://localhost:5073
2023-01-21 13:57:55.815 +05:30  INF  Application started. Press Ctrl+C to shut down.
2023-01-21 13:57:55.815 +05:30  INF  Hosting environment: Development
2023-01-21 13:57:55.815 +05:30  INF  Content root path: /Users/presidio_cbe/Documents/AttendanceTracking/AttendanceTracking
2023-01-21 13:58:04.682 +05:30  INF  Request starting HTTP/1.1 GET http://localhost:5073/index.html - -
2023-01-21 13:58:04.804 +05:30  INF  Request finished HTTP/1.1 GET http://localhost:5073/index.html - - - 200 - text/html;charset=utf-8 123.3918ms
2023-01-21 13:58:05.307 +05:30  INF  Request starting HTTP/1.1 GET http://localhost:5073/swagger/v1/swagger.json - -
2023-01-21 13:58:05.409 +05:30  INF  Request finished HTTP/1.1 GET http://localhost:5073/swagger/v1/swagger.json - - - 200 - application/json;charset=utf-8 102.1132ms
2023-01-21 13:58:10.084 +05:30  INF  Request starting HTTP/1.1 GET http://localhost:5073/Employee/GetAllEmployees - -
2023-01-21 13:58:10.091 +05:30  WRN  Failed to determine the https port for redirect.
2023-01-21 13:58:10.095 +05:30  INF  Executing endpoint 'AttendanceTracking.Controllers.EmployeeController.GetAllEmployees (AttendanceTracking)'
2023-01-21 13:58:10.105 +05:30  INF  Route matched with {action = "GetAllEmployees", controller = "Employee"}. Executing controller action with signature Microsoft.AspNetCore.Mvc.IActionResult GetAllEmployees() on controller AttendanceTracking.Controllers.EmployeeController (AttendanceTracking).
2023-01-21 13:58:13.176 +05:30  INF  Executed DbCommand (296ms) [Parameters=[], CommandType='"Text"', CommandTimeout='30']
SELECT [e].[employeeId], [e].[employeeEmail], [e].[employeeName], [e].[managerId], [e].[profileImageUrl]
FROM [employees] AS [e]
2023-01-21 13:58:13.252 +05:30  INF  Executing OkObjectResult, writing value of type 'System.Collections.Generic.List`1[[AttendanceTracking.Data.ResponseModels.EmployeeResponse, AttendanceTracking, Version=1.0.0.0, Culture=neutral, PublicKeyToken=null]]'.
2023-01-21 13:58:13.261 +05:30  INF  Executed action AttendanceTracking.Controllers.EmployeeController.GetAllEmployees (AttendanceTracking) in 3151.5807ms
2023-01-21 13:58:13.261 +05:30  INF  Executed endpoint 'AttendanceTracking.Controllers.EmployeeController.GetAllEmployees (AttendanceTracking)'
2023-01-21 13:58:13.268 +05:30  INF  Request finished HTTP/1.1 GET http://localhost:5073/Employee/GetAllEmployees - - - 200 - application/json;+charset=utf-8 3183.0446ms
2023-01-21 13:59:07.280 +05:30  INF  Request starting HTTP/1.1 GET http://localhost:5073/Employee/GetEmployeeIdByEmployeeEmail?employeeEmail=magesh%40gmail.com - -
2023-01-21 13:59:07.283 +05:30  INF  Executing endpoint 'AttendanceTracking.Controllers.EmployeeController.GetEmployeeIdByEmployeeEmail (AttendanceTracking)'
2023-01-21 13:59:07.292 +05:30  INF  Route matched with {action = "GetEmployeeIdByEmployeeEmail", controller = "Employee"}. Executing controller action with signature Microsoft.AspNetCore.Mvc.IActionResult GetEmployeeIdByEmployeeEmail(System.String) on controller AttendanceTracking.Controllers.EmployeeController (AttendanceTracking).
2023-01-21 13:59:07.326 +05:30  INF  GetEmployeeIdByEmployeeEmail Method Calledmagesh@gmail.com
2023-01-21 13:59:07.720 +05:30  INF  Executed DbCommand (301ms) [Parameters=[@__employeeEmail_0='?' (Size = 4000)], CommandType='"Text"', CommandTimeout='30']
SELECT TOP(1) [e].[employeeId], [e].[employeeEmail], [e].[employeeName], [e].[managerId], [e].[profileImageUrl]
FROM [employees] AS [e]
WHERE [e].[employeeEmail] = @__employeeEmail_0
2023-01-21 13:59:07.724 +05:30  INF  Executing OkObjectResult, writing value of type 'System.String'.
2023-01-21 13:59:07.724 +05:30  INF  Executed action AttendanceTracking.Controllers.EmployeeController.GetEmployeeIdByEmployeeEmail (AttendanceTracking) in 432.1729ms
2023-01-21 13:59:07.724 +05:30  INF  Executed endpoint 'AttendanceTracking.Controllers.EmployeeController.GetEmployeeIdByEmployeeEmail (AttendanceTracking)'
2023-01-21 13:59:07.725 +05:30  INF  Request finished HTTP/1.1 GET http://localhost:5073/Employee/GetEmployeeIdByEmployeeEmail?employeeEmail=magesh%40gmail.com - - - 200 - text/plain;+charset=utf-8 445.0406ms
2023-01-21 14:17:59.216 +05:30  INF  Application is shutting down...
2023-01-21 14:18:23.091 +05:30  INF  User profile is available. Using '/Users/presidio_cbe/.aspnet/DataProtection-Keys' as key repository; keys will not be encrypted at rest.
2023-01-21 14:18:23.177 +05:30  INF  Now listening on: http://localhost:5073
2023-01-21 14:18:23.179 +05:30  INF  Application started. Press Ctrl+C to shut down.
2023-01-21 14:18:23.179 +05:30  INF  Hosting environment: Development
2023-01-21 14:18:23.179 +05:30  INF  Content root path: /Users/presidio_cbe/Documents/AttendanceTracking/AttendanceTracking
2023-01-21 14:18:58.040 +05:30  INF  Request starting HTTP/1.1 GET http://localhost:5073/index.html - -
2023-01-21 14:18:58.163 +05:30  INF  Request finished HTTP/1.1 GET http://localhost:5073/index.html - - - 200 - text/html;charset=utf-8 124.5287ms
2023-01-21 14:18:58.564 +05:30  INF  Request starting HTTP/1.1 GET http://localhost:5073/swagger/v1/swagger.json - -
2023-01-21 14:18:58.675 +05:30  INF  Request finished HTTP/1.1 GET http://localhost:5073/swagger/v1/swagger.json - - - 200 - application/json;charset=utf-8 110.9569ms
2023-01-21 14:19:06.084 +05:30  INF  Request starting HTTP/1.1 GET http://localhost:5073/Employee/GetAllEmployees - -
2023-01-21 14:19:06.090 +05:30  WRN  Failed to determine the https port for redirect.
2023-01-21 14:19:06.093 +05:30  INF  Executing endpoint 'AttendanceTracking.Controllers.EmployeeController.GetAllEmployees (AttendanceTracking)'
2023-01-21 14:19:06.102 +05:30  INF  Route matched with {action = "GetAllEmployees", controller = "Employee"}. Executing controller action with signature Microsoft.AspNetCore.Mvc.IActionResult GetAllEmployees() on controller AttendanceTracking.Controllers.EmployeeController (AttendanceTracking).
2023-01-21 14:19:08.882 +05:30  INF  Executed DbCommand (295ms) [Parameters=[], CommandType='"Text"', CommandTimeout='30']
SELECT [e].[employeeId], [e].[employeeEmail], [e].[employeeName], [e].[managerId], [e].[profileImageUrl]
FROM [employees] AS [e]
2023-01-21 14:19:08.959 +05:30  INF  Executing OkObjectResult, writing value of type 'System.Collections.Generic.List`1[[AttendanceTracking.Data.ResponseModels.EmployeeResponse, AttendanceTracking, Version=1.0.0.0, Culture=neutral, PublicKeyToken=null]]'.
2023-01-21 14:19:08.968 +05:30  INF  Executed action AttendanceTracking.Controllers.EmployeeController.GetAllEmployees (AttendanceTracking) in 2862.7017ms
2023-01-21 14:19:08.968 +05:30  INF  Executed endpoint 'AttendanceTracking.Controllers.EmployeeController.GetAllEmployees (AttendanceTracking)'
2023-01-21 14:19:08.975 +05:30  INF  Request finished HTTP/1.1 GET http://localhost:5073/Employee/GetAllEmployees - - - 200 - application/json;+charset=utf-8 2891.1173ms
2023-01-21 14:19:59.589 +05:30  INF  Request starting HTTP/1.1 GET http://localhost:5073/Attendance/GetAttendanceOfEmployee/1/2023-01-20 00:00:00.000/2023-01-20 09:00:00.000/2023-01-20 23:00:00.000 - -
2023-01-21 14:19:59.596 +05:30  INF  Authorization failed. These requirements were not met:
DenyAnonymousAuthorizationRequirement: Requires an authenticated user.
2023-01-21 14:19:59.606 +05:30  INF  AuthenticationScheme: Bearer was challenged.
2023-01-21 14:19:59.606 +05:30  INF  Request finished HTTP/1.1 GET http://localhost:5073/Attendance/GetAttendanceOfEmployee/1/2023-01-20 00:00:00.000/2023-01-20 09:00:00.000/2023-01-20 23:00:00.000 - - - 401 0 - 17.6221ms
2023-01-21 14:20:26.619 +05:30  INF  Request starting HTTP/1.1 POST http://localhost:5073/Manager/ManagerLogin application/json 71
2023-01-21 14:20:26.620 +05:30  INF  Executing endpoint 'AttendanceTracking.Controllers.ManagerController.ManagerLogin (AttendanceTracking)'
2023-01-21 14:20:26.638 +05:30  INF  Route matched with {action = "ManagerLogin", controller = "Manager"}. Executing controller action with signature Microsoft.AspNetCore.Mvc.IActionResult ManagerLogin(AttendanceTracking.Data.ViewModels.ManagerLoginVM) on controller AttendanceTracking.Controllers.ManagerController (AttendanceTracking).
2023-01-21 14:20:26.690 +05:30  INF  ManagerLogin Method Called
2023-01-21 14:20:27.238 +05:30  INF  Executed DbCommand (391ms) [Parameters=[@__managerLoginVM_managerEmail_0='?' (Size = 4000), @__managerLoginVM_managerPassword_1='?' (Size = 4000)], CommandType='"Text"', CommandTimeout='30']
SELECT TOP(1) [m].[managerId], [m].[departmentId], [m].[managerEmail], [m].[managerName], [m].[managerPassword]
FROM [managers] AS [m]
WHERE [m].[managerEmail] = @__managerLoginVM_managerEmail_0 AND [m].[managerPassword] = @__managerLoginVM_managerPassword_1
2023-01-21 14:20:27.400 +05:30  INF  Executing OkObjectResult, writing value of type 'System.String'.
2023-01-21 14:20:27.400 +05:30  INF  Executed action AttendanceTracking.Controllers.ManagerController.ManagerLogin (AttendanceTracking) in 762.3753ms
2023-01-21 14:20:27.400 +05:30  INF  Executed endpoint 'AttendanceTracking.Controllers.ManagerController.ManagerLogin (AttendanceTracking)'
2023-01-21 14:20:27.401 +05:30  INF  Request finished HTTP/1.1 POST http://localhost:5073/Manager/ManagerLogin application/json 71 - 200 - text/plain;+charset=utf-8 782.1796ms
2023-01-21 14:20:44.712 +05:30  INF  Request starting HTTP/1.1 GET http://localhost:5073/Attendance/GetAttendanceOfEmployee/1/2023-01-20 00:00:00.000/2023-01-20 09:00:00.000/2023-01-20 23:00:00.000 - -
2023-01-21 14:20:44.765 +05:30  INF  Executing endpoint 'AttendanceTracking.Controllers.AttendanceController.GetAttendanceOfEmployee (AttendanceTracking)'
2023-01-21 14:20:44.769 +05:30  INF  Route matched with {action = "GetAttendanceOfEmployee", controller = "Attendance"}. Executing controller action with signature System.Collections.Generic.List`1[AttendanceTracking.Data.ResponseModels.AttendanceResponse] GetAttendanceOfEmployee(Int32, System.DateTime, System.DateTime, System.DateTime) on controller AttendanceTracking.Controllers.AttendanceController (AttendanceTracking).
2023-01-21 14:20:44.773 +05:30  INF  GetAttendanceOfEmployee method called : 1 20/01/2023 00:00:00 20/01/2023 09:00:00 20/01/2023 23:00:00
2023-01-21 14:20:45.076 +05:30  INF  Executed DbCommand (245ms) [Parameters=[@__managerId_0='?' (DbType = Int32)], CommandType='"Text"', CommandTimeout='30']
SELECT [e].[employeeId], [e].[employeeEmail], [e].[employeeName], [e].[managerId], [e].[profileImageUrl]
FROM [employees] AS [e]
WHERE [e].[managerId] = @__managerId_0
2023-01-21 14:20:45.358 +05:30  INF  Executed DbCommand (274ms) [Parameters=[@__employeeId_0='?' (DbType = Int32)], CommandType='"Text"', CommandTimeout='30']
SELECT [a].[id], [a].[checkInTime], [a].[checkOutTime], [a].[date], [a].[employeeId]
FROM [attendances] AS [a]
WHERE [a].[employeeId] = @__employeeId_0
2023-01-21 14:20:45.387 +05:30  INF  CheckOut Time:20/01/2023 13:24:47CheckIn Time:20/01/2023 13:24:36
2023-01-21 14:20:45.387 +05:30  INF  Total Present Time:00:00:11.7163820
2023-01-21 14:20:45.387 +05:30  INF  Total Present Time:00:00:11.7163820
2023-01-21 14:20:45.388 +05:30  INF  Executing ObjectResult, writing value of type 'System.Collections.Generic.List`1[[AttendanceTracking.Data.ResponseModels.AttendanceResponse, AttendanceTracking, Version=1.0.0.0, Culture=neutral, PublicKeyToken=null]]'.
2023-01-21 14:20:45.409 +05:30  INF  Executed action AttendanceTracking.Controllers.AttendanceController.GetAttendanceOfEmployee (AttendanceTracking) in 639.8266ms
2023-01-21 14:20:45.409 +05:30  INF  Executed endpoint 'AttendanceTracking.Controllers.AttendanceController.GetAttendanceOfEmployee (AttendanceTracking)'
2023-01-21 14:20:45.409 +05:30  INF  Request finished HTTP/1.1 GET http://localhost:5073/Attendance/GetAttendanceOfEmployee/1/2023-01-20 00:00:00.000/2023-01-20 09:00:00.000/2023-01-20 23:00:00.000 - - - 200 - application/json;+charset=utf-8 697.6118ms
2023-01-21 14:48:03.797 +05:30  INF  Application is shutting down...
