2023-01-18 20:00:30.170 +05:30  INF  Now listening on: http://localhost:5073
2023-01-18 20:00:30.205 +05:30  INF  Application started. Press Ctrl+C to shut down.
2023-01-18 20:00:30.206 +05:30  INF  Hosting environment: Development
2023-01-18 20:00:30.206 +05:30  INF  Content root path: /Users/presidio_cbe/Documents/AttendanceTracking/AttendanceTracking
2023-01-18 20:00:32.422 +05:30  INF  Request starting HTTP/1.1 GET http://localhost:5073/swagger/index.html - -
2023-01-18 20:00:32.551 +05:30  INF  Request finished HTTP/1.1 GET http://localhost:5073/swagger/index.html - - - 200 - text/html;charset=utf-8 132.0703ms
2023-01-18 20:00:33.095 +05:30  INF  Request starting HTTP/1.1 GET http://localhost:5073/swagger/v1/swagger.json - -
2023-01-18 20:00:33.208 +05:30  INF  Request finished HTTP/1.1 GET http://localhost:5073/swagger/v1/swagger.json - - - 200 - application/json;charset=utf-8 112.4017ms
2023-01-18 20:01:34.522 +05:30  INF  Request starting HTTP/1.1 POST http://localhost:5073/AddEmployee multipart/form-data;+boundary=----WebKitFormBoundary5u6amAR4IOkqA1Sf 4291
2023-01-18 20:01:34.530 +05:30  WRN  Failed to determine the https port for redirect.
2023-01-18 20:01:34.535 +05:30  INF  Executing endpoint 'AttendanceTracking.Controllers.EmployeeController.AddEmployee (AttendanceTracking)'
2023-01-18 20:01:34.570 +05:30  INF  Route matched with {action = "AddEmployee", controller = "Employee"}. Executing controller action with signature Microsoft.AspNetCore.Mvc.IActionResult AddEmployee(AttendanceTracking.Data.ViewModels.EmployeeVM) on controller AttendanceTracking.Controllers.EmployeeController (AttendanceTracking).
2023-01-18 20:01:37.748 +05:30  ERR  An error occurred using the connection to database 'attendance' on server 'tcp:dotnet-training-server.database.windows.net,1433'.
2023-01-18 20:01:37.756 +05:30  ERR  An exception occurred while iterating over the results of a query for context type 'AttendanceTracking.Data.DbInitializer'.
Microsoft.Data.SqlClient.SqlException (0x80131904): Cannot open server 'dotnet-training-server' requested by the login. Client with IP address '49.206.116.97' is not allowed to access the server.  To enable access, use the Windows Azure Management Portal or run sp_set_firewall_rule on the master database to create a firewall rule for this IP address or address range.  It may take up to five minutes for this change to take effect.
   at Microsoft.Data.ProviderBase.DbConnectionPool.CheckPoolBlockingPeriod(Exception e)
   at Microsoft.Data.ProviderBase.DbConnectionPool.CreateObject(DbConnection owningObject, DbConnectionOptions userOptions, DbConnectionInternal oldConnection)
   at Microsoft.Data.ProviderBase.DbConnectionPool.UserCreateRequest(DbConnection owningObject, DbConnectionOptions userOptions, DbConnectionInternal oldConnection)
   at Microsoft.Data.ProviderBase.DbConnectionPool.TryGetConnection(DbConnection owningObject, UInt32 waitForMultipleObjectsTimeout, Boolean allowCreate, Boolean onlyOneCheckConnection, DbConnectionOptions userOptions, DbConnectionInternal& connection)
   at Microsoft.Data.ProviderBase.DbConnectionPool.TryGetConnection(DbConnection owningObject, TaskCompletionSource`1 retry, DbConnectionOptions userOptions, DbConnectionInternal& connection)
   at Microsoft.Data.ProviderBase.DbConnectionFactory.TryGetConnection(DbConnection owningConnection, TaskCompletionSource`1 retry, DbConnectionOptions userOptions, DbConnectionInternal oldConnection, DbConnectionInternal& connection)
   at Microsoft.Data.ProviderBase.DbConnectionInternal.TryOpenConnectionInternal(DbConnection outerConnection, DbConnectionFactory connectionFactory, TaskCompletionSource`1 retry, DbConnectionOptions userOptions)
   at Microsoft.Data.ProviderBase.DbConnectionClosed.TryOpenConnection(DbConnection outerConnection, DbConnectionFactory connectionFactory, TaskCompletionSource`1 retry, DbConnectionOptions userOptions)
   at Microsoft.Data.SqlClient.SqlConnection.TryOpen(TaskCompletionSource`1 retry, SqlConnectionOverrides overrides)
   at Microsoft.Data.SqlClient.SqlConnection.Open(SqlConnectionOverrides overrides)
   at Microsoft.Data.SqlClient.SqlConnection.Open()
   at Microsoft.EntityFrameworkCore.SqlServer.Storage.Internal.SqlServerConnection.OpenDbConnection(Boolean errorsExpected)
   at Microsoft.EntityFrameworkCore.Storage.RelationalConnection.OpenInternal(Boolean errorsExpected)
   at Microsoft.EntityFrameworkCore.Storage.RelationalConnection.Open(Boolean errorsExpected)
   at Microsoft.EntityFrameworkCore.Storage.RelationalCommand.ExecuteReader(RelationalCommandParameterObject parameterObject)
   at Microsoft.EntityFrameworkCore.Query.Internal.SingleQueryingEnumerable`1.Enumerator.InitializeReader(Enumerator enumerator)
   at Microsoft.EntityFrameworkCore.Query.Internal.SingleQueryingEnumerable`1.Enumerator.<>c.<MoveNext>b__21_0(DbContext _, Enumerator enumerator)
   at Microsoft.EntityFrameworkCore.SqlServer.Storage.Internal.SqlServerExecutionStrategy.Execute[TState,TResult](TState state, Func`3 operation, Func`3 verifySucceeded)
   at Microsoft.EntityFrameworkCore.Query.Internal.SingleQueryingEnumerable`1.Enumerator.MoveNext()
ClientConnectionId:89015fd8-d48b-4b59-8d19-818be613b9f8
Error Number:40615,State:1,Class:14Microsoft.Data.SqlClient.SqlException (0x80131904): Cannot open server 'dotnet-training-server' requested by the login. Client with IP address '49.206.116.97' is not allowed to access the server.  To enable access, use the Windows Azure Management Portal or run sp_set_firewall_rule on the master database to create a firewall rule for this IP address or address range.  It may take up to five minutes for this change to take effect.
   at Microsoft.Data.ProviderBase.DbConnectionPool.CheckPoolBlockingPeriod(Exception e)
   at Microsoft.Data.ProviderBase.DbConnectionPool.CreateObject(DbConnection owningObject, DbConnectionOptions userOptions, DbConnectionInternal oldConnection)
   at Microsoft.Data.ProviderBase.DbConnectionPool.UserCreateRequest(DbConnection owningObject, DbConnectionOptions userOptions, DbConnectionInternal oldConnection)
   at Microsoft.Data.ProviderBase.DbConnectionPool.TryGetConnection(DbConnection owningObject, UInt32 waitForMultipleObjectsTimeout, Boolean allowCreate, Boolean onlyOneCheckConnection, DbConnectionOptions userOptions, DbConnectionInternal& connection)
   at Microsoft.Data.ProviderBase.DbConnectionPool.TryGetConnection(DbConnection owningObject, TaskCompletionSource`1 retry, DbConnectionOptions userOptions, DbConnectionInternal& connection)
   at Microsoft.Data.ProviderBase.DbConnectionFactory.TryGetConnection(DbConnection owningConnection, TaskCompletionSource`1 retry, DbConnectionOptions userOptions, DbConnectionInternal oldConnection, DbConnectionInternal& connection)
   at Microsoft.Data.ProviderBase.DbConnectionInternal.TryOpenConnectionInternal(DbConnection outerConnection, DbConnectionFactory connectionFactory, TaskCompletionSource`1 retry, DbConnectionOptions userOptions)
   at Microsoft.Data.ProviderBase.DbConnectionClosed.TryOpenConnection(DbConnection outerConnection, DbConnectionFactory connectionFactory, TaskCompletionSource`1 retry, DbConnectionOptions userOptions)
   at Microsoft.Data.SqlClient.SqlConnection.TryOpen(TaskCompletionSource`1 retry, SqlConnectionOverrides overrides)
   at Microsoft.Data.SqlClient.SqlConnection.Open(SqlConnectionOverrides overrides)
   at Microsoft.Data.SqlClient.SqlConnection.Open()
   at Microsoft.EntityFrameworkCore.SqlServer.Storage.Internal.SqlServerConnection.OpenDbConnection(Boolean errorsExpected)
   at Microsoft.EntityFrameworkCore.Storage.RelationalConnection.OpenInternal(Boolean errorsExpected)
   at Microsoft.EntityFrameworkCore.Storage.RelationalConnection.Open(Boolean errorsExpected)
   at Microsoft.EntityFrameworkCore.Storage.RelationalCommand.ExecuteReader(RelationalCommandParameterObject parameterObject)
   at Microsoft.EntityFrameworkCore.Query.Internal.SingleQueryingEnumerable`1.Enumerator.InitializeReader(Enumerator enumerator)
   at Microsoft.EntityFrameworkCore.Query.Internal.SingleQueryingEnumerable`1.Enumerator.<>c.<MoveNext>b__21_0(DbContext _, Enumerator enumerator)
   at Microsoft.EntityFrameworkCore.SqlServer.Storage.Internal.SqlServerExecutionStrategy.Execute[TState,TResult](TState state, Func`3 operation, Func`3 verifySucceeded)
   at Microsoft.EntityFrameworkCore.Query.Internal.SingleQueryingEnumerable`1.Enumerator.MoveNext()
ClientConnectionId:89015fd8-d48b-4b59-8d19-818be613b9f8
Error Number:40615,State:1,Class:14

2023-01-18 20:01:37.757 +05:30  ERR  Exception in Add Employee Method : Cannot open server 'dotnet-training-server' requested by the login. Client with IP address '49.206.116.97' is not allowed to access the server.  To enable access, use the Windows Azure Management Portal or run sp_set_firewall_rule on the master database to create a firewall rule for this IP address or address range.  It may take up to five minutes for this change to take effect.
2023-01-18 20:01:37.760 +05:30  INF  Executing NotFoundObjectResult, writing value of type 'System.String'.
2023-01-18 20:01:37.765 +05:30  INF  Executed action AttendanceTracking.Controllers.EmployeeController.AddEmployee (AttendanceTracking) in 3190.5188ms
2023-01-18 20:01:37.766 +05:30  INF  Executed endpoint 'AttendanceTracking.Controllers.EmployeeController.AddEmployee (AttendanceTracking)'
2023-01-18 20:01:37.775 +05:30  INF  Request finished HTTP/1.1 POST http://localhost:5073/AddEmployee multipart/form-data;+boundary=----WebKitFormBoundary5u6amAR4IOkqA1Sf 4291 - 404 - text/plain;+charset=utf-8 3253.7203ms
2023-01-18 20:02:23.432 +05:30  INF  Request starting HTTP/1.1 POST http://localhost:5073/AddEmployee multipart/form-data;+boundary=----WebKitFormBoundary0L45BCQKmRE3iEqE 4291
2023-01-18 20:02:23.434 +05:30  INF  Executing endpoint 'AttendanceTracking.Controllers.EmployeeController.AddEmployee (AttendanceTracking)'
2023-01-18 20:02:23.435 +05:30  INF  Route matched with {action = "AddEmployee", controller = "Employee"}. Executing controller action with signature Microsoft.AspNetCore.Mvc.IActionResult AddEmployee(AttendanceTracking.Data.ViewModels.EmployeeVM) on controller AttendanceTracking.Controllers.EmployeeController (AttendanceTracking).
2023-01-18 20:02:24.780 +05:30  ERR  An error occurred using the connection to database 'attendance' on server 'tcp:dotnet-training-server.database.windows.net,1433'.
2023-01-18 20:02:24.781 +05:30  ERR  An exception occurred while iterating over the results of a query for context type 'AttendanceTracking.Data.DbInitializer'.
Microsoft.Data.SqlClient.SqlException (0x80131904): Cannot open server 'dotnet-training-server' requested by the login. Client with IP address '49.206.116.97' is not allowed to access the server.  To enable access, use the Windows Azure Management Portal or run sp_set_firewall_rule on the master database to create a firewall rule for this IP address or address range.  It may take up to five minutes for this change to take effect.
   at Microsoft.Data.ProviderBase.DbConnectionPool.CheckPoolBlockingPeriod(Exception e)
   at Microsoft.Data.ProviderBase.DbConnectionPool.CreateObject(DbConnection owningObject, DbConnectionOptions userOptions, DbConnectionInternal oldConnection)
   at Microsoft.Data.ProviderBase.DbConnectionPool.UserCreateRequest(DbConnection owningObject, DbConnectionOptions userOptions, DbConnectionInternal oldConnection)
   at Microsoft.Data.ProviderBase.DbConnectionPool.TryGetConnection(DbConnection owningObject, UInt32 waitForMultipleObjectsTimeout, Boolean allowCreate, Boolean onlyOneCheckConnection, DbConnectionOptions userOptions, DbConnectionInternal& connection)
   at Microsoft.Data.ProviderBase.DbConnectionPool.TryGetConnection(DbConnection owningObject, TaskCompletionSource`1 retry, DbConnectionOptions userOptions, DbConnectionInternal& connection)
   at Microsoft.Data.ProviderBase.DbConnectionFactory.TryGetConnection(DbConnection owningConnection, TaskCompletionSource`1 retry, DbConnectionOptions userOptions, DbConnectionInternal oldConnection, DbConnectionInternal& connection)
   at Microsoft.Data.ProviderBase.DbConnectionInternal.TryOpenConnectionInternal(DbConnection outerConnection, DbConnectionFactory connectionFactory, TaskCompletionSource`1 retry, DbConnectionOptions userOptions)
   at Microsoft.Data.ProviderBase.DbConnectionClosed.TryOpenConnection(DbConnection outerConnection, DbConnectionFactory connectionFactory, TaskCompletionSource`1 retry, DbConnectionOptions userOptions)
   at Microsoft.Data.SqlClient.SqlConnection.TryOpen(TaskCompletionSource`1 retry, SqlConnectionOverrides overrides)
   at Microsoft.Data.SqlClient.SqlConnection.Open(SqlConnectionOverrides overrides)
   at Microsoft.Data.SqlClient.SqlConnection.Open()
   at Microsoft.EntityFrameworkCore.SqlServer.Storage.Internal.SqlServerConnection.OpenDbConnection(Boolean errorsExpected)
   at Microsoft.EntityFrameworkCore.Storage.RelationalConnection.OpenInternal(Boolean errorsExpected)
   at Microsoft.EntityFrameworkCore.Storage.RelationalConnection.Open(Boolean errorsExpected)
   at Microsoft.EntityFrameworkCore.Storage.RelationalCommand.ExecuteReader(RelationalCommandParameterObject parameterObject)
   at Microsoft.EntityFrameworkCore.Query.Internal.SingleQueryingEnumerable`1.Enumerator.InitializeReader(Enumerator enumerator)
   at Microsoft.EntityFrameworkCore.Query.Internal.SingleQueryingEnumerable`1.Enumerator.<>c.<MoveNext>b__21_0(DbContext _, Enumerator enumerator)
   at Microsoft.EntityFrameworkCore.SqlServer.Storage.Internal.SqlServerExecutionStrategy.Execute[TState,TResult](TState state, Func`3 operation, Func`3 verifySucceeded)
   at Microsoft.EntityFrameworkCore.Query.Internal.SingleQueryingEnumerable`1.Enumerator.MoveNext()
ClientConnectionId:1f6d74e5-a607-4d94-8a5f-5a7a5e0ea847
Error Number:40615,State:1,Class:14Microsoft.Data.SqlClient.SqlException (0x80131904): Cannot open server 'dotnet-training-server' requested by the login. Client with IP address '49.206.116.97' is not allowed to access the server.  To enable access, use the Windows Azure Management Portal or run sp_set_firewall_rule on the master database to create a firewall rule for this IP address or address range.  It may take up to five minutes for this change to take effect.
   at Microsoft.Data.ProviderBase.DbConnectionPool.CheckPoolBlockingPeriod(Exception e)
   at Microsoft.Data.ProviderBase.DbConnectionPool.CreateObject(DbConnection owningObject, DbConnectionOptions userOptions, DbConnectionInternal oldConnection)
   at Microsoft.Data.ProviderBase.DbConnectionPool.UserCreateRequest(DbConnection owningObject, DbConnectionOptions userOptions, DbConnectionInternal oldConnection)
   at Microsoft.Data.ProviderBase.DbConnectionPool.TryGetConnection(DbConnection owningObject, UInt32 waitForMultipleObjectsTimeout, Boolean allowCreate, Boolean onlyOneCheckConnection, DbConnectionOptions userOptions, DbConnectionInternal& connection)
   at Microsoft.Data.ProviderBase.DbConnectionPool.TryGetConnection(DbConnection owningObject, TaskCompletionSource`1 retry, DbConnectionOptions userOptions, DbConnectionInternal& connection)
   at Microsoft.Data.ProviderBase.DbConnectionFactory.TryGetConnection(DbConnection owningConnection, TaskCompletionSource`1 retry, DbConnectionOptions userOptions, DbConnectionInternal oldConnection, DbConnectionInternal& connection)
   at Microsoft.Data.ProviderBase.DbConnectionInternal.TryOpenConnectionInternal(DbConnection outerConnection, DbConnectionFactory connectionFactory, TaskCompletionSource`1 retry, DbConnectionOptions userOptions)
   at Microsoft.Data.ProviderBase.DbConnectionClosed.TryOpenConnection(DbConnection outerConnection, DbConnectionFactory connectionFactory, TaskCompletionSource`1 retry, DbConnectionOptions userOptions)
   at Microsoft.Data.SqlClient.SqlConnection.TryOpen(TaskCompletionSource`1 retry, SqlConnectionOverrides overrides)
   at Microsoft.Data.SqlClient.SqlConnection.Open(SqlConnectionOverrides overrides)
   at Microsoft.Data.SqlClient.SqlConnection.Open()
   at Microsoft.EntityFrameworkCore.SqlServer.Storage.Internal.SqlServerConnection.OpenDbConnection(Boolean errorsExpected)
   at Microsoft.EntityFrameworkCore.Storage.RelationalConnection.OpenInternal(Boolean errorsExpected)
   at Microsoft.EntityFrameworkCore.Storage.RelationalConnection.Open(Boolean errorsExpected)
   at Microsoft.EntityFrameworkCore.Storage.RelationalCommand.ExecuteReader(RelationalCommandParameterObject parameterObject)
   at Microsoft.EntityFrameworkCore.Query.Internal.SingleQueryingEnumerable`1.Enumerator.InitializeReader(Enumerator enumerator)
   at Microsoft.EntityFrameworkCore.Query.Internal.SingleQueryingEnumerable`1.Enumerator.<>c.<MoveNext>b__21_0(DbContext _, Enumerator enumerator)
   at Microsoft.EntityFrameworkCore.SqlServer.Storage.Internal.SqlServerExecutionStrategy.Execute[TState,TResult](TState state, Func`3 operation, Func`3 verifySucceeded)
   at Microsoft.EntityFrameworkCore.Query.Internal.SingleQueryingEnumerable`1.Enumerator.MoveNext()
ClientConnectionId:1f6d74e5-a607-4d94-8a5f-5a7a5e0ea847
Error Number:40615,State:1,Class:14

2023-01-18 20:02:24.781 +05:30  ERR  Exception in Add Employee Method : Cannot open server 'dotnet-training-server' requested by the login. Client with IP address '49.206.116.97' is not allowed to access the server.  To enable access, use the Windows Azure Management Portal or run sp_set_firewall_rule on the master database to create a firewall rule for this IP address or address range.  It may take up to five minutes for this change to take effect.
2023-01-18 20:02:24.782 +05:30  INF  Executing NotFoundObjectResult, writing value of type 'System.String'.
2023-01-18 20:02:24.783 +05:30  INF  Executed action AttendanceTracking.Controllers.EmployeeController.AddEmployee (AttendanceTracking) in 1347.6718ms
2023-01-18 20:02:24.783 +05:30  INF  Executed endpoint 'AttendanceTracking.Controllers.EmployeeController.AddEmployee (AttendanceTracking)'
2023-01-18 20:02:24.783 +05:30  INF  Request finished HTTP/1.1 POST http://localhost:5073/AddEmployee multipart/form-data;+boundary=----WebKitFormBoundary0L45BCQKmRE3iEqE 4291 - 404 - text/plain;+charset=utf-8 1351.2548ms
2023-01-18 20:03:14.483 +05:30  INF  Application is shutting down...
2023-01-18 20:03:35.013 +05:30  INF  Now listening on: http://localhost:5073
2023-01-18 20:03:35.037 +05:30  INF  Application started. Press Ctrl+C to shut down.
2023-01-18 20:03:35.038 +05:30  INF  Hosting environment: Development
2023-01-18 20:03:35.038 +05:30  INF  Content root path: /Users/presidio_cbe/Documents/AttendanceTracking/AttendanceTracking
2023-01-18 20:04:35.018 +05:30  INF  Request starting HTTP/1.1 GET http://localhost:5073/swagger/index.html - -
2023-01-18 20:04:35.146 +05:30  INF  Request finished HTTP/1.1 GET http://localhost:5073/swagger/index.html - - - 200 - text/html;charset=utf-8 130.3309ms
2023-01-18 20:04:35.487 +05:30  INF  Request starting HTTP/1.1 GET http://localhost:5073/swagger/v1/swagger.json - -
2023-01-18 20:04:35.608 +05:30  INF  Request finished HTTP/1.1 GET http://localhost:5073/swagger/v1/swagger.json - - - 200 - application/json;charset=utf-8 121.2466ms
2023-01-18 20:05:34.725 +05:30  INF  Request starting HTTP/1.1 POST http://localhost:5073/AddEmployee multipart/form-data;+boundary=----WebKitFormBoundary96LyOmBnPzUmBHin 4291
2023-01-18 20:05:34.730 +05:30  WRN  Failed to determine the https port for redirect.
2023-01-18 20:05:34.736 +05:30  INF  Executing endpoint 'AttendanceTracking.Controllers.EmployeeController.AddEmployee (AttendanceTracking)'
2023-01-18 20:05:34.762 +05:30  INF  Route matched with {action = "AddEmployee", controller = "Employee"}. Executing controller action with signature Microsoft.AspNetCore.Mvc.IActionResult AddEmployee(AttendanceTracking.Data.ViewModels.EmployeeVM) on controller AttendanceTracking.Controllers.EmployeeController (AttendanceTracking).
2023-01-18 20:05:37.805 +05:30  ERR  Failed executing DbCommand (265ms) [Parameters=[@__employeeEmail_0='?' (Size = 4000)], CommandType='"Text"', CommandTimeout='30']
SELECT TOP(1) [e].[employeeId], [e].[employeeEmail], [e].[employeeName], [e].[managerId], [e].[profileImageUrl]
FROM [employees] AS [e]
WHERE [e].[employeeEmail] = @__employeeEmail_0
2023-01-18 20:05:37.819 +05:30  ERR  An exception occurred while iterating over the results of a query for context type 'AttendanceTracking.Data.DbInitializer'.
Microsoft.Data.SqlClient.SqlException (0x80131904): Invalid column name 'profileImageUrl'.
   at Microsoft.Data.SqlClient.SqlConnection.OnError(SqlException exception, Boolean breakConnection, Action`1 wrapCloseInAction)
   at Microsoft.Data.SqlClient.SqlInternalConnection.OnError(SqlException exception, Boolean breakConnection, Action`1 wrapCloseInAction)
   at Microsoft.Data.SqlClient.TdsParser.ThrowExceptionAndWarning(TdsParserStateObject stateObj, Boolean callerHasConnectionLock, Boolean asyncClose)
   at Microsoft.Data.SqlClient.TdsParser.TryRun(RunBehavior runBehavior, SqlCommand cmdHandler, SqlDataReader dataStream, BulkCopySimpleResultSet bulkCopyHandler, TdsParserStateObject stateObj, Boolean& dataReady)
   at Microsoft.Data.SqlClient.SqlDataReader.TryConsumeMetaData()
   at Microsoft.Data.SqlClient.SqlDataReader.get_MetaData()
   at Microsoft.Data.SqlClient.SqlCommand.FinishExecuteReader(SqlDataReader ds, RunBehavior runBehavior, String resetOptionsString, Boolean isInternal, Boolean forDescribeParameterEncryption, Boolean shouldCacheForAlwaysEncrypted)
   at Microsoft.Data.SqlClient.SqlCommand.RunExecuteReaderTds(CommandBehavior cmdBehavior, RunBehavior runBehavior, Boolean returnStream, Boolean isAsync, Int32 timeout, Task& task, Boolean asyncWrite, Boolean inRetry, SqlDataReader ds, Boolean describeParameterEncryptionRequest)
   at Microsoft.Data.SqlClient.SqlCommand.RunExecuteReader(CommandBehavior cmdBehavior, RunBehavior runBehavior, Boolean returnStream, TaskCompletionSource`1 completion, Int32 timeout, Task& task, Boolean& usedCache, Boolean asyncWrite, Boolean inRetry, String method)
   at Microsoft.Data.SqlClient.SqlCommand.RunExecuteReader(CommandBehavior cmdBehavior, RunBehavior runBehavior, Boolean returnStream, String method)
   at Microsoft.Data.SqlClient.SqlCommand.ExecuteReader(CommandBehavior behavior)
   at Microsoft.Data.SqlClient.SqlCommand.ExecuteDbDataReader(CommandBehavior behavior)
   at Microsoft.EntityFrameworkCore.Storage.RelationalCommand.ExecuteReader(RelationalCommandParameterObject parameterObject)
   at Microsoft.EntityFrameworkCore.Query.Internal.SingleQueryingEnumerable`1.Enumerator.InitializeReader(Enumerator enumerator)
   at Microsoft.EntityFrameworkCore.Query.Internal.SingleQueryingEnumerable`1.Enumerator.<>c.<MoveNext>b__21_0(DbContext _, Enumerator enumerator)
   at Microsoft.EntityFrameworkCore.SqlServer.Storage.Internal.SqlServerExecutionStrategy.Execute[TState,TResult](TState state, Func`3 operation, Func`3 verifySucceeded)
   at Microsoft.EntityFrameworkCore.Query.Internal.SingleQueryingEnumerable`1.Enumerator.MoveNext()
ClientConnectionId:85ffcd4d-0f88-45a4-a899-58ab5a673f2f
Error Number:207,State:1,Class:16Microsoft.Data.SqlClient.SqlException (0x80131904): Invalid column name 'profileImageUrl'.
   at Microsoft.Data.SqlClient.SqlConnection.OnError(SqlException exception, Boolean breakConnection, Action`1 wrapCloseInAction)
   at Microsoft.Data.SqlClient.SqlInternalConnection.OnError(SqlException exception, Boolean breakConnection, Action`1 wrapCloseInAction)
   at Microsoft.Data.SqlClient.TdsParser.ThrowExceptionAndWarning(TdsParserStateObject stateObj, Boolean callerHasConnectionLock, Boolean asyncClose)
   at Microsoft.Data.SqlClient.TdsParser.TryRun(RunBehavior runBehavior, SqlCommand cmdHandler, SqlDataReader dataStream, BulkCopySimpleResultSet bulkCopyHandler, TdsParserStateObject stateObj, Boolean& dataReady)
   at Microsoft.Data.SqlClient.SqlDataReader.TryConsumeMetaData()
   at Microsoft.Data.SqlClient.SqlDataReader.get_MetaData()
   at Microsoft.Data.SqlClient.SqlCommand.FinishExecuteReader(SqlDataReader ds, RunBehavior runBehavior, String resetOptionsString, Boolean isInternal, Boolean forDescribeParameterEncryption, Boolean shouldCacheForAlwaysEncrypted)
   at Microsoft.Data.SqlClient.SqlCommand.RunExecuteReaderTds(CommandBehavior cmdBehavior, RunBehavior runBehavior, Boolean returnStream, Boolean isAsync, Int32 timeout, Task& task, Boolean asyncWrite, Boolean inRetry, SqlDataReader ds, Boolean describeParameterEncryptionRequest)
   at Microsoft.Data.SqlClient.SqlCommand.RunExecuteReader(CommandBehavior cmdBehavior, RunBehavior runBehavior, Boolean returnStream, TaskCompletionSource`1 completion, Int32 timeout, Task& task, Boolean& usedCache, Boolean asyncWrite, Boolean inRetry, String method)
   at Microsoft.Data.SqlClient.SqlCommand.RunExecuteReader(CommandBehavior cmdBehavior, RunBehavior runBehavior, Boolean returnStream, String method)
   at Microsoft.Data.SqlClient.SqlCommand.ExecuteReader(CommandBehavior behavior)
   at Microsoft.Data.SqlClient.SqlCommand.ExecuteDbDataReader(CommandBehavior behavior)
   at Microsoft.EntityFrameworkCore.Storage.RelationalCommand.ExecuteReader(RelationalCommandParameterObject parameterObject)
   at Microsoft.EntityFrameworkCore.Query.Internal.SingleQueryingEnumerable`1.Enumerator.InitializeReader(Enumerator enumerator)
   at Microsoft.EntityFrameworkCore.Query.Internal.SingleQueryingEnumerable`1.Enumerator.<>c.<MoveNext>b__21_0(DbContext _, Enumerator enumerator)
   at Microsoft.EntityFrameworkCore.SqlServer.Storage.Internal.SqlServerExecutionStrategy.Execute[TState,TResult](TState state, Func`3 operation, Func`3 verifySucceeded)
   at Microsoft.EntityFrameworkCore.Query.Internal.SingleQueryingEnumerable`1.Enumerator.MoveNext()
ClientConnectionId:85ffcd4d-0f88-45a4-a899-58ab5a673f2f
Error Number:207,State:1,Class:16

2023-01-18 20:05:37.820 +05:30  ERR  Exception in Add Employee Method : Invalid column name 'profileImageUrl'.
2023-01-18 20:05:37.824 +05:30  INF  Executing NotFoundObjectResult, writing value of type 'System.String'.
2023-01-18 20:05:37.829 +05:30  INF  Executed action AttendanceTracking.Controllers.EmployeeController.AddEmployee (AttendanceTracking) in 3063.2613ms
2023-01-18 20:05:37.829 +05:30  INF  Executed endpoint 'AttendanceTracking.Controllers.EmployeeController.AddEmployee (AttendanceTracking)'
2023-01-18 20:05:37.837 +05:30  INF  Request finished HTTP/1.1 POST http://localhost:5073/AddEmployee multipart/form-data;+boundary=----WebKitFormBoundary96LyOmBnPzUmBHin 4291 - 404 - text/plain;+charset=utf-8 3112.4601ms
2023-01-18 20:10:52.241 +05:30  INF  Application is shutting down...
2023-01-18 20:13:20.400 +05:30  INF  Executed DbCommand (253ms) [Parameters=[], CommandType='"Text"', CommandTimeout='30']
SELECT 1
2023-01-18 20:13:20.680 +05:30  INF  Executed DbCommand (243ms) [Parameters=[], CommandType='"Text"', CommandTimeout='30']
SELECT OBJECT_ID(N'[__EFMigrationsHistory]');
2023-01-18 20:13:20.922 +05:30  INF  Executed DbCommand (241ms) [Parameters=[], CommandType='"Text"', CommandTimeout='30']
SELECT 1
2023-01-18 20:13:21.288 +05:30  INF  Executed DbCommand (289ms) [Parameters=[], CommandType='"Text"', CommandTimeout='30']
CREATE TABLE [__EFMigrationsHistory] (
    [MigrationId] nvarchar(150) NOT NULL,
    [ProductVersion] nvarchar(32) NOT NULL,
    CONSTRAINT [PK___EFMigrationsHistory] PRIMARY KEY ([MigrationId])
);
2023-01-18 20:13:21.519 +05:30  INF  Executed DbCommand (229ms) [Parameters=[], CommandType='"Text"', CommandTimeout='30']
SELECT 1
2023-01-18 20:13:21.751 +05:30  INF  Executed DbCommand (231ms) [Parameters=[], CommandType='"Text"', CommandTimeout='30']
SELECT OBJECT_ID(N'[__EFMigrationsHistory]');
2023-01-18 20:13:21.984 +05:30  INF  Executed DbCommand (231ms) [Parameters=[], CommandType='"Text"', CommandTimeout='30']
SELECT [MigrationId], [ProductVersion]
FROM [__EFMigrationsHistory]
ORDER BY [MigrationId];
2023-01-18 20:13:21.999 +05:30  INF  Applying migration '20230118144245_migration_v1'.
2023-01-18 20:13:22.528 +05:30  INF  Executed DbCommand (231ms) [Parameters=[], CommandType='"Text"', CommandTimeout='30']
CREATE TABLE [departments] (
    [departmentId] int NOT NULL IDENTITY,
    [departmentName] nvarchar(max) NOT NULL,
    CONSTRAINT [PK_departments] PRIMARY KEY ([departmentId])
);
2023-01-18 20:13:22.761 +05:30  INF  Executed DbCommand (232ms) [Parameters=[], CommandType='"Text"', CommandTimeout='30']
CREATE TABLE [managers] (
    [managerId] int NOT NULL IDENTITY,
    [managerName] nvarchar(max) NOT NULL,
    [managerEmail] nvarchar(max) NOT NULL,
    [departmentId] int NOT NULL,
    CONSTRAINT [PK_managers] PRIMARY KEY ([managerId]),
    CONSTRAINT [FK_managers_departments_departmentId] FOREIGN KEY ([departmentId]) REFERENCES [departments] ([departmentId]) ON DELETE CASCADE
);
2023-01-18 20:13:22.992 +05:30  INF  Executed DbCommand (231ms) [Parameters=[], CommandType='"Text"', CommandTimeout='30']
CREATE TABLE [employees] (
    [employeeId] int NOT NULL IDENTITY,
    [employeeName] nvarchar(max) NOT NULL,
    [employeeEmail] nvarchar(max) NOT NULL,
    [profileImageUrl] nvarchar(max) NOT NULL,
    [managerId] int NOT NULL,
    CONSTRAINT [PK_employees] PRIMARY KEY ([employeeId]),
    CONSTRAINT [FK_employees_managers_managerId] FOREIGN KEY ([managerId]) REFERENCES [managers] ([managerId]) ON DELETE CASCADE
);
2023-01-18 20:13:23.223 +05:30  INF  Executed DbCommand (231ms) [Parameters=[], CommandType='"Text"', CommandTimeout='30']
CREATE TABLE [attendances] (
    [id] int NOT NULL IDENTITY,
    [date] datetime2 NOT NULL,
    [checkInTime] datetime2 NOT NULL,
    [checkOutTime] datetime2 NULL,
    [employeeId] int NOT NULL,
    CONSTRAINT [PK_attendances] PRIMARY KEY ([id]),
    CONSTRAINT [FK_attendances_employees_employeeId] FOREIGN KEY ([employeeId]) REFERENCES [employees] ([employeeId]) ON DELETE CASCADE
);
2023-01-18 20:13:23.454 +05:30  INF  Executed DbCommand (231ms) [Parameters=[], CommandType='"Text"', CommandTimeout='30']
CREATE INDEX [IX_attendances_employeeId] ON [attendances] ([employeeId]);
2023-01-18 20:13:23.684 +05:30  INF  Executed DbCommand (230ms) [Parameters=[], CommandType='"Text"', CommandTimeout='30']
CREATE INDEX [IX_employees_managerId] ON [employees] ([managerId]);
2023-01-18 20:13:23.914 +05:30  INF  Executed DbCommand (230ms) [Parameters=[], CommandType='"Text"', CommandTimeout='30']
CREATE INDEX [IX_managers_departmentId] ON [managers] ([departmentId]);
2023-01-18 20:13:24.151 +05:30  INF  Executed DbCommand (237ms) [Parameters=[], CommandType='"Text"', CommandTimeout='30']
INSERT INTO [__EFMigrationsHistory] ([MigrationId], [ProductVersion])
VALUES (N'20230118144245_migration_v1', N'7.0.1');
2023-01-18 20:13:46.725 +05:30  INF  Now listening on: http://localhost:5073
2023-01-18 20:13:46.760 +05:30  INF  Application started. Press Ctrl+C to shut down.
2023-01-18 20:13:46.761 +05:30  INF  Hosting environment: Development
2023-01-18 20:13:46.761 +05:30  INF  Content root path: /Users/presidio_cbe/Documents/AttendanceTracking/AttendanceTracking
2023-01-18 20:13:47.543 +05:30  INF  Request starting HTTP/1.1 GET http://localhost:5073/swagger/index.html - -
2023-01-18 20:13:47.668 +05:30  INF  Request finished HTTP/1.1 GET http://localhost:5073/swagger/index.html - - - 200 - text/html;charset=utf-8 126.6419ms
2023-01-18 20:13:47.685 +05:30  INF  Request starting HTTP/1.1 GET http://localhost:5073/swagger/swagger-ui-standalone-preset.js - -
2023-01-18 20:13:47.687 +05:30  INF  Request starting HTTP/1.1 GET http://localhost:5073/swagger/swagger-ui-bundle.js - -
2023-01-18 20:13:47.721 +05:30  INF  Sending file. Request path: '/swagger-ui-bundle.js'. Physical path: 'N/A'
2023-01-18 20:13:47.721 +05:30  INF  Sending file. Request path: '/swagger-ui-standalone-preset.js'. Physical path: 'N/A'
2023-01-18 20:13:47.723 +05:30  INF  Request finished HTTP/1.1 GET http://localhost:5073/swagger/swagger-ui-standalone-preset.js - - - 200 339486 text/javascript 38.5650ms
2023-01-18 20:13:47.723 +05:30  INF  Request finished HTTP/1.1 GET http://localhost:5073/swagger/swagger-ui-bundle.js - - - 200 1096145 text/javascript 36.6626ms
2023-01-18 20:13:48.248 +05:30  INF  Request starting HTTP/1.1 GET http://localhost:5073/swagger/v1/swagger.json - -
2023-01-18 20:13:48.371 +05:30  INF  Request finished HTTP/1.1 GET http://localhost:5073/swagger/v1/swagger.json - - - 200 - application/json;charset=utf-8 123.0675ms
2023-01-18 20:14:09.566 +05:30  INF  Request starting HTTP/1.1 POST http://localhost:5073/AddDepartment application/json 32
2023-01-18 20:14:09.581 +05:30  WRN  Failed to determine the https port for redirect.
2023-01-18 20:14:09.588 +05:30  INF  Executing endpoint 'AttendanceTracking.Controllers.DepartmentController.AddDepartment (AttendanceTracking)'
2023-01-18 20:14:09.623 +05:30  INF  Route matched with {action = "AddDepartment", controller = "Department"}. Executing controller action with signature Microsoft.AspNetCore.Mvc.IActionResult AddDepartment(AttendanceTracking.Models.Department) on controller AttendanceTracking.Controllers.DepartmentController (AttendanceTracking).
2023-01-18 20:14:13.846 +05:30  INF  Executed DbCommand (285ms) [Parameters=[@__departmentName_0='?' (Size = 4000)], CommandType='"Text"', CommandTimeout='30']
SELECT TOP(1) [d].[departmentId], [d].[departmentName]
FROM [departments] AS [d]
WHERE [d].[departmentName] = @__departmentName_0
2023-01-18 20:14:14.439 +05:30  INF  Executed DbCommand (244ms) [Parameters=[@p0='?' (Size = 4000)], CommandType='"Text"', CommandTimeout='30']
SET IMPLICIT_TRANSACTIONS OFF;
SET NOCOUNT ON;
INSERT INTO [departments] ([departmentName])
OUTPUT INSERTED.[departmentId]
VALUES (@p0);
2023-01-18 20:14:14.503 +05:30  INF  Executing OkObjectResult, writing value of type 'System.String'.
2023-01-18 20:14:14.518 +05:30  INF  Executed action AttendanceTracking.Controllers.DepartmentController.AddDepartment (AttendanceTracking) in 4880.8424ms
2023-01-18 20:14:14.519 +05:30  INF  Executed endpoint 'AttendanceTracking.Controllers.DepartmentController.AddDepartment (AttendanceTracking)'
2023-01-18 20:14:14.535 +05:30  INF  Request finished HTTP/1.1 POST http://localhost:5073/AddDepartment application/json 32 - 200 - text/plain;+charset=utf-8 4968.4094ms
2023-01-18 20:14:39.545 +05:30  INF  Request starting HTTP/1.1 POST http://localhost:5073/AddManager application/json 84
2023-01-18 20:14:39.547 +05:30  INF  Executing endpoint 'AttendanceTracking.Controllers.ManagerController.AddManager (AttendanceTracking)'
2023-01-18 20:14:39.556 +05:30  INF  Route matched with {action = "AddManager", controller = "Manager"}. Executing controller action with signature Microsoft.AspNetCore.Mvc.IActionResult AddManager(AttendanceTracking.Data.ViewModels.ManagerVM) on controller AttendanceTracking.Controllers.ManagerController (AttendanceTracking).
2023-01-18 20:14:40.211 +05:30  INF  Executed DbCommand (229ms) [Parameters=[@__managerEmail_0='?' (Size = 4000)], CommandType='"Text"', CommandTimeout='30']
SELECT TOP(1) [m].[managerId], [m].[departmentId], [m].[managerEmail], [m].[managerName]
FROM [managers] AS [m]
WHERE [m].[managerEmail] = @__managerEmail_0
2023-01-18 20:14:40.528 +05:30  INF  Executed DbCommand (243ms) [Parameters=[@p0='?' (DbType = Int32), @p1='?' (Size = 4000), @p2='?' (Size = 4000)], CommandType='"Text"', CommandTimeout='30']
SET IMPLICIT_TRANSACTIONS OFF;
SET NOCOUNT ON;
INSERT INTO [managers] ([departmentId], [managerEmail], [managerName])
OUTPUT INSERTED.[managerId]
VALUES (@p0, @p1, @p2);
2023-01-18 20:14:40.543 +05:30  INF  Executing OkObjectResult, writing value of type 'System.String'.
2023-01-18 20:14:40.553 +05:30  INF  Executed action AttendanceTracking.Controllers.ManagerController.AddManager (AttendanceTracking) in 996.6793ms
2023-01-18 20:14:40.553 +05:30  INF  Executed endpoint 'AttendanceTracking.Controllers.ManagerController.AddManager (AttendanceTracking)'
2023-01-18 20:14:40.556 +05:30  INF  Request finished HTTP/1.1 POST http://localhost:5073/AddManager application/json 84 - 200 - text/plain;+charset=utf-8 1011.5587ms
2023-01-18 20:16:38.269 +05:30  INF  Request starting HTTP/1.1 POST http://localhost:5073/AddEmployee multipart/form-data;+boundary=----WebKitFormBoundaryygvcAMX7xEpBatFX 4285
2023-01-18 20:16:38.270 +05:30  INF  Executing endpoint 'AttendanceTracking.Controllers.EmployeeController.AddEmployee (AttendanceTracking)'
2023-01-18 20:16:38.286 +05:30  INF  Route matched with {action = "AddEmployee", controller = "Employee"}. Executing controller action with signature Microsoft.AspNetCore.Mvc.IActionResult AddEmployee(AttendanceTracking.Data.ViewModels.EmployeeVM) on controller AttendanceTracking.Controllers.EmployeeController (AttendanceTracking).
2023-01-18 20:16:38.702 +05:30  INF  Executed DbCommand (230ms) [Parameters=[@__employeeEmail_0='?' (Size = 4000)], CommandType='"Text"', CommandTimeout='30']
SELECT TOP(1) [e].[employeeId], [e].[employeeEmail], [e].[employeeName], [e].[managerId], [e].[profileImageUrl]
FROM [employees] AS [e]
WHERE [e].[employeeEmail] = @__employeeEmail_0
2023-01-18 20:16:40.124 +05:30  INF  Executed DbCommand (259ms) [Parameters=[@p0='?' (Size = 4000), @p1='?' (Size = 4000), @p2='?' (DbType = Int32), @p3='?' (Size = 4000)], CommandType='"Text"', CommandTimeout='30']
SET IMPLICIT_TRANSACTIONS OFF;
SET NOCOUNT ON;
INSERT INTO [employees] ([employeeEmail], [employeeName], [managerId], [profileImageUrl])
OUTPUT INSERTED.[employeeId]
VALUES (@p0, @p1, @p2, @p3);
2023-01-18 20:16:40.128 +05:30  INF  Executing OkObjectResult, writing value of type 'System.String'.
2023-01-18 20:16:40.129 +05:30  INF  Executed action AttendanceTracking.Controllers.EmployeeController.AddEmployee (AttendanceTracking) in 1842.3528ms
2023-01-18 20:16:40.129 +05:30  INF  Executed endpoint 'AttendanceTracking.Controllers.EmployeeController.AddEmployee (AttendanceTracking)'
2023-01-18 20:16:40.130 +05:30  INF  Request finished HTTP/1.1 POST http://localhost:5073/AddEmployee multipart/form-data;+boundary=----WebKitFormBoundaryygvcAMX7xEpBatFX 4285 - 200 - text/plain;+charset=utf-8 1861.1596ms
2023-01-18 20:19:59.701 +05:30  INF  Application is shutting down...
2023-01-18 20:20:22.138 +05:30  INF  Now listening on: http://localhost:5073
2023-01-18 20:20:22.175 +05:30  INF  Application started. Press Ctrl+C to shut down.
2023-01-18 20:20:22.176 +05:30  INF  Hosting environment: Development
2023-01-18 20:20:22.176 +05:30  INF  Content root path: /Users/presidio_cbe/Documents/AttendanceTracking/AttendanceTracking
2023-01-18 20:21:29.189 +05:30  INF  Request starting HTTP/1.1 GET http://localhost:5073/swagger/index.html - -
2023-01-18 20:21:29.325 +05:30  INF  Request finished HTTP/1.1 GET http://localhost:5073/swagger/index.html - - - 200 - text/html;charset=utf-8 136.8378ms
2023-01-18 20:21:29.867 +05:30  INF  Request starting HTTP/1.1 GET http://localhost:5073/swagger/v1/swagger.json - -
2023-01-18 20:21:29.993 +05:30  INF  Request finished HTTP/1.1 GET http://localhost:5073/swagger/v1/swagger.json - - - 200 - application/json;charset=utf-8 125.4783ms
2023-01-18 20:22:16.871 +05:30  INF  Request starting HTTP/1.1 POST http://localhost:5073/AddEmployee multipart/form-data;+boundary=----WebKitFormBoundaryJuMn8L3Bch34i6ZA 4285
2023-01-18 20:22:16.876 +05:30  WRN  Failed to determine the https port for redirect.
2023-01-18 20:22:16.884 +05:30  INF  Executing endpoint 'AttendanceTracking.Controllers.EmployeeController.AddEmployee (AttendanceTracking)'
2023-01-18 20:22:16.910 +05:30  INF  Route matched with {action = "AddEmployee", controller = "Employee"}. Executing controller action with signature Microsoft.AspNetCore.Mvc.IActionResult AddEmployee(AttendanceTracking.Data.ViewModels.EmployeeVM) on controller AttendanceTracking.Controllers.EmployeeController (AttendanceTracking).
2023-01-18 20:22:20.029 +05:30  INF  Executed DbCommand (259ms) [Parameters=[@__employeeEmail_0='?' (Size = 4000)], CommandType='"Text"', CommandTimeout='30']
SELECT TOP(1) [e].[employeeId], [e].[employeeEmail], [e].[employeeName], [e].[managerId], [e].[profileImageUrl]
FROM [employees] AS [e]
WHERE [e].[employeeEmail] = @__employeeEmail_0
2023-01-18 20:22:21.518 +05:30  INF  Executed DbCommand (242ms) [Parameters=[@p0='?' (Size = 4000), @p1='?' (Size = 4000), @p2='?' (DbType = Int32), @p3='?' (Size = 4000)], CommandType='"Text"', CommandTimeout='30']
SET IMPLICIT_TRANSACTIONS OFF;
SET NOCOUNT ON;
INSERT INTO [employees] ([employeeEmail], [employeeName], [managerId], [profileImageUrl])
OUTPUT INSERTED.[employeeId]
VALUES (@p0, @p1, @p2, @p3);
2023-01-18 20:22:21.553 +05:30  INF  Executing OkObjectResult, writing value of type 'System.String'.
2023-01-18 20:22:21.558 +05:30  INF  Executed action AttendanceTracking.Controllers.EmployeeController.AddEmployee (AttendanceTracking) in 4643.9549ms
2023-01-18 20:22:21.558 +05:30  INF  Executed endpoint 'AttendanceTracking.Controllers.EmployeeController.AddEmployee (AttendanceTracking)'
2023-01-18 20:22:21.568 +05:30  INF  Request finished HTTP/1.1 POST http://localhost:5073/AddEmployee multipart/form-data;+boundary=----WebKitFormBoundaryJuMn8L3Bch34i6ZA 4285 - 200 - text/plain;+charset=utf-8 4697.5944ms
2023-01-18 23:10:59.277 +05:30  INF  Application is shutting down...
2023-01-18 23:11:20.307 +05:30  INF  Now listening on: http://localhost:5073
2023-01-18 23:11:20.329 +05:30  INF  Application started. Press Ctrl+C to shut down.
2023-01-18 23:11:20.329 +05:30  INF  Hosting environment: Development
2023-01-18 23:11:20.329 +05:30  INF  Content root path: /Users/presidio_cbe/Documents/AttendanceTracking/AttendanceTracking
2023-01-18 23:13:40.711 +05:30  INF  Request starting HTTP/1.1 GET http://localhost:5073/swagger/index.html - -
2023-01-18 23:13:40.844 +05:30  INF  Request finished HTTP/1.1 GET http://localhost:5073/swagger/index.html - - - 200 - text/html;charset=utf-8 135.2574ms
2023-01-18 23:13:40.875 +05:30  INF  Request starting HTTP/1.1 GET http://localhost:5073/swagger/swagger-ui-bundle.js - -
2023-01-18 23:13:40.905 +05:30  INF  Sending file. Request path: '/swagger-ui-bundle.js'. Physical path: 'N/A'
2023-01-18 23:13:40.907 +05:30  INF  Request finished HTTP/1.1 GET http://localhost:5073/swagger/swagger-ui-bundle.js - - - 200 1096145 text/javascript 31.8144ms
2023-01-18 23:13:41.362 +05:30  INF  Request starting HTTP/1.1 GET http://localhost:5073/swagger/v1/swagger.json - -
2023-01-18 23:13:41.468 +05:30  INF  Request finished HTTP/1.1 GET http://localhost:5073/swagger/v1/swagger.json - - - 200 - application/json;charset=utf-8 106.5590ms
2023-01-18 23:14:05.363 +05:30  INF  Request starting HTTP/1.1 POST http://localhost:5073/AddEmployee multipart/form-data;+boundary=----WebKitFormBoundarysNCcjZIDuL9jAACa 4287
2023-01-18 23:14:05.366 +05:30  WRN  Failed to determine the https port for redirect.
2023-01-18 23:14:05.370 +05:30  INF  Executing endpoint 'AttendanceTracking.Controllers.EmployeeController.AddEmployee (AttendanceTracking)'
2023-01-18 23:14:05.393 +05:30  INF  Route matched with {action = "AddEmployee", controller = "Employee"}. Executing controller action with signature Microsoft.AspNetCore.Mvc.IActionResult AddEmployee(AttendanceTracking.Data.ViewModels.EmployeeVM) on controller AttendanceTracking.Controllers.EmployeeController (AttendanceTracking).
2023-01-18 23:14:08.290 +05:30  INF  Executed DbCommand (264ms) [Parameters=[@__employeeEmail_0='?' (Size = 4000)], CommandType='"Text"', CommandTimeout='30']
SELECT TOP(1) [e].[employeeId], [e].[employeeEmail], [e].[employeeName], [e].[managerId], [e].[profileImageUrl]
FROM [employees] AS [e]
WHERE [e].[employeeEmail] = @__employeeEmail_0
2023-01-18 23:14:09.935 +05:30  INF  Executed DbCommand (245ms) [Parameters=[@p0='?' (Size = 4000), @p1='?' (Size = 4000), @p2='?' (DbType = Int32), @p3='?' (Size = 4000)], CommandType='"Text"', CommandTimeout='30']
SET IMPLICIT_TRANSACTIONS OFF;
SET NOCOUNT ON;
INSERT INTO [employees] ([employeeEmail], [employeeName], [managerId], [profileImageUrl])
OUTPUT INSERTED.[employeeId]
VALUES (@p0, @p1, @p2, @p3);
2023-01-18 23:14:09.958 +05:30  INF  Executing OkObjectResult, writing value of type 'System.String'.
2023-01-18 23:14:09.962 +05:30  INF  Executed action AttendanceTracking.Controllers.EmployeeController.AddEmployee (AttendanceTracking) in 4565.4573ms
2023-01-18 23:14:09.962 +05:30  INF  Executed endpoint 'AttendanceTracking.Controllers.EmployeeController.AddEmployee (AttendanceTracking)'
2023-01-18 23:14:09.969 +05:30  INF  Request finished HTTP/1.1 POST http://localhost:5073/AddEmployee multipart/form-data;+boundary=----WebKitFormBoundarysNCcjZIDuL9jAACa 4287 - 200 - text/plain;+charset=utf-8 4606.3625ms
2023-01-18 23:14:27.018 +05:30  INF  Application is shutting down...
