2023-01-10 22:32:48.532 +05:30  INF  Now listening on: http://localhost:5073
2023-01-10 22:32:48.567 +05:30  INF  Application started. Press Ctrl+C to shut down.
2023-01-10 22:32:48.568 +05:30  INF  Hosting environment: Development
2023-01-10 22:32:48.568 +05:30  INF  Content root path: /Users/mageshkumarn/Documents/AttendanceTracking/AttendanceTracking
2023-01-10 22:33:05.971 +05:30  INF  Application is shutting down...
2023-01-10 22:33:09.709 +05:30  INF  Now listening on: http://localhost:5073
2023-01-10 22:33:09.745 +05:30  INF  Application started. Press Ctrl+C to shut down.
2023-01-10 22:33:09.745 +05:30  INF  Hosting environment: Development
2023-01-10 22:33:09.745 +05:30  INF  Content root path: /Users/mageshkumarn/Documents/AttendanceTracking/AttendanceTracking
2023-01-10 22:33:18.271 +05:30  INF  Request starting HTTP/1.1 GET http://localhost:5073/swagger/index.html - -
2023-01-10 22:33:18.402 +05:30  INF  Request finished HTTP/1.1 GET http://localhost:5073/swagger/index.html - - - 200 - text/html;charset=utf-8 134.5883ms
2023-01-10 22:33:18.926 +05:30  INF  Request starting HTTP/1.1 GET http://localhost:5073/swagger/v1/swagger.json - -
2023-01-10 22:33:19.061 +05:30  INF  Request finished HTTP/1.1 GET http://localhost:5073/swagger/v1/swagger.json - - - 200 - application/json;charset=utf-8 134.5923ms
2023-01-10 22:33:24.215 +05:30  INF  Application is shutting down...
2023-01-10 22:33:41.349 +05:30  INF  Now listening on: http://localhost:5073
2023-01-10 22:33:41.384 +05:30  INF  Application started. Press Ctrl+C to shut down.
2023-01-10 22:33:41.385 +05:30  INF  Hosting environment: Development
2023-01-10 22:33:41.385 +05:30  INF  Content root path: /Users/mageshkumarn/Documents/AttendanceTracking/AttendanceTracking
2023-01-10 22:34:30.482 +05:30  INF  Request starting HTTP/1.1 GET http://localhost:5073/swagger/index.html - -
2023-01-10 22:34:30.599 +05:30  INF  Request finished HTTP/1.1 GET http://localhost:5073/swagger/index.html - - - 200 - text/html;charset=utf-8 119.0894ms
2023-01-10 22:34:30.756 +05:30  INF  Request starting HTTP/1.1 GET http://localhost:5073/swagger/v1/swagger.json - -
2023-01-10 22:34:30.888 +05:30  INF  Request finished HTTP/1.1 GET http://localhost:5073/swagger/v1/swagger.json - - - 200 - application/json;charset=utf-8 131.6728ms
2023-01-10 22:34:44.829 +05:30  INF  Request starting HTTP/1.1 POST http://localhost:5073/AddManager application/json 97
2023-01-10 22:34:44.841 +05:30  WRN  Failed to determine the https port for redirect.
2023-01-10 22:34:44.848 +05:30  INF  Executing endpoint 'AttendanceTracking.Controllers.ManagerController.AddManager (AttendanceTracking)'
2023-01-10 22:34:44.880 +05:30  INF  Route matched with {action = "AddManager", controller = "Manager"}. Executing controller action with signature Microsoft.AspNetCore.Mvc.IActionResult AddManager(AttendanceTracking.Data.Models.ManagerVM) on controller AttendanceTracking.Controllers.ManagerController (AttendanceTracking).
2023-01-10 22:34:46.923 +05:30  INF  Executed DbCommand (53ms) [Parameters=[@__departmentName_0='?' (Size = 4000)], CommandType='"Text"', CommandTimeout='30']
SELECT TOP(1) [d].[departmentId], [d].[departmentName]
FROM [departments] AS [d]
WHERE [d].[departmentName] = @__departmentName_0
2023-01-10 22:34:46.948 +05:30  ERR  Exception in Add Manager Method : Object reference not set to an instance of an object.
2023-01-10 22:34:46.955 +05:30  INF  Executing StatusCodeResult, setting HTTP status code 404
2023-01-10 22:34:46.960 +05:30  INF  Executed action AttendanceTracking.Controllers.ManagerController.AddManager (AttendanceTracking) in 2074.9083ms
2023-01-10 22:34:46.961 +05:30  INF  Executed endpoint 'AttendanceTracking.Controllers.ManagerController.AddManager (AttendanceTracking)'
2023-01-10 22:34:46.972 +05:30  INF  Request finished HTTP/1.1 POST http://localhost:5073/AddManager application/json 97 - 404 0 - 2143.0552ms
2023-01-10 22:35:21.614 +05:30  INF  Request starting HTTP/1.1 GET http://localhost:5073/swagger/index.html - -
2023-01-10 22:35:21.615 +05:30  INF  Request finished HTTP/1.1 GET http://localhost:5073/swagger/index.html - - - 200 - text/html;charset=utf-8 1.8521ms
2023-01-10 22:35:22.025 +05:30  INF  Request starting HTTP/1.1 GET http://localhost:5073/swagger/v1/swagger.json - -
2023-01-10 22:35:22.030 +05:30  INF  Request finished HTTP/1.1 GET http://localhost:5073/swagger/v1/swagger.json - - - 200 - application/json;charset=utf-8 5.3567ms
2023-01-10 22:36:15.486 +05:30  INF  Request starting HTTP/1.1 PUT http://localhost:5073/CheckOutLog application/json 87
2023-01-10 22:36:15.487 +05:30  INF  Executing endpoint 'AttendanceTracking.Controllers.AttendanceController.CheckOutLog (AttendanceTracking)'
2023-01-10 22:36:15.493 +05:30  INF  Route matched with {action = "CheckOutLog", controller = "Attendance"}. Executing controller action with signature Microsoft.AspNetCore.Mvc.IActionResult CheckOutLog(AttendanceTracking.Data.Models.CheckOutTimeVM) on controller AttendanceTracking.Controllers.AttendanceController (AttendanceTracking).
2023-01-10 22:36:15.514 +05:30  INF  CheckOutLog method called
2023-01-10 22:36:15.560 +05:30  INF  Executed DbCommand (4ms) [Parameters=[@__employeeEmail_0='?' (Size = 4000)], CommandType='"Text"', CommandTimeout='30']
SELECT TOP(1) [e].[employeeId], [e].[employeeEmail], [e].[employeeName], [e].[managerId]
FROM [employees] AS [e]
WHERE [e].[employeeEmail] = @__employeeEmail_0
2023-01-10 22:36:15.668 +05:30  INF  Executed DbCommand (5ms) [Parameters=[@__employeeId_0='?' (DbType = Int32)], CommandType='"Text"', CommandTimeout='30']
SELECT [a].[id], [a].[checkInTime], [a].[checkOutTime], [a].[date], [a].[employeeId]
FROM [attendances] AS [a]
WHERE [a].[employeeId] = @__employeeId_0
2023-01-10 22:36:15.723 +05:30  INF  Executing ObjectResult, writing value of type 'Microsoft.AspNetCore.Mvc.ProblemDetails'.
2023-01-10 22:36:15.730 +05:30  INF  Executed action AttendanceTracking.Controllers.AttendanceController.CheckOutLog (AttendanceTracking) in 237.3381ms
2023-01-10 22:36:15.731 +05:30  INF  Executed endpoint 'AttendanceTracking.Controllers.AttendanceController.CheckOutLog (AttendanceTracking)'
2023-01-10 22:36:15.731 +05:30  INF  Request finished HTTP/1.1 PUT http://localhost:5073/CheckOutLog application/json 87 - 404 - application/problem+json;+charset=utf-8 245.7491ms
2023-01-10 22:40:45.504 +05:30  INF  Application is shutting down...
2023-01-10 22:40:53.081 +05:30  INF  Now listening on: http://localhost:5073
2023-01-10 22:40:53.127 +05:30  INF  Application started. Press Ctrl+C to shut down.
2023-01-10 22:40:53.128 +05:30  INF  Hosting environment: Development
2023-01-10 22:40:53.128 +05:30  INF  Content root path: /Users/mageshkumarn/Documents/AttendanceTracking/AttendanceTracking
2023-01-10 22:40:53.940 +05:30  INF  Request starting HTTP/1.1 GET http://localhost:5073/swagger/index.html - -
2023-01-10 22:40:54.067 +05:30  INF  Request finished HTTP/1.1 GET http://localhost:5073/swagger/index.html - - - 200 - text/html;charset=utf-8 128.5054ms
2023-01-10 22:40:54.090 +05:30  INF  Request starting HTTP/1.1 GET http://localhost:5073/swagger/swagger-ui-standalone-preset.js - -
2023-01-10 22:40:54.092 +05:30  INF  Request starting HTTP/1.1 GET http://localhost:5073/swagger/swagger-ui-bundle.js - -
2023-01-10 22:40:54.122 +05:30  INF  Sending file. Request path: '/swagger-ui-standalone-preset.js'. Physical path: 'N/A'
2023-01-10 22:40:54.122 +05:30  INF  Sending file. Request path: '/swagger-ui-bundle.js'. Physical path: 'N/A'
2023-01-10 22:40:54.124 +05:30  INF  Request finished HTTP/1.1 GET http://localhost:5073/swagger/swagger-ui-bundle.js - - - 200 1096145 text/javascript 32.3821ms
2023-01-10 22:40:54.124 +05:30  INF  Request finished HTTP/1.1 GET http://localhost:5073/swagger/swagger-ui-standalone-preset.js - - - 200 339486 text/javascript 34.2483ms
2023-01-10 22:40:54.601 +05:30  INF  Request starting HTTP/1.1 GET http://localhost:5073/swagger/v1/swagger.json - -
2023-01-10 22:40:54.716 +05:30  INF  Request finished HTTP/1.1 GET http://localhost:5073/swagger/v1/swagger.json - - - 200 - application/json;charset=utf-8 114.5939ms
2023-01-10 23:18:11.659 +05:30  INF  Application is shutting down...
2023-01-10 23:18:21.199 +05:30  INF  Now listening on: http://localhost:5073
2023-01-10 23:18:21.242 +05:30  INF  Application started. Press Ctrl+C to shut down.
2023-01-10 23:18:21.242 +05:30  INF  Hosting environment: Development
2023-01-10 23:18:21.242 +05:30  INF  Content root path: /Users/mageshkumarn/Documents/AttendanceTracking/AttendanceTracking
2023-01-10 23:18:49.614 +05:30  INF  Request starting HTTP/1.1 GET http://localhost:5073/swagger/index.html - -
2023-01-10 23:18:49.735 +05:30  INF  Request finished HTTP/1.1 GET http://localhost:5073/swagger/index.html - - - 200 - text/html;charset=utf-8 122.8313ms
2023-01-10 23:18:50.246 +05:30  INF  Request starting HTTP/1.1 GET http://localhost:5073/swagger/v1/swagger.json - -
2023-01-10 23:18:50.354 +05:30  INF  Request finished HTTP/1.1 GET http://localhost:5073/swagger/v1/swagger.json - - - 200 - application/json;charset=utf-8 107.4843ms
2023-01-10 23:19:25.105 +05:30  INF  Request starting HTTP/1.1 POST http://localhost:5073/CheckInLog application/json 124
2023-01-10 23:19:25.115 +05:30  WRN  Failed to determine the https port for redirect.
2023-01-10 23:19:25.125 +05:30  INF  Executing endpoint 'AttendanceTracking.Controllers.AttendanceController.CheckInLog (AttendanceTracking)'
2023-01-10 23:19:25.156 +05:30  INF  Route matched with {action = "CheckInLog", controller = "Attendance"}. Executing controller action with signature Microsoft.AspNetCore.Mvc.IActionResult CheckInLog(AttendanceTracking.Data.Models.CheckInTimeVM) on controller AttendanceTracking.Controllers.AttendanceController (AttendanceTracking).
2023-01-10 23:19:25.522 +05:30  INF  Executing BadRequestObjectResult, writing value of type 'Microsoft.AspNetCore.Mvc.ValidationProblemDetails'.
2023-01-10 23:19:25.535 +05:30  INF  Executed action AttendanceTracking.Controllers.AttendanceController.CheckInLog (AttendanceTracking) in 373.5988ms
2023-01-10 23:19:25.536 +05:30  INF  Executed endpoint 'AttendanceTracking.Controllers.AttendanceController.CheckInLog (AttendanceTracking)'
2023-01-10 23:19:25.538 +05:30  INF  Request finished HTTP/1.1 POST http://localhost:5073/CheckInLog application/json 124 - 400 - application/problem+json;+charset=utf-8 433.6585ms
