2023-01-14 00:00:59.943 +05:30  INF  Request starting HTTP/1.1 GET http://localhost:5073/GetAttendanceOfEmployee/ajay@gmail.com/2023-01-13 00:00:00.000/2023-01-13 09:00:00.000/2023-01-13 23:00:00.000 - -
2023-01-14 00:00:59.946 +05:30  INF  Executing endpoint 'AttendanceTracking.Controllers.AttendanceController.GetAttendanceOfEmployee (AttendanceTracking)'
2023-01-14 00:00:59.946 +05:30  INF  Route matched with {action = "GetAttendanceOfEmployee", controller = "Attendance"}. Executing controller action with signature System.Collections.Generic.List`1[AttendanceTracking.Models.Attendance] GetAttendanceOfEmployee(System.String, System.DateTime, System.DateTime, System.DateTime) on controller AttendanceTracking.Controllers.AttendanceController (AttendanceTracking).
2023-01-14 00:00:59.950 +05:30  INF  GetAttendanceOfEmployee method called
2023-01-14 00:01:00.021 +05:30  INF  Executed DbCommand (4ms) [Parameters=[@__managerEmail_0='?' (Size = 4000)], CommandType='"Text"', CommandTimeout='30']
SELECT TOP(1) [m].[managerId], [m].[departmentId], [m].[managerEmail], [m].[managerName]
FROM [managers] AS [m]
WHERE [m].[managerEmail] = @__managerEmail_0
2023-01-14 00:01:00.024 +05:30  INF  Executed DbCommand (2ms) [Parameters=[@__managerId_0='?' (DbType = Int32)], CommandType='"Text"', CommandTimeout='30']
SELECT [e].[employeeId], [e].[employeeEmail], [e].[employeeName], [e].[managerId]
FROM [employees] AS [e]
WHERE [e].[managerId] = @__managerId_0
2023-01-14 00:01:00.026 +05:30  INF  Executed DbCommand (2ms) [Parameters=[@__employeeId_0='?' (DbType = Int32)], CommandType='"Text"', CommandTimeout='30']
SELECT [a].[id], [a].[checkInTime], [a].[checkOutTime], [a].[date], [a].[employeeId]
FROM [attendances] AS [a]
WHERE [a].[employeeId] = @__employeeId_0
2023-01-14 00:01:00.029 +05:30  INF  Executed DbCommand (2ms) [Parameters=[@__employeeId_0='?' (DbType = Int32)], CommandType='"Text"', CommandTimeout='30']
SELECT [a].[id], [a].[checkInTime], [a].[checkOutTime], [a].[date], [a].[employeeId]
FROM [attendances] AS [a]
WHERE [a].[employeeId] = @__employeeId_0
2023-01-14 00:01:00.029 +05:30  INF  Executing ObjectResult, writing value of type 'System.Collections.Generic.List`1[[AttendanceTracking.Models.Attendance, AttendanceTracking, Version=1.0.0.0, Culture=neutral, PublicKeyToken=null]]'.
2023-01-14 00:01:00.029 +05:30  INF  Executed action AttendanceTracking.Controllers.AttendanceController.GetAttendanceOfEmployee (AttendanceTracking) in 82.5883ms
2023-01-14 00:01:00.029 +05:30  INF  Executed endpoint 'AttendanceTracking.Controllers.AttendanceController.GetAttendanceOfEmployee (AttendanceTracking)'
2023-01-14 00:01:00.029 +05:30  INF  Request finished HTTP/1.1 GET http://localhost:5073/GetAttendanceOfEmployee/ajay@gmail.com/2023-01-13 00:00:00.000/2023-01-13 09:00:00.000/2023-01-13 23:00:00.000 - - - 200 - application/json;+charset=utf-8 86.4804ms
2023-01-14 00:01:09.439 +05:30  INF  Request starting HTTP/1.1 GET http://localhost:5073/GetAttendanceOfEmployee/ajay@gmail.com/2023-01-13 00:00:00.000/2023-01-13 09:00:00.000/2023-01-13 23:00:00.000 - -
2023-01-14 00:01:09.440 +05:30  INF  Executing endpoint 'AttendanceTracking.Controllers.AttendanceController.GetAttendanceOfEmployee (AttendanceTracking)'
2023-01-14 00:01:09.440 +05:30  INF  Route matched with {action = "GetAttendanceOfEmployee", controller = "Attendance"}. Executing controller action with signature System.Collections.Generic.List`1[AttendanceTracking.Models.Attendance] GetAttendanceOfEmployee(System.String, System.DateTime, System.DateTime, System.DateTime) on controller AttendanceTracking.Controllers.AttendanceController (AttendanceTracking).
2023-01-14 00:01:09.440 +05:30  INF  GetAttendanceOfEmployee method called
2023-01-14 00:01:09.444 +05:30  INF  Executed DbCommand (3ms) [Parameters=[@__managerEmail_0='?' (Size = 4000)], CommandType='"Text"', CommandTimeout='30']
SELECT TOP(1) [m].[managerId], [m].[departmentId], [m].[managerEmail], [m].[managerName]
FROM [managers] AS [m]
WHERE [m].[managerEmail] = @__managerEmail_0
2023-01-14 00:01:09.453 +05:30  INF  Executed DbCommand (8ms) [Parameters=[@__managerId_0='?' (DbType = Int32)], CommandType='"Text"', CommandTimeout='30']
SELECT [e].[employeeId], [e].[employeeEmail], [e].[employeeName], [e].[managerId]
FROM [employees] AS [e]
WHERE [e].[managerId] = @__managerId_0
2023-01-14 00:01:09.459 +05:30  INF  Executed DbCommand (5ms) [Parameters=[@__employeeId_0='?' (DbType = Int32)], CommandType='"Text"', CommandTimeout='30']
SELECT [a].[id], [a].[checkInTime], [a].[checkOutTime], [a].[date], [a].[employeeId]
FROM [attendances] AS [a]
WHERE [a].[employeeId] = @__employeeId_0
2023-01-14 00:01:09.462 +05:30  INF  Executed DbCommand (3ms) [Parameters=[@__employeeId_0='?' (DbType = Int32)], CommandType='"Text"', CommandTimeout='30']
SELECT [a].[id], [a].[checkInTime], [a].[checkOutTime], [a].[date], [a].[employeeId]
FROM [attendances] AS [a]
WHERE [a].[employeeId] = @__employeeId_0
2023-01-14 00:01:09.462 +05:30  INF  Executing ObjectResult, writing value of type 'System.Collections.Generic.List`1[[AttendanceTracking.Models.Attendance, AttendanceTracking, Version=1.0.0.0, Culture=neutral, PublicKeyToken=null]]'.
2023-01-14 00:01:09.462 +05:30  INF  Executed action AttendanceTracking.Controllers.AttendanceController.GetAttendanceOfEmployee (AttendanceTracking) in 22.5511ms
2023-01-14 00:01:09.462 +05:30  INF  Executed endpoint 'AttendanceTracking.Controllers.AttendanceController.GetAttendanceOfEmployee (AttendanceTracking)'
2023-01-14 00:01:09.462 +05:30  INF  Request finished HTTP/1.1 GET http://localhost:5073/GetAttendanceOfEmployee/ajay@gmail.com/2023-01-13 00:00:00.000/2023-01-13 09:00:00.000/2023-01-13 23:00:00.000 - - - 200 - application/json;+charset=utf-8 23.0233ms
2023-01-14 00:02:01.513 +05:30  INF  Request starting HTTP/1.1 GET http://localhost:5073/GetAttendanceOfEmployee/ajay@gmail.com/2023-01-13 00:00:00.000/2023-01-13 09:00:00.000/2023-01-13 23:00:00.000 - -
2023-01-14 00:02:01.518 +05:30  INF  Executing endpoint 'AttendanceTracking.Controllers.AttendanceController.GetAttendanceOfEmployee (AttendanceTracking)'
2023-01-14 00:02:01.519 +05:30  INF  Route matched with {action = "GetAttendanceOfEmployee", controller = "Attendance"}. Executing controller action with signature System.Collections.Generic.List`1[AttendanceTracking.Models.Attendance] GetAttendanceOfEmployee(System.String, System.DateTime, System.DateTime, System.DateTime) on controller AttendanceTracking.Controllers.AttendanceController (AttendanceTracking).
2023-01-14 00:02:01.526 +05:30  INF  GetAttendanceOfEmployee method called
2023-01-14 00:02:01.545 +05:30  INF  Executed DbCommand (8ms) [Parameters=[@__managerEmail_0='?' (Size = 4000)], CommandType='"Text"', CommandTimeout='30']
SELECT TOP(1) [m].[managerId], [m].[departmentId], [m].[managerEmail], [m].[managerName]
FROM [managers] AS [m]
WHERE [m].[managerEmail] = @__managerEmail_0
2023-01-14 00:02:01.551 +05:30  INF  Executed DbCommand (3ms) [Parameters=[@__managerId_0='?' (DbType = Int32)], CommandType='"Text"', CommandTimeout='30']
SELECT [e].[employeeId], [e].[employeeEmail], [e].[employeeName], [e].[managerId]
FROM [employees] AS [e]
WHERE [e].[managerId] = @__managerId_0
2023-01-14 00:02:01.557 +05:30  INF  Executed DbCommand (3ms) [Parameters=[@__employeeId_0='?' (DbType = Int32)], CommandType='"Text"', CommandTimeout='30']
SELECT [a].[id], [a].[checkInTime], [a].[checkOutTime], [a].[date], [a].[employeeId]
FROM [attendances] AS [a]
WHERE [a].[employeeId] = @__employeeId_0
2023-01-14 00:02:01.562 +05:30  INF  Executed DbCommand (3ms) [Parameters=[@__employeeId_0='?' (DbType = Int32)], CommandType='"Text"', CommandTimeout='30']
SELECT [a].[id], [a].[checkInTime], [a].[checkOutTime], [a].[date], [a].[employeeId]
FROM [attendances] AS [a]
WHERE [a].[employeeId] = @__employeeId_0
2023-01-14 00:02:01.562 +05:30  INF  Executing ObjectResult, writing value of type 'System.Collections.Generic.List`1[[AttendanceTracking.Models.Attendance, AttendanceTracking, Version=1.0.0.0, Culture=neutral, PublicKeyToken=null]]'.
2023-01-14 00:02:01.564 +05:30  INF  Executed action AttendanceTracking.Controllers.AttendanceController.GetAttendanceOfEmployee (AttendanceTracking) in 44.6962ms
2023-01-14 00:02:01.564 +05:30  INF  Executed endpoint 'AttendanceTracking.Controllers.AttendanceController.GetAttendanceOfEmployee (AttendanceTracking)'
2023-01-14 00:02:01.565 +05:30  INF  Request finished HTTP/1.1 GET http://localhost:5073/GetAttendanceOfEmployee/ajay@gmail.com/2023-01-13 00:00:00.000/2023-01-13 09:00:00.000/2023-01-13 23:00:00.000 - - - 200 - application/json;+charset=utf-8 52.4870ms
2023-01-14 00:03:05.417 +05:30  INF  Request starting HTTP/1.1 GET http://localhost:5073/GetAttendanceOfEmployee/ajay@gmail.com/2023-01-13 00:00:00.000/2023-01-13 09:00:00.000/2023-01-13 23:00:00.000 - -
2023-01-14 00:03:05.417 +05:30  INF  Executing endpoint 'AttendanceTracking.Controllers.AttendanceController.GetAttendanceOfEmployee (AttendanceTracking)'
2023-01-14 00:03:05.417 +05:30  INF  Route matched with {action = "GetAttendanceOfEmployee", controller = "Attendance"}. Executing controller action with signature System.Collections.Generic.List`1[AttendanceTracking.Models.Attendance] GetAttendanceOfEmployee(System.String, System.DateTime, System.DateTime, System.DateTime) on controller AttendanceTracking.Controllers.AttendanceController (AttendanceTracking).
2023-01-14 00:03:05.418 +05:30  INF  GetAttendanceOfEmployee method called
2023-01-14 00:03:05.422 +05:30  INF  Executed DbCommand (3ms) [Parameters=[@__managerEmail_0='?' (Size = 4000)], CommandType='"Text"', CommandTimeout='30']
SELECT TOP(1) [m].[managerId], [m].[departmentId], [m].[managerEmail], [m].[managerName]
FROM [managers] AS [m]
WHERE [m].[managerEmail] = @__managerEmail_0
2023-01-14 00:03:05.425 +05:30  INF  Executed DbCommand (3ms) [Parameters=[@__managerId_0='?' (DbType = Int32)], CommandType='"Text"', CommandTimeout='30']
SELECT [e].[employeeId], [e].[employeeEmail], [e].[employeeName], [e].[managerId]
FROM [employees] AS [e]
WHERE [e].[managerId] = @__managerId_0
2023-01-14 00:03:05.428 +05:30  INF  Executed DbCommand (2ms) [Parameters=[@__employeeId_0='?' (DbType = Int32)], CommandType='"Text"', CommandTimeout='30']
SELECT [a].[id], [a].[checkInTime], [a].[checkOutTime], [a].[date], [a].[employeeId]
FROM [attendances] AS [a]
WHERE [a].[employeeId] = @__employeeId_0
2023-01-14 00:03:05.431 +05:30  INF  Executed DbCommand (2ms) [Parameters=[@__employeeId_0='?' (DbType = Int32)], CommandType='"Text"', CommandTimeout='30']
SELECT [a].[id], [a].[checkInTime], [a].[checkOutTime], [a].[date], [a].[employeeId]
FROM [attendances] AS [a]
WHERE [a].[employeeId] = @__employeeId_0
2023-01-14 00:03:05.431 +05:30  INF  Executing ObjectResult, writing value of type 'System.Collections.Generic.List`1[[AttendanceTracking.Models.Attendance, AttendanceTracking, Version=1.0.0.0, Culture=neutral, PublicKeyToken=null]]'.
2023-01-14 00:03:05.431 +05:30  INF  Executed action AttendanceTracking.Controllers.AttendanceController.GetAttendanceOfEmployee (AttendanceTracking) in 14.0468ms
2023-01-14 00:03:05.431 +05:30  INF  Executed endpoint 'AttendanceTracking.Controllers.AttendanceController.GetAttendanceOfEmployee (AttendanceTracking)'
2023-01-14 00:03:05.431 +05:30  INF  Request finished HTTP/1.1 GET http://localhost:5073/GetAttendanceOfEmployee/ajay@gmail.com/2023-01-13 00:00:00.000/2023-01-13 09:00:00.000/2023-01-13 23:00:00.000 - - - 200 - application/json;+charset=utf-8 14.9124ms
2023-01-14 00:03:19.989 +05:30  INF  Request starting HTTP/1.1 GET http://localhost:5073/GetAttendanceOfEmployee/ajay@gmail.com/2023-01-13 00:00:00.000/2023-01-13 09:00:00.000/2023-01-13 23:00:00.000 - -
2023-01-14 00:03:19.989 +05:30  INF  Executing endpoint 'AttendanceTracking.Controllers.AttendanceController.GetAttendanceOfEmployee (AttendanceTracking)'
2023-01-14 00:03:19.989 +05:30  INF  Route matched with {action = "GetAttendanceOfEmployee", controller = "Attendance"}. Executing controller action with signature System.Collections.Generic.List`1[AttendanceTracking.Models.Attendance] GetAttendanceOfEmployee(System.String, System.DateTime, System.DateTime, System.DateTime) on controller AttendanceTracking.Controllers.AttendanceController (AttendanceTracking).
2023-01-14 00:03:19.990 +05:30  INF  GetAttendanceOfEmployee method called
2023-01-14 00:03:19.994 +05:30  INF  Executed DbCommand (3ms) [Parameters=[@__managerEmail_0='?' (Size = 4000)], CommandType='"Text"', CommandTimeout='30']
SELECT TOP(1) [m].[managerId], [m].[departmentId], [m].[managerEmail], [m].[managerName]
FROM [managers] AS [m]
WHERE [m].[managerEmail] = @__managerEmail_0
2023-01-14 00:03:19.997 +05:30  INF  Executed DbCommand (2ms) [Parameters=[@__managerId_0='?' (DbType = Int32)], CommandType='"Text"', CommandTimeout='30']
SELECT [e].[employeeId], [e].[employeeEmail], [e].[employeeName], [e].[managerId]
FROM [employees] AS [e]
WHERE [e].[managerId] = @__managerId_0
2023-01-14 00:03:19.999 +05:30  INF  Executed DbCommand (2ms) [Parameters=[@__employeeId_0='?' (DbType = Int32)], CommandType='"Text"', CommandTimeout='30']
SELECT [a].[id], [a].[checkInTime], [a].[checkOutTime], [a].[date], [a].[employeeId]
FROM [attendances] AS [a]
WHERE [a].[employeeId] = @__employeeId_0
2023-01-14 00:03:20.003 +05:30  INF  Executed DbCommand (3ms) [Parameters=[@__employeeId_0='?' (DbType = Int32)], CommandType='"Text"', CommandTimeout='30']
SELECT [a].[id], [a].[checkInTime], [a].[checkOutTime], [a].[date], [a].[employeeId]
FROM [attendances] AS [a]
WHERE [a].[employeeId] = @__employeeId_0
2023-01-14 00:03:20.003 +05:30  INF  Executing ObjectResult, writing value of type 'System.Collections.Generic.List`1[[AttendanceTracking.Models.Attendance, AttendanceTracking, Version=1.0.0.0, Culture=neutral, PublicKeyToken=null]]'.
2023-01-14 00:03:20.004 +05:30  INF  Executed action AttendanceTracking.Controllers.AttendanceController.GetAttendanceOfEmployee (AttendanceTracking) in 14.1323ms
2023-01-14 00:03:20.004 +05:30  INF  Executed endpoint 'AttendanceTracking.Controllers.AttendanceController.GetAttendanceOfEmployee (AttendanceTracking)'
2023-01-14 00:03:20.004 +05:30  INF  Request finished HTTP/1.1 GET http://localhost:5073/GetAttendanceOfEmployee/ajay@gmail.com/2023-01-13 00:00:00.000/2023-01-13 09:00:00.000/2023-01-13 23:00:00.000 - - - 200 - application/json;+charset=utf-8 14.8950ms
2023-01-14 00:03:46.906 +05:30  INF  Request starting HTTP/1.1 GET http://localhost:5073/GetAttendanceOfEmployee/ajay@gmail.com/2023-01-13 00:00:00.000/2023-01-13 09:00:00.000/2023-01-13 23:00:00.000 - -
2023-01-14 00:03:46.907 +05:30  INF  Executing endpoint 'AttendanceTracking.Controllers.AttendanceController.GetAttendanceOfEmployee (AttendanceTracking)'
2023-01-14 00:03:46.907 +05:30  INF  Route matched with {action = "GetAttendanceOfEmployee", controller = "Attendance"}. Executing controller action with signature System.Collections.Generic.List`1[AttendanceTracking.Models.Attendance] GetAttendanceOfEmployee(System.String, System.DateTime, System.DateTime, System.DateTime) on controller AttendanceTracking.Controllers.AttendanceController (AttendanceTracking).
2023-01-14 00:03:46.907 +05:30  INF  GetAttendanceOfEmployee method called
2023-01-14 00:03:46.911 +05:30  INF  Executed DbCommand (2ms) [Parameters=[@__managerEmail_0='?' (Size = 4000)], CommandType='"Text"', CommandTimeout='30']
SELECT TOP(1) [m].[managerId], [m].[departmentId], [m].[managerEmail], [m].[managerName]
FROM [managers] AS [m]
WHERE [m].[managerEmail] = @__managerEmail_0
2023-01-14 00:03:46.913 +05:30  INF  Executed DbCommand (2ms) [Parameters=[@__managerId_0='?' (DbType = Int32)], CommandType='"Text"', CommandTimeout='30']
SELECT [e].[employeeId], [e].[employeeEmail], [e].[employeeName], [e].[managerId]
FROM [employees] AS [e]
WHERE [e].[managerId] = @__managerId_0
2023-01-14 00:03:46.916 +05:30  INF  Executed DbCommand (2ms) [Parameters=[@__employeeId_0='?' (DbType = Int32)], CommandType='"Text"', CommandTimeout='30']
SELECT [a].[id], [a].[checkInTime], [a].[checkOutTime], [a].[date], [a].[employeeId]
FROM [attendances] AS [a]
WHERE [a].[employeeId] = @__employeeId_0
2023-01-14 00:03:46.919 +05:30  INF  Executed DbCommand (2ms) [Parameters=[@__employeeId_0='?' (DbType = Int32)], CommandType='"Text"', CommandTimeout='30']
SELECT [a].[id], [a].[checkInTime], [a].[checkOutTime], [a].[date], [a].[employeeId]
FROM [attendances] AS [a]
WHERE [a].[employeeId] = @__employeeId_0
2023-01-14 00:03:46.919 +05:30  INF  Executing ObjectResult, writing value of type 'System.Collections.Generic.List`1[[AttendanceTracking.Models.Attendance, AttendanceTracking, Version=1.0.0.0, Culture=neutral, PublicKeyToken=null]]'.
2023-01-14 00:03:46.920 +05:30  INF  Executed action AttendanceTracking.Controllers.AttendanceController.GetAttendanceOfEmployee (AttendanceTracking) in 12.6ms
2023-01-14 00:03:46.920 +05:30  INF  Executed endpoint 'AttendanceTracking.Controllers.AttendanceController.GetAttendanceOfEmployee (AttendanceTracking)'
2023-01-14 00:03:46.920 +05:30  INF  Request finished HTTP/1.1 GET http://localhost:5073/GetAttendanceOfEmployee/ajay@gmail.com/2023-01-13 00:00:00.000/2023-01-13 09:00:00.000/2023-01-13 23:00:00.000 - - - 200 - application/json;+charset=utf-8 13.2901ms
2023-01-14 00:03:47.881 +05:30  INF  Request starting HTTP/1.1 GET http://localhost:5073/GetAttendanceOfEmployee/ajay@gmail.com/2023-01-13 00:00:00.000/2023-01-13 09:00:00.000/2023-01-13 23:00:00.000 - -
2023-01-14 00:03:47.881 +05:30  INF  Executing endpoint 'AttendanceTracking.Controllers.AttendanceController.GetAttendanceOfEmployee (AttendanceTracking)'
2023-01-14 00:03:47.881 +05:30  INF  Route matched with {action = "GetAttendanceOfEmployee", controller = "Attendance"}. Executing controller action with signature System.Collections.Generic.List`1[AttendanceTracking.Models.Attendance] GetAttendanceOfEmployee(System.String, System.DateTime, System.DateTime, System.DateTime) on controller AttendanceTracking.Controllers.AttendanceController (AttendanceTracking).
2023-01-14 00:03:47.882 +05:30  INF  GetAttendanceOfEmployee method called
2023-01-14 00:03:47.885 +05:30  INF  Executed DbCommand (2ms) [Parameters=[@__managerEmail_0='?' (Size = 4000)], CommandType='"Text"', CommandTimeout='30']
SELECT TOP(1) [m].[managerId], [m].[departmentId], [m].[managerEmail], [m].[managerName]
FROM [managers] AS [m]
WHERE [m].[managerEmail] = @__managerEmail_0
2023-01-14 00:03:47.888 +05:30  INF  Executed DbCommand (2ms) [Parameters=[@__managerId_0='?' (DbType = Int32)], CommandType='"Text"', CommandTimeout='30']
SELECT [e].[employeeId], [e].[employeeEmail], [e].[employeeName], [e].[managerId]
FROM [employees] AS [e]
WHERE [e].[managerId] = @__managerId_0
2023-01-14 00:03:47.906 +05:30  INF  Executed DbCommand (18ms) [Parameters=[@__employeeId_0='?' (DbType = Int32)], CommandType='"Text"', CommandTimeout='30']
SELECT [a].[id], [a].[checkInTime], [a].[checkOutTime], [a].[date], [a].[employeeId]
FROM [attendances] AS [a]
WHERE [a].[employeeId] = @__employeeId_0
2023-01-14 00:03:47.910 +05:30  INF  Executed DbCommand (3ms) [Parameters=[@__employeeId_0='?' (DbType = Int32)], CommandType='"Text"', CommandTimeout='30']
SELECT [a].[id], [a].[checkInTime], [a].[checkOutTime], [a].[date], [a].[employeeId]
FROM [attendances] AS [a]
WHERE [a].[employeeId] = @__employeeId_0
2023-01-14 00:03:47.910 +05:30  INF  Executing ObjectResult, writing value of type 'System.Collections.Generic.List`1[[AttendanceTracking.Models.Attendance, AttendanceTracking, Version=1.0.0.0, Culture=neutral, PublicKeyToken=null]]'.
2023-01-14 00:03:47.910 +05:30  INF  Executed action AttendanceTracking.Controllers.AttendanceController.GetAttendanceOfEmployee (AttendanceTracking) in 28.7252ms
2023-01-14 00:03:47.910 +05:30  INF  Executed endpoint 'AttendanceTracking.Controllers.AttendanceController.GetAttendanceOfEmployee (AttendanceTracking)'
2023-01-14 00:03:47.910 +05:30  INF  Request finished HTTP/1.1 GET http://localhost:5073/GetAttendanceOfEmployee/ajay@gmail.com/2023-01-13 00:00:00.000/2023-01-13 09:00:00.000/2023-01-13 23:00:00.000 - - - 200 - application/json;+charset=utf-8 29.1583ms
2023-01-14 00:04:03.516 +05:30  INF  Request starting HTTP/1.1 GET http://localhost:5073/GetAttendanceOfEmployee/ajay@gmail.com/2023-01-13 00:00:00.000/2023-01-13 09:00:00.000/2023-01-13 23:00:00.000 - -
2023-01-14 00:04:03.516 +05:30  INF  Executing endpoint 'AttendanceTracking.Controllers.AttendanceController.GetAttendanceOfEmployee (AttendanceTracking)'
2023-01-14 00:04:03.516 +05:30  INF  Route matched with {action = "GetAttendanceOfEmployee", controller = "Attendance"}. Executing controller action with signature System.Collections.Generic.List`1[AttendanceTracking.Models.Attendance] GetAttendanceOfEmployee(System.String, System.DateTime, System.DateTime, System.DateTime) on controller AttendanceTracking.Controllers.AttendanceController (AttendanceTracking).
2023-01-14 00:04:03.517 +05:30  INF  GetAttendanceOfEmployee method called
2023-01-14 00:04:03.522 +05:30  INF  Executed DbCommand (4ms) [Parameters=[@__managerEmail_0='?' (Size = 4000)], CommandType='"Text"', CommandTimeout='30']
SELECT TOP(1) [m].[managerId], [m].[departmentId], [m].[managerEmail], [m].[managerName]
FROM [managers] AS [m]
WHERE [m].[managerEmail] = @__managerEmail_0
2023-01-14 00:04:03.524 +05:30  INF  Executed DbCommand (2ms) [Parameters=[@__managerId_0='?' (DbType = Int32)], CommandType='"Text"', CommandTimeout='30']
SELECT [e].[employeeId], [e].[employeeEmail], [e].[employeeName], [e].[managerId]
FROM [employees] AS [e]
WHERE [e].[managerId] = @__managerId_0
2023-01-14 00:04:03.526 +05:30  INF  Executed DbCommand (2ms) [Parameters=[@__employeeId_0='?' (DbType = Int32)], CommandType='"Text"', CommandTimeout='30']
SELECT [a].[id], [a].[checkInTime], [a].[checkOutTime], [a].[date], [a].[employeeId]
FROM [attendances] AS [a]
WHERE [a].[employeeId] = @__employeeId_0
2023-01-14 00:04:03.529 +05:30  INF  Executed DbCommand (2ms) [Parameters=[@__employeeId_0='?' (DbType = Int32)], CommandType='"Text"', CommandTimeout='30']
SELECT [a].[id], [a].[checkInTime], [a].[checkOutTime], [a].[date], [a].[employeeId]
FROM [attendances] AS [a]
WHERE [a].[employeeId] = @__employeeId_0
2023-01-14 00:04:03.529 +05:30  INF  Executing ObjectResult, writing value of type 'System.Collections.Generic.List`1[[AttendanceTracking.Models.Attendance, AttendanceTracking, Version=1.0.0.0, Culture=neutral, PublicKeyToken=null]]'.
2023-01-14 00:04:03.529 +05:30  INF  Executed action AttendanceTracking.Controllers.AttendanceController.GetAttendanceOfEmployee (AttendanceTracking) in 13.3748ms
2023-01-14 00:04:03.529 +05:30  INF  Executed endpoint 'AttendanceTracking.Controllers.AttendanceController.GetAttendanceOfEmployee (AttendanceTracking)'
2023-01-14 00:04:03.529 +05:30  INF  Request finished HTTP/1.1 GET http://localhost:5073/GetAttendanceOfEmployee/ajay@gmail.com/2023-01-13 00:00:00.000/2023-01-13 09:00:00.000/2023-01-13 23:00:00.000 - - - 200 - application/json;+charset=utf-8 13.8440ms
2023-01-14 00:17:13.444 +05:30  INF  Application is shutting down...
2023-01-14 00:17:20.935 +05:30  INF  Now listening on: http://localhost:5073
2023-01-14 00:17:20.990 +05:30  INF  Application started. Press Ctrl+C to shut down.
2023-01-14 00:17:20.991 +05:30  INF  Hosting environment: Development
2023-01-14 00:17:20.991 +05:30  INF  Content root path: /Users/mageshkumarn/Documents/AttendanceTracking/AttendanceTracking
2023-01-14 00:17:23.980 +05:30  INF  Request starting HTTP/1.1 GET http://localhost:5073/swagger/index.html - -
2023-01-14 00:17:24.092 +05:30  INF  Request finished HTTP/1.1 GET http://localhost:5073/swagger/index.html - - - 200 - text/html;charset=utf-8 114.0991ms
2023-01-14 00:17:24.593 +05:30  INF  Request starting HTTP/1.1 GET http://localhost:5073/swagger/v1/swagger.json - -
2023-01-14 00:17:24.714 +05:30  INF  Request finished HTTP/1.1 GET http://localhost:5073/swagger/v1/swagger.json - - - 200 - application/json;charset=utf-8 120.9772ms
2023-01-14 00:17:57.553 +05:30  INF  Request starting HTTP/1.1 GET http://localhost:5073/GetAttendanceOfEmployee/ajay/2023-01-13 00:00:00.000/2023-01-13 09:00:00.000/2023-01-13 23:00:00.000 - -
2023-01-14 00:17:57.558 +05:30  WRN  Failed to determine the https port for redirect.
2023-01-14 00:17:57.562 +05:30  INF  Executing endpoint 'AttendanceTracking.Controllers.AttendanceController.GetAttendanceOfEmployee (AttendanceTracking)'
2023-01-14 00:17:57.582 +05:30  INF  Route matched with {action = "GetAttendanceOfEmployee", controller = "Attendance"}. Executing controller action with signature System.Collections.Generic.List`1[AttendanceTracking.Models.Attendance] GetAttendanceOfEmployee(System.String, System.DateTime, System.DateTime, System.DateTime) on controller AttendanceTracking.Controllers.AttendanceController (AttendanceTracking).
2023-01-14 00:17:57.711 +05:30  INF  GetAttendanceOfEmployee method called
2023-01-14 00:17:58.772 +05:30  INF  Executed DbCommand (28ms) [Parameters=[@__managerEmail_0='?' (Size = 4000)], CommandType='"Text"', CommandTimeout='30']
SELECT TOP(1) [m].[managerId], [m].[departmentId], [m].[managerEmail], [m].[managerName]
FROM [managers] AS [m]
WHERE [m].[managerEmail] = @__managerEmail_0
2023-01-14 00:17:58.787 +05:30  ERR  Object reference not set to an instance of an object.
2023-01-14 00:17:58.792 +05:30  INF  Executing ObjectResult, writing value of type 'null'.
2023-01-14 00:17:58.796 +05:30  INF  Executed action AttendanceTracking.Controllers.AttendanceController.GetAttendanceOfEmployee (AttendanceTracking) in 1210.2907ms
2023-01-14 00:17:58.796 +05:30  INF  Executed endpoint 'AttendanceTracking.Controllers.AttendanceController.GetAttendanceOfEmployee (AttendanceTracking)'
2023-01-14 00:17:58.803 +05:30  INF  Request finished HTTP/1.1 GET http://localhost:5073/GetAttendanceOfEmployee/ajay/2023-01-13 00:00:00.000/2023-01-13 09:00:00.000/2023-01-13 23:00:00.000 - - - 204 - - 1249.8596ms
2023-01-14 00:18:13.159 +05:30  INF  Request starting HTTP/1.1 GET http://localhost:5073/GetAttendanceOfEmployee/ajay@gmail.com/2023-01-13 00:00:00.000/2023-01-13 09:00:00.000/2023-01-13 23:00:00.000 - -
2023-01-14 00:18:13.160 +05:30  INF  Executing endpoint 'AttendanceTracking.Controllers.AttendanceController.GetAttendanceOfEmployee (AttendanceTracking)'
2023-01-14 00:18:13.160 +05:30  INF  Route matched with {action = "GetAttendanceOfEmployee", controller = "Attendance"}. Executing controller action with signature System.Collections.Generic.List`1[AttendanceTracking.Models.Attendance] GetAttendanceOfEmployee(System.String, System.DateTime, System.DateTime, System.DateTime) on controller AttendanceTracking.Controllers.AttendanceController (AttendanceTracking).
2023-01-14 00:18:13.163 +05:30  INF  GetAttendanceOfEmployee method called
2023-01-14 00:18:13.186 +05:30  INF  Executed DbCommand (4ms) [Parameters=[@__managerEmail_0='?' (Size = 4000)], CommandType='"Text"', CommandTimeout='30']
SELECT TOP(1) [m].[managerId], [m].[departmentId], [m].[managerEmail], [m].[managerName]
FROM [managers] AS [m]
WHERE [m].[managerEmail] = @__managerEmail_0
2023-01-14 00:18:13.248 +05:30  INF  Executed DbCommand (3ms) [Parameters=[@__managerId_0='?' (DbType = Int32)], CommandType='"Text"', CommandTimeout='30']
SELECT [e].[employeeId], [e].[employeeEmail], [e].[employeeName], [e].[managerId]
FROM [employees] AS [e]
WHERE [e].[managerId] = @__managerId_0
2023-01-14 00:18:13.275 +05:30  INF  Executed DbCommand (2ms) [Parameters=[@__employeeId_0='?' (DbType = Int32)], CommandType='"Text"', CommandTimeout='30']
SELECT [a].[id], [a].[checkInTime], [a].[checkOutTime], [a].[date], [a].[employeeId]
FROM [attendances] AS [a]
WHERE [a].[employeeId] = @__employeeId_0
2023-01-14 00:18:13.294 +05:30  INF  Executed DbCommand (2ms) [Parameters=[@__employeeId_0='?' (DbType = Int32)], CommandType='"Text"', CommandTimeout='30']
SELECT [a].[id], [a].[checkInTime], [a].[checkOutTime], [a].[date], [a].[employeeId]
FROM [attendances] AS [a]
WHERE [a].[employeeId] = @__employeeId_0
2023-01-14 00:18:13.295 +05:30  INF  Executing ObjectResult, writing value of type 'System.Collections.Generic.List`1[[AttendanceTracking.Models.Attendance, AttendanceTracking, Version=1.0.0.0, Culture=neutral, PublicKeyToken=null]]'.
2023-01-14 00:18:13.321 +05:30  INF  Executed action AttendanceTracking.Controllers.AttendanceController.GetAttendanceOfEmployee (AttendanceTracking) in 161.1174ms
2023-01-14 00:18:13.322 +05:30  INF  Executed endpoint 'AttendanceTracking.Controllers.AttendanceController.GetAttendanceOfEmployee (AttendanceTracking)'
2023-01-14 00:18:13.322 +05:30  INF  Request finished HTTP/1.1 GET http://localhost:5073/GetAttendanceOfEmployee/ajay@gmail.com/2023-01-13 00:00:00.000/2023-01-13 09:00:00.000/2023-01-13 23:00:00.000 - - - 200 - application/json;+charset=utf-8 162.6069ms
2023-01-14 00:18:38.735 +05:30  INF  Request starting HTTP/1.1 GET http://localhost:5073/GetAttendanceOfEmployee/ajay@gmail.com/2023-01-13 00:00:00.000/2023-01-13 09:00:00.000/2023-01-13 23:00:00.000 - -
2023-01-14 00:18:38.736 +05:30  INF  Executing endpoint 'AttendanceTracking.Controllers.AttendanceController.GetAttendanceOfEmployee (AttendanceTracking)'
2023-01-14 00:18:38.736 +05:30  INF  Route matched with {action = "GetAttendanceOfEmployee", controller = "Attendance"}. Executing controller action with signature System.Collections.Generic.List`1[AttendanceTracking.Models.Attendance] GetAttendanceOfEmployee(System.String, System.DateTime, System.DateTime, System.DateTime) on controller AttendanceTracking.Controllers.AttendanceController (AttendanceTracking).
2023-01-14 00:18:38.741 +05:30  INF  GetAttendanceOfEmployee method called
2023-01-14 00:18:38.804 +05:30  INF  Executed DbCommand (2ms) [Parameters=[@__managerEmail_0='?' (Size = 4000)], CommandType='"Text"', CommandTimeout='30']
SELECT TOP(1) [m].[managerId], [m].[departmentId], [m].[managerEmail], [m].[managerName]
FROM [managers] AS [m]
WHERE [m].[managerEmail] = @__managerEmail_0
2023-01-14 00:18:38.807 +05:30  INF  Executed DbCommand (2ms) [Parameters=[@__managerId_0='?' (DbType = Int32)], CommandType='"Text"', CommandTimeout='30']
SELECT [e].[employeeId], [e].[employeeEmail], [e].[employeeName], [e].[managerId]
FROM [employees] AS [e]
WHERE [e].[managerId] = @__managerId_0
2023-01-14 00:18:38.809 +05:30  INF  Executed DbCommand (1ms) [Parameters=[@__employeeId_0='?' (DbType = Int32)], CommandType='"Text"', CommandTimeout='30']
SELECT [a].[id], [a].[checkInTime], [a].[checkOutTime], [a].[date], [a].[employeeId]
FROM [attendances] AS [a]
WHERE [a].[employeeId] = @__employeeId_0
2023-01-14 00:18:38.812 +05:30  INF  Executed DbCommand (2ms) [Parameters=[@__employeeId_0='?' (DbType = Int32)], CommandType='"Text"', CommandTimeout='30']
SELECT [a].[id], [a].[checkInTime], [a].[checkOutTime], [a].[date], [a].[employeeId]
FROM [attendances] AS [a]
WHERE [a].[employeeId] = @__employeeId_0
2023-01-14 00:18:38.812 +05:30  INF  Executing ObjectResult, writing value of type 'System.Collections.Generic.List`1[[AttendanceTracking.Models.Attendance, AttendanceTracking, Version=1.0.0.0, Culture=neutral, PublicKeyToken=null]]'.
2023-01-14 00:18:38.813 +05:30  INF  Executed action AttendanceTracking.Controllers.AttendanceController.GetAttendanceOfEmployee (AttendanceTracking) in 76.6559ms
2023-01-14 00:18:38.813 +05:30  INF  Executed endpoint 'AttendanceTracking.Controllers.AttendanceController.GetAttendanceOfEmployee (AttendanceTracking)'
2023-01-14 00:18:38.813 +05:30  INF  Request finished HTTP/1.1 GET http://localhost:5073/GetAttendanceOfEmployee/ajay@gmail.com/2023-01-13 00:00:00.000/2023-01-13 09:00:00.000/2023-01-13 23:00:00.000 - - - 200 - application/json;+charset=utf-8 77.5854ms
2023-01-14 00:21:29.664 +05:30  INF  Application is shutting down...
2023-01-14 00:21:37.537 +05:30  INF  Now listening on: http://localhost:5073
2023-01-14 00:21:37.582 +05:30  INF  Application started. Press Ctrl+C to shut down.
2023-01-14 00:21:37.582 +05:30  INF  Hosting environment: Development
2023-01-14 00:21:37.582 +05:30  INF  Content root path: /Users/mageshkumarn/Documents/AttendanceTracking/AttendanceTracking
2023-01-14 00:21:41.949 +05:30  INF  Request starting HTTP/1.1 GET http://localhost:5073/swagger/index.html - -
2023-01-14 00:21:42.410 +05:30  INF  Request finished HTTP/1.1 GET http://localhost:5073/swagger/index.html - - - 200 - text/html;charset=utf-8 453.7203ms
2023-01-14 00:21:43.242 +05:30  INF  Request starting HTTP/1.1 GET http://localhost:5073/swagger/v1/swagger.json - -
2023-01-14 00:21:43.395 +05:30  INF  Request finished HTTP/1.1 GET http://localhost:5073/swagger/v1/swagger.json - - - 200 - application/json;charset=utf-8 152.6871ms
2023-01-14 00:22:07.609 +05:30  INF  Request starting HTTP/1.1 GET http://localhost:5073/GetAttendanceOfEmployee/ajay@gmail.com/2023-01-13 00:00:00.000/2023-01-13 09:00:00.000/2023-01-13 23:00:00.000 - -
2023-01-14 00:22:07.615 +05:30  WRN  Failed to determine the https port for redirect.
2023-01-14 00:22:07.620 +05:30  INF  Executing endpoint 'AttendanceTracking.Controllers.AttendanceController.GetAttendanceOfEmployee (AttendanceTracking)'
2023-01-14 00:22:07.639 +05:30  INF  Route matched with {action = "GetAttendanceOfEmployee", controller = "Attendance"}. Executing controller action with signature System.Collections.Generic.List`1[AttendanceTracking.Models.Attendance] GetAttendanceOfEmployee(System.String, System.DateTime, System.DateTime, System.DateTime) on controller AttendanceTracking.Controllers.AttendanceController (AttendanceTracking).
2023-01-14 00:22:07.787 +05:30  INF  GetAttendanceOfEmployee method called
2023-01-14 00:22:08.941 +05:30  INF  Executed DbCommand (28ms) [Parameters=[@__managerEmail_0='?' (Size = 4000)], CommandType='"Text"', CommandTimeout='30']
SELECT TOP(1) [m].[managerId], [m].[departmentId], [m].[managerEmail], [m].[managerName]
FROM [managers] AS [m]
WHERE [m].[managerEmail] = @__managerEmail_0
2023-01-14 00:22:09.006 +05:30  INF  Executed DbCommand (3ms) [Parameters=[@__managerId_0='?' (DbType = Int32)], CommandType='"Text"', CommandTimeout='30']
SELECT [e].[employeeId], [e].[employeeEmail], [e].[employeeName], [e].[managerId]
FROM [employees] AS [e]
WHERE [e].[managerId] = @__managerId_0
2023-01-14 00:22:09.032 +05:30  INF  Executed DbCommand (2ms) [Parameters=[@__employeeId_0='?' (DbType = Int32)], CommandType='"Text"', CommandTimeout='30']
SELECT [a].[id], [a].[checkInTime], [a].[checkOutTime], [a].[date], [a].[employeeId]
FROM [attendances] AS [a]
WHERE [a].[employeeId] = @__employeeId_0
2023-01-14 00:22:09.051 +05:30  INF  Executed DbCommand (2ms) [Parameters=[@__employeeId_0='?' (DbType = Int32)], CommandType='"Text"', CommandTimeout='30']
SELECT [a].[id], [a].[checkInTime], [a].[checkOutTime], [a].[date], [a].[employeeId]
FROM [attendances] AS [a]
WHERE [a].[employeeId] = @__employeeId_0
2023-01-14 00:22:09.057 +05:30  INF  Executing ObjectResult, writing value of type 'System.Collections.Generic.List`1[[AttendanceTracking.Models.Attendance, AttendanceTracking, Version=1.0.0.0, Culture=neutral, PublicKeyToken=null]]'.
2023-01-14 00:22:09.078 +05:30  INF  Executed action AttendanceTracking.Controllers.AttendanceController.GetAttendanceOfEmployee (AttendanceTracking) in 1435.3377ms
2023-01-14 00:22:09.079 +05:30  INF  Executed endpoint 'AttendanceTracking.Controllers.AttendanceController.GetAttendanceOfEmployee (AttendanceTracking)'
2023-01-14 00:22:09.086 +05:30  INF  Request finished HTTP/1.1 GET http://localhost:5073/GetAttendanceOfEmployee/ajay@gmail.com/2023-01-13 00:00:00.000/2023-01-13 09:00:00.000/2023-01-13 23:00:00.000 - - - 200 - application/json;+charset=utf-8 1477.0806ms
2023-01-14 00:24:38.553 +05:30  INF  Application is shutting down...
2023-01-14 00:24:45.667 +05:30  INF  Now listening on: http://localhost:5073
2023-01-14 00:24:45.706 +05:30  INF  Application started. Press Ctrl+C to shut down.
2023-01-14 00:24:45.706 +05:30  INF  Hosting environment: Development
2023-01-14 00:24:45.706 +05:30  INF  Content root path: /Users/mageshkumarn/Documents/AttendanceTracking/AttendanceTracking
2023-01-14 00:24:49.808 +05:30  INF  Request starting HTTP/1.1 GET http://localhost:5073/swagger/index.html - -
2023-01-14 00:24:49.927 +05:30  INF  Request finished HTTP/1.1 GET http://localhost:5073/swagger/index.html - - - 200 - text/html;charset=utf-8 121.3089ms
2023-01-14 00:24:50.105 +05:30  INF  Request starting HTTP/1.1 GET http://localhost:5073/swagger/v1/swagger.json - -
2023-01-14 00:24:50.235 +05:30  INF  Request finished HTTP/1.1 GET http://localhost:5073/swagger/v1/swagger.json - - - 200 - application/json;charset=utf-8 130.1133ms
2023-01-14 00:25:09.989 +05:30  INF  Request starting HTTP/1.1 GET http://localhost:5073/GetAttendanceOfEmployee/ajay@gmail.com/2023-01-13 00:00:00.000/2023-01-13 09:00:00.000/2023-01-13 23:00:00.000 - -
2023-01-14 00:25:09.994 +05:30  WRN  Failed to determine the https port for redirect.
2023-01-14 00:25:09.999 +05:30  INF  Executing endpoint 'AttendanceTracking.Controllers.AttendanceController.GetAttendanceOfEmployee (AttendanceTracking)'
2023-01-14 00:25:10.021 +05:30  INF  Route matched with {action = "GetAttendanceOfEmployee", controller = "Attendance"}. Executing controller action with signature System.Collections.Generic.List`1[AttendanceTracking.Models.Attendance] GetAttendanceOfEmployee(System.String, System.DateTime, System.DateTime, System.DateTime) on controller AttendanceTracking.Controllers.AttendanceController (AttendanceTracking).
2023-01-14 00:25:10.168 +05:30  INF  GetAttendanceOfEmployee method called
2023-01-14 00:25:11.338 +05:30  INF  Executed DbCommand (26ms) [Parameters=[@__managerEmail_0='?' (Size = 4000)], CommandType='"Text"', CommandTimeout='30']
SELECT TOP(1) [m].[managerId], [m].[departmentId], [m].[managerEmail], [m].[managerName]
FROM [managers] AS [m]
WHERE [m].[managerEmail] = @__managerEmail_0
2023-01-14 00:25:11.399 +05:30  INF  Executed DbCommand (3ms) [Parameters=[@__managerId_0='?' (DbType = Int32)], CommandType='"Text"', CommandTimeout='30']
SELECT [e].[employeeId], [e].[employeeEmail], [e].[employeeName], [e].[managerId]
FROM [employees] AS [e]
WHERE [e].[managerId] = @__managerId_0
2023-01-14 00:25:11.420 +05:30  INF  Executed DbCommand (2ms) [Parameters=[@__employeeId_0='?' (DbType = Int32)], CommandType='"Text"', CommandTimeout='30']
SELECT [a].[id], [a].[checkInTime], [a].[checkOutTime], [a].[date], [a].[employeeId]
FROM [attendances] AS [a]
WHERE [a].[employeeId] = @__employeeId_0
2023-01-14 00:25:11.437 +05:30  INF  Executed DbCommand (2ms) [Parameters=[@__employeeId_0='?' (DbType = Int32)], CommandType='"Text"', CommandTimeout='30']
SELECT [a].[id], [a].[checkInTime], [a].[checkOutTime], [a].[date], [a].[employeeId]
FROM [attendances] AS [a]
WHERE [a].[employeeId] = @__employeeId_0
2023-01-14 00:25:11.442 +05:30  INF  Executing ObjectResult, writing value of type 'System.Collections.Generic.List`1[[AttendanceTracking.Models.Attendance, AttendanceTracking, Version=1.0.0.0, Culture=neutral, PublicKeyToken=null]]'.
2023-01-14 00:25:11.461 +05:30  INF  Executed action AttendanceTracking.Controllers.AttendanceController.GetAttendanceOfEmployee (AttendanceTracking) in 1436.7555ms
2023-01-14 00:25:11.461 +05:30  INF  Executed endpoint 'AttendanceTracking.Controllers.AttendanceController.GetAttendanceOfEmployee (AttendanceTracking)'
2023-01-14 00:25:11.467 +05:30  INF  Request finished HTTP/1.1 GET http://localhost:5073/GetAttendanceOfEmployee/ajay@gmail.com/2023-01-13 00:00:00.000/2023-01-13 09:00:00.000/2023-01-13 23:00:00.000 - - - 200 - application/json;+charset=utf-8 1478.5881ms
2023-01-14 00:26:51.366 +05:30  INF  Application is shutting down...
