2023-01-11 00:06:50.223 +05:30  INF  Application is shutting down...
2023-01-11 00:07:05.660 +05:30  INF  Now listening on: http://localhost:5073
2023-01-11 00:07:05.698 +05:30  INF  Application started. Press Ctrl+C to shut down.
2023-01-11 00:07:05.699 +05:30  INF  Hosting environment: Development
2023-01-11 00:07:05.699 +05:30  INF  Content root path: /Users/mageshkumarn/Documents/AttendanceTracking/AttendanceTracking
2023-01-11 00:07:10.472 +05:30  INF  Request starting HTTP/1.1 GET http://localhost:5073/swagger/index.html - -
2023-01-11 00:07:10.581 +05:30  INF  Request finished HTTP/1.1 GET http://localhost:5073/swagger/index.html - - - 200 - text/html;charset=utf-8 111.8842ms
2023-01-11 00:07:11.142 +05:30  INF  Request starting HTTP/1.1 GET http://localhost:5073/swagger/v1/swagger.json - -
2023-01-11 00:07:11.242 +05:30  INF  Request finished HTTP/1.1 GET http://localhost:5073/swagger/v1/swagger.json - - - 200 - application/json;charset=utf-8 99.7633ms
2023-01-11 00:07:46.284 +05:30  INF  Request starting HTTP/1.1 POST http://localhost:5073/AddEmployee application/json 111
2023-01-11 00:07:46.294 +05:30  WRN  Failed to determine the https port for redirect.
2023-01-11 00:07:46.302 +05:30  INF  Executing endpoint 'AttendanceTracking.Controllers.EmployeeController.AddEmployee (AttendanceTracking)'
2023-01-11 00:07:46.336 +05:30  INF  Route matched with {action = "AddEmployee", controller = "Employee"}. Executing controller action with signature Microsoft.AspNetCore.Mvc.IActionResult AddEmployee(AttendanceTracking.Data.Models.EmployeeVM) on controller AttendanceTracking.Controllers.EmployeeController (AttendanceTracking).
2023-01-11 00:07:48.389 +05:30  INF  Executed DbCommand (50ms) [Parameters=[@__managerEmail_0='?' (Size = 4000)], CommandType='"Text"', CommandTimeout='30']
SELECT TOP(1) [m].[managerId], [m].[departmentId], [m].[managerEmail], [m].[managerName]
FROM [managers] AS [m]
WHERE [m].[managerEmail] = @__managerEmail_0
2023-01-11 00:07:48.690 +05:30  INF  Executed DbCommand (14ms) [Parameters=[@p0='?' (Size = 4000), @p1='?' (Size = 4000), @p2='?' (DbType = Int32)], CommandType='"Text"', CommandTimeout='30']
SET IMPLICIT_TRANSACTIONS OFF;
SET NOCOUNT ON;
INSERT INTO [employees] ([employeeEmail], [employeeName], [managerId])
OUTPUT INSERTED.[employeeId]
VALUES (@p0, @p1, @p2);
2023-01-11 00:07:48.722 +05:30  INF  Executing StatusCodeResult, setting HTTP status code 200
2023-01-11 00:07:48.728 +05:30  INF  Executed action AttendanceTracking.Controllers.EmployeeController.AddEmployee (AttendanceTracking) in 2386.0261ms
2023-01-11 00:07:48.728 +05:30  INF  Executed endpoint 'AttendanceTracking.Controllers.EmployeeController.AddEmployee (AttendanceTracking)'
2023-01-11 00:07:48.740 +05:30  INF  Request finished HTTP/1.1 POST http://localhost:5073/AddEmployee application/json 111 - 200 0 - 2456.5577ms
2023-01-11 00:08:51.957 +05:30  INF  Application is shutting down...
2023-01-11 00:09:32.589 +05:30  INF  Now listening on: http://localhost:5073
2023-01-11 00:09:32.626 +05:30  INF  Application started. Press Ctrl+C to shut down.
2023-01-11 00:09:32.627 +05:30  INF  Hosting environment: Development
2023-01-11 00:09:32.627 +05:30  INF  Content root path: /Users/mageshkumarn/Documents/AttendanceTracking/AttendanceTracking
2023-01-11 00:09:40.184 +05:30  INF  Request starting HTTP/1.1 GET http://localhost:5073/swagger/index.html - -
2023-01-11 00:09:40.321 +05:30  INF  Request finished HTTP/1.1 GET http://localhost:5073/swagger/index.html - - - 200 - text/html;charset=utf-8 140.4843ms
2023-01-11 00:09:40.827 +05:30  INF  Request starting HTTP/1.1 GET http://localhost:5073/swagger/v1/swagger.json - -
2023-01-11 00:09:40.941 +05:30  INF  Request finished HTTP/1.1 GET http://localhost:5073/swagger/v1/swagger.json - - - 200 - application/json;charset=utf-8 113.5336ms
2023-01-11 00:10:12.536 +05:30  INF  Request starting HTTP/1.1 POST http://localhost:5073/AddEmployee application/json 111
2023-01-11 00:10:12.551 +05:30  WRN  Failed to determine the https port for redirect.
2023-01-11 00:10:12.559 +05:30  INF  Executing endpoint 'AttendanceTracking.Controllers.EmployeeController.AddEmployee (AttendanceTracking)'
2023-01-11 00:10:12.593 +05:30  INF  Route matched with {action = "AddEmployee", controller = "Employee"}. Executing controller action with signature Microsoft.AspNetCore.Mvc.IActionResult AddEmployee(AttendanceTracking.Data.Models.EmployeeVM) on controller AttendanceTracking.Controllers.EmployeeController (AttendanceTracking).
2023-01-11 00:10:14.658 +05:30  INF  Executed DbCommand (45ms) [Parameters=[@__managerEmail_0='?' (Size = 4000)], CommandType='"Text"', CommandTimeout='30']
SELECT TOP(1) [m].[managerId], [m].[departmentId], [m].[managerEmail], [m].[managerName]
FROM [managers] AS [m]
WHERE [m].[managerEmail] = @__managerEmail_0
2023-01-11 00:10:14.953 +05:30  INF  Executed DbCommand (10ms) [Parameters=[@p0='?' (Size = 4000), @p1='?' (Size = 4000), @p2='?' (DbType = Int32)], CommandType='"Text"', CommandTimeout='30']
SET IMPLICIT_TRANSACTIONS OFF;
SET NOCOUNT ON;
INSERT INTO [employees] ([employeeEmail], [employeeName], [managerId])
OUTPUT INSERTED.[employeeId]
VALUES (@p0, @p1, @p2);
2023-01-11 00:10:14.989 +05:30  INF  Executing StatusCodeResult, setting HTTP status code 200
2023-01-11 00:10:14.995 +05:30  INF  Executed action AttendanceTracking.Controllers.EmployeeController.AddEmployee (AttendanceTracking) in 2396.19ms
2023-01-11 00:10:14.995 +05:30  INF  Executed endpoint 'AttendanceTracking.Controllers.EmployeeController.AddEmployee (AttendanceTracking)'
2023-01-11 00:10:15.008 +05:30  INF  Request finished HTTP/1.1 POST http://localhost:5073/AddEmployee application/json 111 - 200 0 - 2471.7169ms
2023-01-11 00:11:21.965 +05:30  INF  Application is shutting down...
2023-01-11 00:11:30.945 +05:30  INF  Now listening on: http://localhost:5073
2023-01-11 00:11:30.991 +05:30  INF  Application started. Press Ctrl+C to shut down.
2023-01-11 00:11:30.991 +05:30  INF  Hosting environment: Development
2023-01-11 00:11:30.991 +05:30  INF  Content root path: /Users/mageshkumarn/Documents/AttendanceTracking/AttendanceTracking
2023-01-11 00:11:32.881 +05:30  INF  Request starting HTTP/1.1 GET http://localhost:5073/swagger/index.html - -
2023-01-11 00:11:33.003 +05:30  INF  Request finished HTTP/1.1 GET http://localhost:5073/swagger/index.html - - - 200 - text/html;charset=utf-8 123.8207ms
2023-01-11 00:11:33.370 +05:30  INF  Request starting HTTP/1.1 GET http://localhost:5073/swagger/v1/swagger.json - -
2023-01-11 00:11:33.478 +05:30  INF  Request finished HTTP/1.1 GET http://localhost:5073/swagger/v1/swagger.json - - - 200 - application/json;charset=utf-8 108.6261ms
2023-01-11 00:12:09.233 +05:30  INF  Request starting HTTP/1.1 POST http://localhost:5073/AddEmployee application/json 111
2023-01-11 00:12:09.244 +05:30  WRN  Failed to determine the https port for redirect.
2023-01-11 00:12:09.266 +05:30  INF  Executing endpoint 'AttendanceTracking.Controllers.EmployeeController.AddEmployee (AttendanceTracking)'
2023-01-11 00:12:09.305 +05:30  INF  Route matched with {action = "AddEmployee", controller = "Employee"}. Executing controller action with signature Microsoft.AspNetCore.Mvc.IActionResult AddEmployee(AttendanceTracking.Data.Models.EmployeeVM) on controller AttendanceTracking.Controllers.EmployeeController (AttendanceTracking).
2023-01-11 00:12:11.273 +05:30  INF  Executed DbCommand (44ms) [Parameters=[@__managerEmail_0='?' (Size = 4000)], CommandType='"Text"', CommandTimeout='30']
SELECT TOP(1) [m].[managerId], [m].[departmentId], [m].[managerEmail], [m].[managerName]
FROM [managers] AS [m]
WHERE [m].[managerEmail] = @__managerEmail_0
2023-01-11 00:12:11.574 +05:30  INF  Executed DbCommand (10ms) [Parameters=[@p0='?' (Size = 4000), @p1='?' (Size = 4000), @p2='?' (DbType = Int32)], CommandType='"Text"', CommandTimeout='30']
SET IMPLICIT_TRANSACTIONS OFF;
SET NOCOUNT ON;
INSERT INTO [employees] ([employeeEmail], [employeeName], [managerId])
OUTPUT INSERTED.[employeeId]
VALUES (@p0, @p1, @p2);
2023-01-11 00:12:11.608 +05:30  INF  Executing StatusCodeResult, setting HTTP status code 200
2023-01-11 00:12:11.615 +05:30  INF  Executed action AttendanceTracking.Controllers.EmployeeController.AddEmployee (AttendanceTracking) in 2303.3493ms
2023-01-11 00:12:11.615 +05:30  INF  Executed endpoint 'AttendanceTracking.Controllers.EmployeeController.AddEmployee (AttendanceTracking)'
2023-01-11 00:12:11.626 +05:30  INF  Request finished HTTP/1.1 POST http://localhost:5073/AddEmployee application/json 111 - 200 0 - 2392.3907ms
2023-01-11 00:20:00.527 +05:30  INF  Application is shutting down...
2023-01-11 00:25:33.577 +05:30  INF  Now listening on: http://localhost:5073
2023-01-11 00:25:33.621 +05:30  INF  Application started. Press Ctrl+C to shut down.
2023-01-11 00:25:33.622 +05:30  INF  Hosting environment: Development
2023-01-11 00:25:33.622 +05:30  INF  Content root path: /Users/mageshkumarn/Documents/AttendanceTracking/AttendanceTracking
2023-01-11 00:25:58.387 +05:30  INF  Request starting HTTP/1.1 GET http://localhost:5073/swagger/index.html - -
2023-01-11 00:25:58.535 +05:30  INF  Request finished HTTP/1.1 GET http://localhost:5073/swagger/index.html - - - 200 - text/html;charset=utf-8 152.7497ms
2023-01-11 00:25:59.064 +05:30  INF  Request starting HTTP/1.1 GET http://localhost:5073/swagger/v1/swagger.json - -
2023-01-11 00:25:59.176 +05:30  INF  Request finished HTTP/1.1 GET http://localhost:5073/swagger/v1/swagger.json - - - 200 - application/json;charset=utf-8 112.0050ms
2023-01-11 00:26:26.041 +05:30  INF  Request starting HTTP/1.1 POST http://localhost:5073/AddEmployee application/json 105
2023-01-11 00:26:26.056 +05:30  WRN  Failed to determine the https port for redirect.
2023-01-11 00:26:26.064 +05:30  INF  Executing endpoint 'AttendanceTracking.Controllers.EmployeeController.AddEmployee (AttendanceTracking)'
2023-01-11 00:26:26.102 +05:30  INF  Route matched with {action = "AddEmployee", controller = "Employee"}. Executing controller action with signature Microsoft.AspNetCore.Mvc.IActionResult AddEmployee(AttendanceTracking.Data.Models.EmployeeVM) on controller AttendanceTracking.Controllers.EmployeeController (AttendanceTracking).
2023-01-11 00:26:26.447 +05:30  INF  Executed action AttendanceTracking.Controllers.EmployeeController.AddEmployee (AttendanceTracking) in 338.8956ms
2023-01-11 00:26:26.449 +05:30  INF  Executed endpoint 'AttendanceTracking.Controllers.EmployeeController.AddEmployee (AttendanceTracking)'
2023-01-11 00:26:26.453 +05:30  ERR  An unhandled exception has occurred while executing the request.System.NullReferenceException: Object reference not set to an instance of an object.
   at AttendanceTracking.Data.Validators.EmployeeVMValidator.UniqueEmail(String employeeEmail) in /Users/mageshkumarn/Documents/AttendanceTracking/AttendanceTracking/Data/Validators/EmployeeVMValidator.cs:line 19
   at FluentValidation.DefaultValidatorExtensions.<>c__DisplayClass27_0`2.<Must>b__0(T x, TProperty val) in /Users/jskinner/code/FluentValidation/src/FluentValidation/DefaultValidatorExtensions.cs:line 412
   at FluentValidation.DefaultValidatorExtensions.<>c__DisplayClass28_0`2.<Must>b__0(T x, TProperty val, ValidationContext`1 _) in /Users/jskinner/code/FluentValidation/src/FluentValidation/DefaultValidatorExtensions.cs:line 428
   at FluentValidation.DefaultValidatorExtensions.<>c__DisplayClass29_0`2.<Must>b__0(T instance, TProperty property, ValidationContext`1 propertyValidatorContext) in /Users/jskinner/code/FluentValidation/src/FluentValidation/DefaultValidatorExtensions.cs:line 444
   at FluentValidation.Validators.PredicateValidator`2.IsValid(ValidationContext`1 context, TProperty value) in /Users/jskinner/code/FluentValidation/src/FluentValidation/Validators/PredicateValidator.cs:line 37
   at FluentValidation.Internal.RuleComponent`2.InvokePropertyValidator(ValidationContext`1 context, TProperty value) in /Users/jskinner/code/FluentValidation/src/FluentValidation/Internal/RuleComponent.cs:line 92
   at FluentValidation.Internal.RuleComponent`2.ValidateAsync(ValidationContext`1 context, TProperty value, Boolean useAsync, CancellationToken cancellation) in /Users/jskinner/code/FluentValidation/src/FluentValidation/Internal/RuleComponent.cs:line 83
   at FluentValidation.Internal.PropertyRule`2.ValidateAsync(ValidationContext`1 context, Boolean useAsync, CancellationToken cancellation) in /Users/jskinner/code/FluentValidation/src/FluentValidation/Internal/PropertyRule.cs:line 143
   at FluentValidation.AbstractValidator`1.ValidateInternalAsync(ValidationContext`1 context, Boolean useAsync, CancellationToken cancellation) in /Users/jskinner/code/FluentValidation/src/FluentValidation/AbstractValidator.cs:line 239
   at FluentValidation.AbstractValidator`1.Validate(ValidationContext`1 context) in /Users/jskinner/code/FluentValidation/src/FluentValidation/AbstractValidator.cs:line 202
   at FluentValidation.AbstractValidator`1.FluentValidation.IValidator.Validate(IValidationContext context) in /Users/jskinner/code/FluentValidation/src/FluentValidation/AbstractValidator.cs:line 153
   at FluentValidation.AspNetCore.FluentValidationModelValidator.Validate(ModelValidationContext mvContext) in /Users/jskinner/code/FluentValidation.AspNetCore/src/FluentValidation.AspNetCore/FluentValidationModelValidatorProvider.cs:line 128
   at Microsoft.AspNetCore.Mvc.ModelBinding.Validation.ValidationVisitor.ValidateNode()
   at Microsoft.AspNetCore.Mvc.ModelBinding.Validation.ValidationVisitor.VisitComplexType(IValidationStrategy defaultStrategy)
   at Microsoft.AspNetCore.Mvc.ModelBinding.Validation.ValidationVisitor.VisitImplementation(ModelMetadata& metadata, String& key, Object model)
   at Microsoft.AspNetCore.Mvc.ModelBinding.Validation.ValidationVisitor.Visit(ModelMetadata metadata, String key, Object model)
   at FluentValidation.AspNetCore.FluentValidationVisitor.<>n__1(ModelMetadata metadata, String key, Object model, Boolean alwaysValidateAtTopLevel, Object container)
   at FluentValidation.AspNetCore.FluentValidationVisitor.<>c__DisplayClass2_0.<Validate>g__BaseValidate|0() in /Users/jskinner/code/FluentValidation.AspNetCore/src/FluentValidation.AspNetCore/FluentValidationVisitor.cs:line 45
   at FluentValidation.AspNetCore.FluentValidationVisitor.ValidateInternal(ModelMetadata metadata, String key, Object model, Func`1 continuation) in /Users/jskinner/code/FluentValidation.AspNetCore/src/FluentValidation.AspNetCore/FluentValidationVisitor.cs:line 63
   at FluentValidation.AspNetCore.FluentValidationVisitor.Validate(ModelMetadata metadata, String key, Object model, Boolean alwaysValidateAtTopLevel, Object container) in /Users/jskinner/code/FluentValidation.AspNetCore/src/FluentValidation.AspNetCore/FluentValidationVisitor.cs:line 47
   at Microsoft.AspNetCore.Mvc.ModelBinding.ObjectModelValidator.Validate(ActionContext actionContext, ValidationStateDictionary validationState, String prefix, Object model, ModelMetadata metadata, Object container)
   at Microsoft.AspNetCore.Mvc.ModelBinding.ParameterBinder.EnforceBindRequiredAndValidate(ObjectModelValidator baseObjectValidator, ActionContext actionContext, ParameterDescriptor parameter, ModelMetadata metadata, ModelBindingContext modelBindingContext, ModelBindingResult modelBindingResult, Object container)
   at Microsoft.AspNetCore.Mvc.ModelBinding.ParameterBinder.BindModelAsync(ActionContext actionContext, IModelBinder modelBinder, IValueProvider valueProvider, ParameterDescriptor parameter, ModelMetadata metadata, Object value, Object container)
   at Microsoft.AspNetCore.Mvc.Controllers.ControllerBinderDelegateProvider.<>c__DisplayClass0_0.<<CreateBinderDelegate>g__Bind|0>d.MoveNext()
--- End of stack trace from previous location ---
   at Microsoft.AspNetCore.Mvc.Infrastructure.ControllerActionInvoker.<InvokeInnerFilterAsync>g__Awaited|13_0(ControllerActionInvoker invoker, Task lastTask, State next, Scope scope, Object state, Boolean isCompleted)
   at Microsoft.AspNetCore.Mvc.Infrastructure.ResourceInvoker.<InvokeFilterPipelineAsync>g__Awaited|20_0(ResourceInvoker invoker, Task lastTask, State next, Scope scope, Object state, Boolean isCompleted)
   at Microsoft.AspNetCore.Mvc.Infrastructure.ResourceInvoker.<InvokeAsync>g__Logged|17_1(ResourceInvoker invoker)
   at Microsoft.AspNetCore.Mvc.Infrastructure.ResourceInvoker.<InvokeAsync>g__Logged|17_1(ResourceInvoker invoker)
   at Microsoft.AspNetCore.Routing.EndpointMiddleware.<Invoke>g__AwaitRequestTask|6_0(Endpoint endpoint, Task requestTask, ILogger logger)
   at Microsoft.AspNetCore.Authorization.AuthorizationMiddleware.Invoke(HttpContext context)
   at Swashbuckle.AspNetCore.SwaggerUI.SwaggerUIMiddleware.Invoke(HttpContext httpContext)
   at Swashbuckle.AspNetCore.Swagger.SwaggerMiddleware.Invoke(HttpContext httpContext, ISwaggerProvider swaggerProvider)
   at Microsoft.AspNetCore.Authentication.AuthenticationMiddleware.Invoke(HttpContext context)
   at Microsoft.AspNetCore.Diagnostics.DeveloperExceptionPageMiddlewareImpl.Invoke(HttpContext context)

2023-01-11 00:26:26.521 +05:30  INF  Request finished HTTP/1.1 POST http://localhost:5073/AddEmployee application/json 105 - 500 - text/plain;+charset=utf-8 480.1906ms
2023-01-11 00:26:45.920 +05:30  INF  Request starting HTTP/1.1 POST http://localhost:5073/AddEmployee application/json 105
2023-01-11 00:26:45.920 +05:30  INF  Executing endpoint 'AttendanceTracking.Controllers.EmployeeController.AddEmployee (AttendanceTracking)'
2023-01-11 00:26:45.921 +05:30  INF  Route matched with {action = "AddEmployee", controller = "Employee"}. Executing controller action with signature Microsoft.AspNetCore.Mvc.IActionResult AddEmployee(AttendanceTracking.Data.Models.EmployeeVM) on controller AttendanceTracking.Controllers.EmployeeController (AttendanceTracking).
2023-01-11 00:26:45.933 +05:30  INF  Executed action AttendanceTracking.Controllers.EmployeeController.AddEmployee (AttendanceTracking) in 12.601ms
2023-01-11 00:26:45.934 +05:30  INF  Executed endpoint 'AttendanceTracking.Controllers.EmployeeController.AddEmployee (AttendanceTracking)'
2023-01-11 00:26:45.934 +05:30  ERR  An unhandled exception has occurred while executing the request.System.NullReferenceException: Object reference not set to an instance of an object.
   at AttendanceTracking.Data.Validators.EmployeeVMValidator.UniqueEmail(String employeeEmail) in /Users/mageshkumarn/Documents/AttendanceTracking/AttendanceTracking/Data/Validators/EmployeeVMValidator.cs:line 19
   at FluentValidation.DefaultValidatorExtensions.<>c__DisplayClass27_0`2.<Must>b__0(T x, TProperty val) in /Users/jskinner/code/FluentValidation/src/FluentValidation/DefaultValidatorExtensions.cs:line 412
   at FluentValidation.DefaultValidatorExtensions.<>c__DisplayClass28_0`2.<Must>b__0(T x, TProperty val, ValidationContext`1 _) in /Users/jskinner/code/FluentValidation/src/FluentValidation/DefaultValidatorExtensions.cs:line 428
   at FluentValidation.DefaultValidatorExtensions.<>c__DisplayClass29_0`2.<Must>b__0(T instance, TProperty property, ValidationContext`1 propertyValidatorContext) in /Users/jskinner/code/FluentValidation/src/FluentValidation/DefaultValidatorExtensions.cs:line 444
   at FluentValidation.Validators.PredicateValidator`2.IsValid(ValidationContext`1 context, TProperty value) in /Users/jskinner/code/FluentValidation/src/FluentValidation/Validators/PredicateValidator.cs:line 37
   at FluentValidation.Internal.RuleComponent`2.InvokePropertyValidator(ValidationContext`1 context, TProperty value) in /Users/jskinner/code/FluentValidation/src/FluentValidation/Internal/RuleComponent.cs:line 92
   at FluentValidation.Internal.RuleComponent`2.ValidateAsync(ValidationContext`1 context, TProperty value, Boolean useAsync, CancellationToken cancellation) in /Users/jskinner/code/FluentValidation/src/FluentValidation/Internal/RuleComponent.cs:line 83
   at FluentValidation.Internal.PropertyRule`2.ValidateAsync(ValidationContext`1 context, Boolean useAsync, CancellationToken cancellation) in /Users/jskinner/code/FluentValidation/src/FluentValidation/Internal/PropertyRule.cs:line 143
   at FluentValidation.AbstractValidator`1.ValidateInternalAsync(ValidationContext`1 context, Boolean useAsync, CancellationToken cancellation) in /Users/jskinner/code/FluentValidation/src/FluentValidation/AbstractValidator.cs:line 239
   at FluentValidation.AbstractValidator`1.Validate(ValidationContext`1 context) in /Users/jskinner/code/FluentValidation/src/FluentValidation/AbstractValidator.cs:line 202
   at FluentValidation.AbstractValidator`1.FluentValidation.IValidator.Validate(IValidationContext context) in /Users/jskinner/code/FluentValidation/src/FluentValidation/AbstractValidator.cs:line 153
   at FluentValidation.AspNetCore.FluentValidationModelValidator.Validate(ModelValidationContext mvContext) in /Users/jskinner/code/FluentValidation.AspNetCore/src/FluentValidation.AspNetCore/FluentValidationModelValidatorProvider.cs:line 128
   at Microsoft.AspNetCore.Mvc.ModelBinding.Validation.ValidationVisitor.ValidateNode()
   at Microsoft.AspNetCore.Mvc.ModelBinding.Validation.ValidationVisitor.VisitComplexType(IValidationStrategy defaultStrategy)
   at Microsoft.AspNetCore.Mvc.ModelBinding.Validation.ValidationVisitor.VisitImplementation(ModelMetadata& metadata, String& key, Object model)
   at Microsoft.AspNetCore.Mvc.ModelBinding.Validation.ValidationVisitor.Visit(ModelMetadata metadata, String key, Object model)
   at FluentValidation.AspNetCore.FluentValidationVisitor.<>n__1(ModelMetadata metadata, String key, Object model, Boolean alwaysValidateAtTopLevel, Object container)
   at FluentValidation.AspNetCore.FluentValidationVisitor.<>c__DisplayClass2_0.<Validate>g__BaseValidate|0() in /Users/jskinner/code/FluentValidation.AspNetCore/src/FluentValidation.AspNetCore/FluentValidationVisitor.cs:line 45
   at FluentValidation.AspNetCore.FluentValidationVisitor.ValidateInternal(ModelMetadata metadata, String key, Object model, Func`1 continuation) in /Users/jskinner/code/FluentValidation.AspNetCore/src/FluentValidation.AspNetCore/FluentValidationVisitor.cs:line 63
   at FluentValidation.AspNetCore.FluentValidationVisitor.Validate(ModelMetadata metadata, String key, Object model, Boolean alwaysValidateAtTopLevel, Object container) in /Users/jskinner/code/FluentValidation.AspNetCore/src/FluentValidation.AspNetCore/FluentValidationVisitor.cs:line 47
   at Microsoft.AspNetCore.Mvc.ModelBinding.ObjectModelValidator.Validate(ActionContext actionContext, ValidationStateDictionary validationState, String prefix, Object model, ModelMetadata metadata, Object container)
   at Microsoft.AspNetCore.Mvc.ModelBinding.ParameterBinder.EnforceBindRequiredAndValidate(ObjectModelValidator baseObjectValidator, ActionContext actionContext, ParameterDescriptor parameter, ModelMetadata metadata, ModelBindingContext modelBindingContext, ModelBindingResult modelBindingResult, Object container)
   at Microsoft.AspNetCore.Mvc.ModelBinding.ParameterBinder.BindModelAsync(ActionContext actionContext, IModelBinder modelBinder, IValueProvider valueProvider, ParameterDescriptor parameter, ModelMetadata metadata, Object value, Object container)
   at Microsoft.AspNetCore.Mvc.Controllers.ControllerBinderDelegateProvider.<>c__DisplayClass0_0.<<CreateBinderDelegate>g__Bind|0>d.MoveNext()
--- End of stack trace from previous location ---
   at Microsoft.AspNetCore.Mvc.Infrastructure.ControllerActionInvoker.<InvokeInnerFilterAsync>g__Awaited|13_0(ControllerActionInvoker invoker, Task lastTask, State next, Scope scope, Object state, Boolean isCompleted)
   at Microsoft.AspNetCore.Mvc.Infrastructure.ResourceInvoker.<InvokeFilterPipelineAsync>g__Awaited|20_0(ResourceInvoker invoker, Task lastTask, State next, Scope scope, Object state, Boolean isCompleted)
   at Microsoft.AspNetCore.Mvc.Infrastructure.ResourceInvoker.<InvokeAsync>g__Logged|17_1(ResourceInvoker invoker)
   at Microsoft.AspNetCore.Mvc.Infrastructure.ResourceInvoker.<InvokeAsync>g__Logged|17_1(ResourceInvoker invoker)
   at Microsoft.AspNetCore.Routing.EndpointMiddleware.<Invoke>g__AwaitRequestTask|6_0(Endpoint endpoint, Task requestTask, ILogger logger)
   at Microsoft.AspNetCore.Authorization.AuthorizationMiddleware.Invoke(HttpContext context)
   at Swashbuckle.AspNetCore.SwaggerUI.SwaggerUIMiddleware.Invoke(HttpContext httpContext)
   at Swashbuckle.AspNetCore.Swagger.SwaggerMiddleware.Invoke(HttpContext httpContext, ISwaggerProvider swaggerProvider)
   at Microsoft.AspNetCore.Authentication.AuthenticationMiddleware.Invoke(HttpContext context)
   at Microsoft.AspNetCore.Diagnostics.DeveloperExceptionPageMiddlewareImpl.Invoke(HttpContext context)

2023-01-11 00:26:45.937 +05:30  INF  Request finished HTTP/1.1 POST http://localhost:5073/AddEmployee application/json 105 - 500 - text/plain;+charset=utf-8 17.4647ms
2023-01-11 00:29:48.469 +05:30  INF  Application is shutting down...
2023-01-11 00:29:56.232 +05:30  INF  Now listening on: http://localhost:5073
2023-01-11 00:29:56.269 +05:30  INF  Application started. Press Ctrl+C to shut down.
2023-01-11 00:29:56.269 +05:30  INF  Hosting environment: Development
2023-01-11 00:29:56.269 +05:30  INF  Content root path: /Users/mageshkumarn/Documents/AttendanceTracking/AttendanceTracking
2023-01-11 00:29:57.793 +05:30  INF  Request starting HTTP/1.1 GET http://localhost:5073/swagger/index.html - -
2023-01-11 00:29:57.931 +05:30  INF  Request finished HTTP/1.1 GET http://localhost:5073/swagger/index.html - - - 200 - text/html;charset=utf-8 141.4143ms
2023-01-11 00:29:58.451 +05:30  INF  Request starting HTTP/1.1 GET http://localhost:5073/swagger/v1/swagger.json - -
2023-01-11 00:29:58.564 +05:30  INF  Request finished HTTP/1.1 GET http://localhost:5073/swagger/v1/swagger.json - - - 200 - application/json;charset=utf-8 113.1828ms
2023-01-11 00:30:33.135 +05:30  INF  Request starting HTTP/1.1 POST http://localhost:5073/AddEmployee application/json 111
2023-01-11 00:30:33.144 +05:30  WRN  Failed to determine the https port for redirect.
2023-01-11 00:30:33.151 +05:30  INF  Executing endpoint 'AttendanceTracking.Controllers.EmployeeController.AddEmployee (AttendanceTracking)'
2023-01-11 00:30:33.177 +05:30  INF  Route matched with {action = "AddEmployee", controller = "Employee"}. Executing controller action with signature Microsoft.AspNetCore.Mvc.IActionResult AddEmployee(AttendanceTracking.Data.Models.EmployeeVM) on controller AttendanceTracking.Controllers.EmployeeController (AttendanceTracking).
2023-01-11 00:30:33.465 +05:30  INF  Executed action AttendanceTracking.Controllers.EmployeeController.AddEmployee (AttendanceTracking) in 281.8319ms
2023-01-11 00:30:33.467 +05:30  INF  Executed endpoint 'AttendanceTracking.Controllers.EmployeeController.AddEmployee (AttendanceTracking)'
2023-01-11 00:30:33.469 +05:30  ERR  An unhandled exception has occurred while executing the request.System.NullReferenceException: Object reference not set to an instance of an object.
   at AttendanceTracking.Data.Validators.EmployeeVMValidator.UniqueEmail(String employeeEmail) in /Users/mageshkumarn/Documents/AttendanceTracking/AttendanceTracking/Data/Validators/EmployeeVMValidator.cs:line 19
   at FluentValidation.DefaultValidatorExtensions.<>c__DisplayClass27_0`2.<Must>b__0(T x, TProperty val) in /Users/jskinner/code/FluentValidation/src/FluentValidation/DefaultValidatorExtensions.cs:line 412
   at FluentValidation.DefaultValidatorExtensions.<>c__DisplayClass28_0`2.<Must>b__0(T x, TProperty val, ValidationContext`1 _) in /Users/jskinner/code/FluentValidation/src/FluentValidation/DefaultValidatorExtensions.cs:line 428
   at FluentValidation.DefaultValidatorExtensions.<>c__DisplayClass29_0`2.<Must>b__0(T instance, TProperty property, ValidationContext`1 propertyValidatorContext) in /Users/jskinner/code/FluentValidation/src/FluentValidation/DefaultValidatorExtensions.cs:line 444
   at FluentValidation.Validators.PredicateValidator`2.IsValid(ValidationContext`1 context, TProperty value) in /Users/jskinner/code/FluentValidation/src/FluentValidation/Validators/PredicateValidator.cs:line 37
   at FluentValidation.Internal.RuleComponent`2.InvokePropertyValidator(ValidationContext`1 context, TProperty value) in /Users/jskinner/code/FluentValidation/src/FluentValidation/Internal/RuleComponent.cs:line 92
   at FluentValidation.Internal.RuleComponent`2.ValidateAsync(ValidationContext`1 context, TProperty value, Boolean useAsync, CancellationToken cancellation) in /Users/jskinner/code/FluentValidation/src/FluentValidation/Internal/RuleComponent.cs:line 83
   at FluentValidation.Internal.PropertyRule`2.ValidateAsync(ValidationContext`1 context, Boolean useAsync, CancellationToken cancellation) in /Users/jskinner/code/FluentValidation/src/FluentValidation/Internal/PropertyRule.cs:line 143
   at FluentValidation.AbstractValidator`1.ValidateInternalAsync(ValidationContext`1 context, Boolean useAsync, CancellationToken cancellation) in /Users/jskinner/code/FluentValidation/src/FluentValidation/AbstractValidator.cs:line 239
   at FluentValidation.AbstractValidator`1.Validate(ValidationContext`1 context) in /Users/jskinner/code/FluentValidation/src/FluentValidation/AbstractValidator.cs:line 202
   at FluentValidation.AbstractValidator`1.FluentValidation.IValidator.Validate(IValidationContext context) in /Users/jskinner/code/FluentValidation/src/FluentValidation/AbstractValidator.cs:line 153
   at FluentValidation.AspNetCore.FluentValidationModelValidator.Validate(ModelValidationContext mvContext) in /Users/jskinner/code/FluentValidation.AspNetCore/src/FluentValidation.AspNetCore/FluentValidationModelValidatorProvider.cs:line 128
   at Microsoft.AspNetCore.Mvc.ModelBinding.Validation.ValidationVisitor.ValidateNode()
   at Microsoft.AspNetCore.Mvc.ModelBinding.Validation.ValidationVisitor.VisitComplexType(IValidationStrategy defaultStrategy)
   at Microsoft.AspNetCore.Mvc.ModelBinding.Validation.ValidationVisitor.VisitImplementation(ModelMetadata& metadata, String& key, Object model)
   at Microsoft.AspNetCore.Mvc.ModelBinding.Validation.ValidationVisitor.Visit(ModelMetadata metadata, String key, Object model)
   at FluentValidation.AspNetCore.FluentValidationVisitor.<>n__1(ModelMetadata metadata, String key, Object model, Boolean alwaysValidateAtTopLevel, Object container)
   at FluentValidation.AspNetCore.FluentValidationVisitor.<>c__DisplayClass2_0.<Validate>g__BaseValidate|0() in /Users/jskinner/code/FluentValidation.AspNetCore/src/FluentValidation.AspNetCore/FluentValidationVisitor.cs:line 45
   at FluentValidation.AspNetCore.FluentValidationVisitor.ValidateInternal(ModelMetadata metadata, String key, Object model, Func`1 continuation) in /Users/jskinner/code/FluentValidation.AspNetCore/src/FluentValidation.AspNetCore/FluentValidationVisitor.cs:line 63
   at FluentValidation.AspNetCore.FluentValidationVisitor.Validate(ModelMetadata metadata, String key, Object model, Boolean alwaysValidateAtTopLevel, Object container) in /Users/jskinner/code/FluentValidation.AspNetCore/src/FluentValidation.AspNetCore/FluentValidationVisitor.cs:line 47
   at Microsoft.AspNetCore.Mvc.ModelBinding.ObjectModelValidator.Validate(ActionContext actionContext, ValidationStateDictionary validationState, String prefix, Object model, ModelMetadata metadata, Object container)
   at Microsoft.AspNetCore.Mvc.ModelBinding.ParameterBinder.EnforceBindRequiredAndValidate(ObjectModelValidator baseObjectValidator, ActionContext actionContext, ParameterDescriptor parameter, ModelMetadata metadata, ModelBindingContext modelBindingContext, ModelBindingResult modelBindingResult, Object container)
   at Microsoft.AspNetCore.Mvc.ModelBinding.ParameterBinder.BindModelAsync(ActionContext actionContext, IModelBinder modelBinder, IValueProvider valueProvider, ParameterDescriptor parameter, ModelMetadata metadata, Object value, Object container)
   at Microsoft.AspNetCore.Mvc.Controllers.ControllerBinderDelegateProvider.<>c__DisplayClass0_0.<<CreateBinderDelegate>g__Bind|0>d.MoveNext()
--- End of stack trace from previous location ---
   at Microsoft.AspNetCore.Mvc.Infrastructure.ControllerActionInvoker.<InvokeInnerFilterAsync>g__Awaited|13_0(ControllerActionInvoker invoker, Task lastTask, State next, Scope scope, Object state, Boolean isCompleted)
   at Microsoft.AspNetCore.Mvc.Infrastructure.ResourceInvoker.<InvokeFilterPipelineAsync>g__Awaited|20_0(ResourceInvoker invoker, Task lastTask, State next, Scope scope, Object state, Boolean isCompleted)
   at Microsoft.AspNetCore.Mvc.Infrastructure.ResourceInvoker.<InvokeAsync>g__Logged|17_1(ResourceInvoker invoker)
   at Microsoft.AspNetCore.Mvc.Infrastructure.ResourceInvoker.<InvokeAsync>g__Logged|17_1(ResourceInvoker invoker)
   at Microsoft.AspNetCore.Routing.EndpointMiddleware.<Invoke>g__AwaitRequestTask|6_0(Endpoint endpoint, Task requestTask, ILogger logger)
   at Microsoft.AspNetCore.Authorization.AuthorizationMiddleware.Invoke(HttpContext context)
   at Swashbuckle.AspNetCore.SwaggerUI.SwaggerUIMiddleware.Invoke(HttpContext httpContext)
   at Swashbuckle.AspNetCore.Swagger.SwaggerMiddleware.Invoke(HttpContext httpContext, ISwaggerProvider swaggerProvider)
   at Microsoft.AspNetCore.Authentication.AuthenticationMiddleware.Invoke(HttpContext context)
   at Microsoft.AspNetCore.Diagnostics.DeveloperExceptionPageMiddlewareImpl.Invoke(HttpContext context)

2023-01-11 00:30:33.504 +05:30  INF  Request finished HTTP/1.1 POST http://localhost:5073/AddEmployee application/json 111 - 500 - text/plain;+charset=utf-8 369.8567ms
2023-01-11 00:32:39.982 +05:30  INF  Application is shutting down...
2023-01-11 00:33:58.834 +05:30  INF  Now listening on: http://localhost:5073
2023-01-11 00:33:58.874 +05:30  INF  Application started. Press Ctrl+C to shut down.
2023-01-11 00:33:58.875 +05:30  INF  Hosting environment: Development
2023-01-11 00:33:58.875 +05:30  INF  Content root path: /Users/mageshkumarn/Documents/AttendanceTracking/AttendanceTracking
2023-01-11 00:34:05.321 +05:30  INF  Request starting HTTP/1.1 GET http://localhost:5073/swagger/index.html - -
2023-01-11 00:34:05.485 +05:30  INF  Request finished HTTP/1.1 GET http://localhost:5073/swagger/index.html - - - 200 - text/html;charset=utf-8 167.0428ms
2023-01-11 00:34:05.911 +05:30  INF  Request starting HTTP/1.1 GET http://localhost:5073/swagger/v1/swagger.json - -
2023-01-11 00:34:06.039 +05:30  INF  Request finished HTTP/1.1 GET http://localhost:5073/swagger/v1/swagger.json - - - 200 - application/json;charset=utf-8 128.4391ms
2023-01-11 00:34:48.271 +05:30  INF  Request starting HTTP/1.1 POST http://localhost:5073/AddEmployee application/json 111
2023-01-11 00:34:48.280 +05:30  WRN  Failed to determine the https port for redirect.
2023-01-11 00:34:48.286 +05:30  INF  Executing endpoint 'AttendanceTracking.Controllers.EmployeeController.AddEmployee (AttendanceTracking)'
2023-01-11 00:34:48.314 +05:30  INF  Route matched with {action = "AddEmployee", controller = "Employee"}. Executing controller action with signature Microsoft.AspNetCore.Mvc.IActionResult AddEmployee(AttendanceTracking.Data.Models.EmployeeVM) on controller AttendanceTracking.Controllers.EmployeeController (AttendanceTracking).
2023-01-11 00:34:50.406 +05:30  INF  Executed DbCommand (51ms) [Parameters=[@__employeeEmail_0='?' (Size = 4000)], CommandType='"Text"', CommandTimeout='30']
SELECT TOP(1) [e].[employeeId], [e].[employeeEmail], [e].[employeeName], [e].[managerId]
FROM [employees] AS [e]
WHERE [e].[employeeEmail] = @__employeeEmail_0
2023-01-11 00:34:50.535 +05:30  INF  Executing BadRequestObjectResult, writing value of type 'Microsoft.AspNetCore.Mvc.ValidationProblemDetails'.
2023-01-11 00:34:50.547 +05:30  INF  Executed action AttendanceTracking.Controllers.EmployeeController.AddEmployee (AttendanceTracking) in 2227.6658ms
2023-01-11 00:34:50.547 +05:30  INF  Executed endpoint 'AttendanceTracking.Controllers.EmployeeController.AddEmployee (AttendanceTracking)'
2023-01-11 00:34:50.558 +05:30  INF  Request finished HTTP/1.1 POST http://localhost:5073/AddEmployee application/json 111 - 400 - application/problem+json;+charset=utf-8 2286.8695ms
2023-01-11 00:35:22.057 +05:30  INF  Request starting HTTP/1.1 POST http://localhost:5073/AddEmployee application/json 107
2023-01-11 00:35:22.059 +05:30  INF  Executing endpoint 'AttendanceTracking.Controllers.EmployeeController.AddEmployee (AttendanceTracking)'
2023-01-11 00:35:22.060 +05:30  INF  Route matched with {action = "AddEmployee", controller = "Employee"}. Executing controller action with signature Microsoft.AspNetCore.Mvc.IActionResult AddEmployee(AttendanceTracking.Data.Models.EmployeeVM) on controller AttendanceTracking.Controllers.EmployeeController (AttendanceTracking).
2023-01-11 00:35:22.112 +05:30  INF  Executed DbCommand (7ms) [Parameters=[@__employeeEmail_0='?' (Size = 4000)], CommandType='"Text"', CommandTimeout='30']
SELECT TOP(1) [e].[employeeId], [e].[employeeEmail], [e].[employeeName], [e].[managerId]
FROM [employees] AS [e]
WHERE [e].[employeeEmail] = @__employeeEmail_0
2023-01-11 00:35:22.135 +05:30  INF  Executed DbCommand (4ms) [Parameters=[@__managerEmail_0='?' (Size = 4000)], CommandType='"Text"', CommandTimeout='30']
SELECT TOP(1) [m].[managerId], [m].[departmentId], [m].[managerEmail], [m].[managerName]
FROM [managers] AS [m]
WHERE [m].[managerEmail] = @__managerEmail_0
2023-01-11 00:35:22.325 +05:30  INF  Executed DbCommand (8ms) [Parameters=[@p0='?' (Size = 4000), @p1='?' (Size = 4000), @p2='?' (DbType = Int32)], CommandType='"Text"', CommandTimeout='30']
SET IMPLICIT_TRANSACTIONS OFF;
SET NOCOUNT ON;
INSERT INTO [employees] ([employeeEmail], [employeeName], [managerId])
OUTPUT INSERTED.[employeeId]
VALUES (@p0, @p1, @p2);
2023-01-11 00:35:22.362 +05:30  INF  Executing StatusCodeResult, setting HTTP status code 200
2023-01-11 00:35:22.363 +05:30  INF  Executed action AttendanceTracking.Controllers.EmployeeController.AddEmployee (AttendanceTracking) in 302.0694ms
2023-01-11 00:35:22.363 +05:30  INF  Executed endpoint 'AttendanceTracking.Controllers.EmployeeController.AddEmployee (AttendanceTracking)'
2023-01-11 00:35:22.364 +05:30  INF  Request finished HTTP/1.1 POST http://localhost:5073/AddEmployee application/json 107 - 200 0 - 306.3317ms
2023-01-11 00:35:41.827 +05:30  INF  Request starting HTTP/1.1 POST http://localhost:5073/AddEmployee application/json 107
2023-01-11 00:35:41.828 +05:30  INF  Executing endpoint 'AttendanceTracking.Controllers.EmployeeController.AddEmployee (AttendanceTracking)'
2023-01-11 00:35:41.828 +05:30  INF  Route matched with {action = "AddEmployee", controller = "Employee"}. Executing controller action with signature Microsoft.AspNetCore.Mvc.IActionResult AddEmployee(AttendanceTracking.Data.Models.EmployeeVM) on controller AttendanceTracking.Controllers.EmployeeController (AttendanceTracking).
2023-01-11 00:35:41.928 +05:30  INF  Executed DbCommand (3ms) [Parameters=[@__employeeEmail_0='?' (Size = 4000)], CommandType='"Text"', CommandTimeout='30']
SELECT TOP(1) [e].[employeeId], [e].[employeeEmail], [e].[employeeName], [e].[managerId]
FROM [employees] AS [e]
WHERE [e].[employeeEmail] = @__employeeEmail_0
2023-01-11 00:35:41.930 +05:30  INF  Executing BadRequestObjectResult, writing value of type 'Microsoft.AspNetCore.Mvc.ValidationProblemDetails'.
2023-01-11 00:35:41.932 +05:30  INF  Executed action AttendanceTracking.Controllers.EmployeeController.AddEmployee (AttendanceTracking) in 103.3426ms
2023-01-11 00:35:41.932 +05:30  INF  Executed endpoint 'AttendanceTracking.Controllers.EmployeeController.AddEmployee (AttendanceTracking)'
2023-01-11 00:35:41.932 +05:30  INF  Request finished HTTP/1.1 POST http://localhost:5073/AddEmployee application/json 107 - 400 - application/problem+json;+charset=utf-8 105.5660ms
2023-01-11 00:57:06.463 +05:30  INF  Application is shutting down...
2023-01-11 00:57:14.158 +05:30  INF  Now listening on: http://localhost:5073
2023-01-11 00:57:14.201 +05:30  INF  Application started. Press Ctrl+C to shut down.
2023-01-11 00:57:14.202 +05:30  INF  Hosting environment: Development
2023-01-11 00:57:14.202 +05:30  INF  Content root path: /Users/mageshkumarn/Documents/AttendanceTracking/AttendanceTracking
2023-01-11 00:58:41.266 +05:30  INF  Request starting HTTP/1.1 POST http://localhost:5073/AddDepartment application/json 30
2023-01-11 00:58:41.339 +05:30  WRN  Failed to determine the https port for redirect.
2023-01-11 00:58:41.346 +05:30  INF  Executing endpoint 'AttendanceTracking.Controllers.DepartmentController.AddDepartment (AttendanceTracking)'
2023-01-11 00:58:41.376 +05:30  INF  Route matched with {action = "AddDepartment", controller = "Department"}. Executing controller action with signature Microsoft.AspNetCore.Mvc.IActionResult AddDepartment(AttendanceTracking.Models.Department) on controller AttendanceTracking.Controllers.DepartmentController (AttendanceTracking).
2023-01-11 00:58:43.630 +05:30  INF  Executed DbCommand (45ms) [Parameters=[@__departmentName_0='?' (Size = 4000)], CommandType='"Text"', CommandTimeout='30']
SELECT TOP(1) [d].[departmentId], [d].[departmentName]
FROM [departments] AS [d]
WHERE [d].[departmentName] = @__departmentName_0
2023-01-11 00:58:43.759 +05:30  INF  Executing BadRequestObjectResult, writing value of type 'Microsoft.AspNetCore.Mvc.ValidationProblemDetails'.
2023-01-11 00:58:43.789 +05:30  INF  Executed action AttendanceTracking.Controllers.DepartmentController.AddDepartment (AttendanceTracking) in 2403.9364ms
2023-01-11 00:58:43.790 +05:30  INF  Executed endpoint 'AttendanceTracking.Controllers.DepartmentController.AddDepartment (AttendanceTracking)'
2023-01-11 00:58:43.806 +05:30  INF  Request finished HTTP/1.1 POST http://localhost:5073/AddDepartment application/json 30 - 400 - application/problem+json;+charset=utf-8 2542.7473ms
2023-01-11 00:59:03.120 +05:30  INF  Request starting HTTP/1.1 POST http://localhost:5073/AddDepartment application/json 30
2023-01-11 00:59:03.125 +05:30  INF  Executing endpoint 'AttendanceTracking.Controllers.DepartmentController.AddDepartment (AttendanceTracking)'
2023-01-11 00:59:03.126 +05:30  INF  Route matched with {action = "AddDepartment", controller = "Department"}. Executing controller action with signature Microsoft.AspNetCore.Mvc.IActionResult AddDepartment(AttendanceTracking.Models.Department) on controller AttendanceTracking.Controllers.DepartmentController (AttendanceTracking).
2023-01-11 00:59:03.172 +05:30  INF  Executed DbCommand (7ms) [Parameters=[@__departmentName_0='?' (Size = 4000)], CommandType='"Text"', CommandTimeout='30']
SELECT TOP(1) [d].[departmentId], [d].[departmentName]
FROM [departments] AS [d]
WHERE [d].[departmentName] = @__departmentName_0
2023-01-11 00:59:03.182 +05:30  INF  Executed DbCommand (5ms) [Parameters=[@__departmentName_0='?' (Size = 4000)], CommandType='"Text"', CommandTimeout='30']
SELECT TOP(1) [d].[departmentId], [d].[departmentName]
FROM [departments] AS [d]
WHERE [d].[departmentName] = @__departmentName_0
2023-01-11 00:59:03.346 +05:30  INF  Executed DbCommand (11ms) [Parameters=[@p0='?' (Size = 4000)], CommandType='"Text"', CommandTimeout='30']
SET IMPLICIT_TRANSACTIONS OFF;
SET NOCOUNT ON;
INSERT INTO [departments] ([departmentName])
OUTPUT INSERTED.[departmentId]
VALUES (@p0);
2023-01-11 00:59:03.383 +05:30  INF  Executing StatusCodeResult, setting HTTP status code 200
2023-01-11 00:59:03.383 +05:30  INF  Executed action AttendanceTracking.Controllers.DepartmentController.AddDepartment (AttendanceTracking) in 257.2216ms
2023-01-11 00:59:03.384 +05:30  INF  Executed endpoint 'AttendanceTracking.Controllers.DepartmentController.AddDepartment (AttendanceTracking)'
2023-01-11 00:59:03.385 +05:30  INF  Request finished HTTP/1.1 POST http://localhost:5073/AddDepartment application/json 30 - 200 0 - 264.7206ms
2023-01-11 00:59:19.978 +05:30  INF  Request starting HTTP/1.1 POST http://localhost:5073/AddDepartment application/json 30
2023-01-11 00:59:19.980 +05:30  INF  Executing endpoint 'AttendanceTracking.Controllers.DepartmentController.AddDepartment (AttendanceTracking)'
2023-01-11 00:59:19.980 +05:30  INF  Route matched with {action = "AddDepartment", controller = "Department"}. Executing controller action with signature Microsoft.AspNetCore.Mvc.IActionResult AddDepartment(AttendanceTracking.Models.Department) on controller AttendanceTracking.Controllers.DepartmentController (AttendanceTracking).
2023-01-11 00:59:20.071 +05:30  INF  Executed DbCommand (4ms) [Parameters=[@__departmentName_0='?' (Size = 4000)], CommandType='"Text"', CommandTimeout='30']
SELECT TOP(1) [d].[departmentId], [d].[departmentName]
FROM [departments] AS [d]
WHERE [d].[departmentName] = @__departmentName_0
2023-01-11 00:59:20.074 +05:30  INF  Executing BadRequestObjectResult, writing value of type 'Microsoft.AspNetCore.Mvc.ValidationProblemDetails'.
2023-01-11 00:59:20.075 +05:30  INF  Executed action AttendanceTracking.Controllers.DepartmentController.AddDepartment (AttendanceTracking) in 94.9051ms
2023-01-11 00:59:20.075 +05:30  INF  Executed endpoint 'AttendanceTracking.Controllers.DepartmentController.AddDepartment (AttendanceTracking)'
2023-01-11 00:59:20.075 +05:30  INF  Request finished HTTP/1.1 POST http://localhost:5073/AddDepartment application/json 30 - 400 - application/problem+json;+charset=utf-8 97.5585ms
2023-01-11 01:20:01.491 +05:30  INF  Application is shutting down...
2023-01-11 01:20:12.749 +05:30  INF  Now listening on: http://localhost:5073
2023-01-11 01:20:12.786 +05:30  INF  Application started. Press Ctrl+C to shut down.
2023-01-11 01:20:12.787 +05:30  INF  Hosting environment: Development
2023-01-11 01:20:12.787 +05:30  INF  Content root path: /Users/mageshkumarn/Documents/AttendanceTracking/AttendanceTracking
2023-01-11 01:20:17.977 +05:30  INF  Request starting HTTP/1.1 GET http://localhost:5073/swagger/index.html - -
2023-01-11 01:20:18.116 +05:30  INF  Request finished HTTP/1.1 GET http://localhost:5073/swagger/index.html - - - 200 - text/html;charset=utf-8 141.3975ms
2023-01-11 01:20:18.672 +05:30  INF  Request starting HTTP/1.1 GET http://localhost:5073/swagger/v1/swagger.json - -
2023-01-11 01:20:18.786 +05:30  INF  Request finished HTTP/1.1 GET http://localhost:5073/swagger/v1/swagger.json - - - 200 - application/json;charset=utf-8 113.9781ms
2023-01-11 01:20:54.526 +05:30  INF  Request starting HTTP/1.1 POST http://localhost:5073/AddManager application/json 93
2023-01-11 01:20:54.539 +05:30  WRN  Failed to determine the https port for redirect.
2023-01-11 01:20:54.546 +05:30  INF  Executing endpoint 'AttendanceTracking.Controllers.ManagerController.AddManager (AttendanceTracking)'
2023-01-11 01:20:54.583 +05:30  INF  Route matched with {action = "AddManager", controller = "Manager"}. Executing controller action with signature Microsoft.AspNetCore.Mvc.IActionResult AddManager(AttendanceTracking.Data.Models.ManagerVM) on controller AttendanceTracking.Controllers.ManagerController (AttendanceTracking).
2023-01-11 01:20:57.090 +05:30  INF  Executed DbCommand (45ms) [Parameters=[@__managerEmail_0='?' (Size = 4000)], CommandType='"Text"', CommandTimeout='30']
SELECT TOP(1) [m].[managerId], [m].[departmentId], [m].[managerEmail], [m].[managerName]
FROM [managers] AS [m]
WHERE [m].[managerEmail] = @__managerEmail_0
2023-01-11 01:20:57.242 +05:30  INF  Executed DbCommand (5ms) [Parameters=[@__departmentName_0='?' (Size = 4000)], CommandType='"Text"', CommandTimeout='30']
SELECT TOP(1) [d].[departmentId], [d].[departmentName]
FROM [departments] AS [d]
WHERE [d].[departmentName] = @__departmentName_0
2023-01-11 01:20:57.455 +05:30  INF  Executed DbCommand (13ms) [Parameters=[@p0='?' (DbType = Int32), @p1='?' (Size = 4000), @p2='?' (Size = 4000)], CommandType='"Text"', CommandTimeout='30']
SET IMPLICIT_TRANSACTIONS OFF;
SET NOCOUNT ON;
INSERT INTO [managers] ([departmentId], [managerEmail], [managerName])
OUTPUT INSERTED.[managerId]
VALUES (@p0, @p1, @p2);
2023-01-11 01:20:57.490 +05:30  INF  Executing StatusCodeResult, setting HTTP status code 200
2023-01-11 01:20:57.497 +05:30  INF  Executed action AttendanceTracking.Controllers.ManagerController.AddManager (AttendanceTracking) in 2907.519ms
2023-01-11 01:20:57.498 +05:30  INF  Executed endpoint 'AttendanceTracking.Controllers.ManagerController.AddManager (AttendanceTracking)'
2023-01-11 01:20:57.510 +05:30  INF  Request finished HTTP/1.1 POST http://localhost:5073/AddManager application/json 93 - 200 0 - 2983.9742ms
2023-01-11 01:24:23.780 +05:30  INF  Application is shutting down...
2023-01-11 01:24:31.060 +05:30  INF  Now listening on: http://localhost:5073
2023-01-11 01:24:31.097 +05:30  INF  Application started. Press Ctrl+C to shut down.
2023-01-11 01:24:31.097 +05:30  INF  Hosting environment: Development
2023-01-11 01:24:31.097 +05:30  INF  Content root path: /Users/mageshkumarn/Documents/AttendanceTracking/AttendanceTracking
2023-01-11 01:24:33.963 +05:30  INF  Request starting HTTP/1.1 GET http://localhost:5073/swagger/index.html - -
2023-01-11 01:24:34.110 +05:30  INF  Request finished HTTP/1.1 GET http://localhost:5073/swagger/index.html - - - 200 - text/html;charset=utf-8 149.2958ms
2023-01-11 01:24:34.636 +05:30  INF  Request starting HTTP/1.1 GET http://localhost:5073/swagger/v1/swagger.json - -
2023-01-11 01:24:34.745 +05:30  INF  Request finished HTTP/1.1 GET http://localhost:5073/swagger/v1/swagger.json - - - 200 - application/json;charset=utf-8 109.2950ms
2023-01-11 01:24:51.201 +05:30  INF  Request starting HTTP/1.1 POST http://localhost:5073/AddManager application/json 95
2023-01-11 01:24:51.214 +05:30  WRN  Failed to determine the https port for redirect.
2023-01-11 01:24:51.220 +05:30  INF  Executing endpoint 'AttendanceTracking.Controllers.ManagerController.AddManager (AttendanceTracking)'
2023-01-11 01:24:51.247 +05:30  INF  Route matched with {action = "AddManager", controller = "Manager"}. Executing controller action with signature Microsoft.AspNetCore.Mvc.IActionResult AddManager(AttendanceTracking.Data.Models.ManagerVM) on controller AttendanceTracking.Controllers.ManagerController (AttendanceTracking).
2023-01-11 01:24:53.290 +05:30  INF  Executed DbCommand (44ms) [Parameters=[@__managerEmail_0='?' (Size = 4000)], CommandType='"Text"', CommandTimeout='30']
SELECT TOP(1) [m].[managerId], [m].[departmentId], [m].[managerEmail], [m].[managerName]
FROM [managers] AS [m]
WHERE [m].[managerEmail] = @__managerEmail_0
2023-01-11 01:24:53.442 +05:30  INF  Executed DbCommand (6ms) [Parameters=[@__departmentName_0='?' (Size = 4000)], CommandType='"Text"', CommandTimeout='30']
SELECT TOP(1) [d].[departmentId], [d].[departmentName]
FROM [departments] AS [d]
WHERE [d].[departmentName] = @__departmentName_0
2023-01-11 01:24:53.445 +05:30  ERR  Exception in Add Manager Method : Object reference not set to an instance of an object.
2023-01-11 01:24:53.452 +05:30  INF  Executing StatusCodeResult, setting HTTP status code 404
2023-01-11 01:24:53.457 +05:30  INF  Executed action AttendanceTracking.Controllers.ManagerController.AddManager (AttendanceTracking) in 2204.5441ms
2023-01-11 01:24:53.458 +05:30  INF  Executed endpoint 'AttendanceTracking.Controllers.ManagerController.AddManager (AttendanceTracking)'
2023-01-11 01:24:53.475 +05:30  INF  Request finished HTTP/1.1 POST http://localhost:5073/AddManager application/json 95 - 404 0 - 2273.9504ms
2023-01-11 01:25:09.422 +05:30  INF  Request starting HTTP/1.1 POST http://localhost:5073/AddManager application/json 95
2023-01-11 01:25:09.423 +05:30  INF  Executing endpoint 'AttendanceTracking.Controllers.ManagerController.AddManager (AttendanceTracking)'
2023-01-11 01:25:09.424 +05:30  INF  Route matched with {action = "AddManager", controller = "Manager"}. Executing controller action with signature Microsoft.AspNetCore.Mvc.IActionResult AddManager(AttendanceTracking.Data.Models.ManagerVM) on controller AttendanceTracking.Controllers.ManagerController (AttendanceTracking).
2023-01-11 01:25:09.497 +05:30  INF  Executed DbCommand (11ms) [Parameters=[@__managerEmail_0='?' (Size = 4000)], CommandType='"Text"', CommandTimeout='30']
SELECT TOP(1) [m].[managerId], [m].[departmentId], [m].[managerEmail], [m].[managerName]
FROM [managers] AS [m]
WHERE [m].[managerEmail] = @__managerEmail_0
2023-01-11 01:25:09.509 +05:30  INF  Executed DbCommand (8ms) [Parameters=[@__departmentName_0='?' (Size = 4000)], CommandType='"Text"', CommandTimeout='30']
SELECT TOP(1) [d].[departmentId], [d].[departmentName]
FROM [departments] AS [d]
WHERE [d].[departmentName] = @__departmentName_0
2023-01-11 01:25:09.724 +05:30  INF  Executed DbCommand (7ms) [Parameters=[@p0='?' (DbType = Int32), @p1='?' (Size = 4000), @p2='?' (Size = 4000)], CommandType='"Text"', CommandTimeout='30']
SET IMPLICIT_TRANSACTIONS OFF;
SET NOCOUNT ON;
INSERT INTO [managers] ([departmentId], [managerEmail], [managerName])
OUTPUT INSERTED.[managerId]
VALUES (@p0, @p1, @p2);
2023-01-11 01:25:09.751 +05:30  INF  Executing StatusCodeResult, setting HTTP status code 200
2023-01-11 01:25:09.751 +05:30  INF  Executed action AttendanceTracking.Controllers.ManagerController.AddManager (AttendanceTracking) in 327.2577ms
2023-01-11 01:25:09.751 +05:30  INF  Executed endpoint 'AttendanceTracking.Controllers.ManagerController.AddManager (AttendanceTracking)'
2023-01-11 01:25:09.753 +05:30  INF  Request finished HTTP/1.1 POST http://localhost:5073/AddManager application/json 95 - 200 0 - 330.3037ms
2023-01-11 01:28:27.918 +05:30  INF  Request starting HTTP/1.1 POST http://localhost:5073/AddEmployee application/json 105
2023-01-11 01:28:27.920 +05:30  INF  Executing endpoint 'AttendanceTracking.Controllers.EmployeeController.AddEmployee (AttendanceTracking)'
2023-01-11 01:28:27.928 +05:30  INF  Route matched with {action = "AddEmployee", controller = "Employee"}. Executing controller action with signature Microsoft.AspNetCore.Mvc.IActionResult AddEmployee(AttendanceTracking.Data.Models.EmployeeVM) on controller AttendanceTracking.Controllers.EmployeeController (AttendanceTracking).
2023-01-11 01:28:28.071 +05:30  INF  Executed DbCommand (5ms) [Parameters=[@__employeeEmail_0='?' (Size = 4000)], CommandType='"Text"', CommandTimeout='30']
SELECT TOP(1) [e].[employeeId], [e].[employeeEmail], [e].[employeeName], [e].[managerId]
FROM [employees] AS [e]
WHERE [e].[employeeEmail] = @__employeeEmail_0
2023-01-11 01:28:28.093 +05:30  INF  Executing BadRequestObjectResult, writing value of type 'Microsoft.AspNetCore.Mvc.ValidationProblemDetails'.
2023-01-11 01:28:28.098 +05:30  INF  Executed action AttendanceTracking.Controllers.EmployeeController.AddEmployee (AttendanceTracking) in 170.0493ms
2023-01-11 01:28:28.098 +05:30  INF  Executed endpoint 'AttendanceTracking.Controllers.EmployeeController.AddEmployee (AttendanceTracking)'
2023-01-11 01:28:28.099 +05:30  INF  Request finished HTTP/1.1 POST http://localhost:5073/AddEmployee application/json 105 - 400 - application/problem+json;+charset=utf-8 180.2820ms
2023-01-11 01:31:24.027 +05:30  INF  Application is shutting down...
2023-01-11 01:31:31.606 +05:30  INF  Now listening on: http://localhost:5073
2023-01-11 01:31:31.644 +05:30  INF  Application started. Press Ctrl+C to shut down.
2023-01-11 01:31:31.645 +05:30  INF  Hosting environment: Development
2023-01-11 01:31:31.645 +05:30  INF  Content root path: /Users/mageshkumarn/Documents/AttendanceTracking/AttendanceTracking
2023-01-11 01:31:43.511 +05:30  INF  Request starting HTTP/1.1 GET http://localhost:5073/swagger/index.html - -
2023-01-11 01:31:43.631 +05:30  INF  Request finished HTTP/1.1 GET http://localhost:5073/swagger/index.html - - - 200 - text/html;charset=utf-8 122.4364ms
2023-01-11 01:31:44.013 +05:30  INF  Request starting HTTP/1.1 GET http://localhost:5073/swagger/v1/swagger.json - -
2023-01-11 01:31:44.119 +05:30  INF  Request finished HTTP/1.1 GET http://localhost:5073/swagger/v1/swagger.json - - - 200 - application/json;charset=utf-8 105.5274ms
2023-01-11 01:32:05.681 +05:30  INF  Request starting HTTP/1.1 POST http://localhost:5073/AddManager application/json 93
2023-01-11 01:32:05.691 +05:30  WRN  Failed to determine the https port for redirect.
2023-01-11 01:32:05.698 +05:30  INF  Executing endpoint 'AttendanceTracking.Controllers.ManagerController.AddManager (AttendanceTracking)'
2023-01-11 01:32:05.724 +05:30  INF  Route matched with {action = "AddManager", controller = "Manager"}. Executing controller action with signature Microsoft.AspNetCore.Mvc.IActionResult AddManager(AttendanceTracking.Data.Models.ManagerVM) on controller AttendanceTracking.Controllers.ManagerController (AttendanceTracking).
2023-01-11 01:32:07.785 +05:30  INF  Executed DbCommand (52ms) [Parameters=[@__managerEmail_0='?' (Size = 4000)], CommandType='"Text"', CommandTimeout='30']
SELECT TOP(1) [m].[managerId], [m].[departmentId], [m].[managerEmail], [m].[managerName]
FROM [managers] AS [m]
WHERE [m].[managerEmail] = @__managerEmail_0
2023-01-11 01:32:07.924 +05:30  INF  Executed DbCommand (4ms) [Parameters=[@__departmentName_0='?' (Size = 4000)], CommandType='"Text"', CommandTimeout='30']
SELECT TOP(1) [d].[departmentId], [d].[departmentName]
FROM [departments] AS [d]
WHERE [d].[departmentName] = @__departmentName_0
2023-01-11 01:32:08.110 +05:30  INF  Executed DbCommand (7ms) [Parameters=[@p0='?' (DbType = Int32), @p1='?' (Size = 4000), @p2='?' (Size = 4000)], CommandType='"Text"', CommandTimeout='30']
SET IMPLICIT_TRANSACTIONS OFF;
SET NOCOUNT ON;
INSERT INTO [managers] ([departmentId], [managerEmail], [managerName])
OUTPUT INSERTED.[managerId]
VALUES (@p0, @p1, @p2);
2023-01-11 01:32:08.142 +05:30  INF  Executing StatusCodeResult, setting HTTP status code 200
2023-01-11 01:32:08.148 +05:30  INF  Executed action AttendanceTracking.Controllers.ManagerController.AddManager (AttendanceTracking) in 2417.5065ms
2023-01-11 01:32:08.148 +05:30  INF  Executed endpoint 'AttendanceTracking.Controllers.ManagerController.AddManager (AttendanceTracking)'
2023-01-11 01:32:08.160 +05:30  INF  Request finished HTTP/1.1 POST http://localhost:5073/AddManager application/json 93 - 200 0 - 2479.6436ms
2023-01-11 01:33:12.247 +05:30  INF  Application is shutting down...
2023-01-11 01:33:22.129 +05:30  INF  Now listening on: http://localhost:5073
2023-01-11 01:33:22.165 +05:30  INF  Application started. Press Ctrl+C to shut down.
2023-01-11 01:33:22.166 +05:30  INF  Hosting environment: Development
2023-01-11 01:33:22.166 +05:30  INF  Content root path: /Users/mageshkumarn/Documents/AttendanceTracking/AttendanceTracking
2023-01-11 01:34:22.986 +05:30  INF  Request starting HTTP/1.1 GET http://localhost:5073/swagger/index.html - -
2023-01-11 01:34:23.111 +05:30  INF  Request finished HTTP/1.1 GET http://localhost:5073/swagger/index.html - - - 200 - text/html;charset=utf-8 127.3222ms
2023-01-11 01:34:23.517 +05:30  INF  Request starting HTTP/1.1 GET http://localhost:5073/swagger/v1/swagger.json - -
2023-01-11 01:34:23.626 +05:30  INF  Request finished HTTP/1.1 GET http://localhost:5073/swagger/v1/swagger.json - - - 200 - application/json;charset=utf-8 109.0665ms
2023-01-11 01:34:54.180 +05:30  INF  Request starting HTTP/1.1 POST http://localhost:5073/AddManager application/json 93
2023-01-11 01:34:54.189 +05:30  WRN  Failed to determine the https port for redirect.
2023-01-11 01:34:54.197 +05:30  INF  Executing endpoint 'AttendanceTracking.Controllers.ManagerController.AddManager (AttendanceTracking)'
2023-01-11 01:34:54.220 +05:30  INF  Route matched with {action = "AddManager", controller = "Manager"}. Executing controller action with signature Microsoft.AspNetCore.Mvc.IActionResult AddManager(AttendanceTracking.Data.Models.ManagerVM) on controller AttendanceTracking.Controllers.ManagerController (AttendanceTracking).
2023-01-11 01:34:56.269 +05:30  INF  Executed DbCommand (45ms) [Parameters=[@__managerEmail_0='?' (Size = 4000)], CommandType='"Text"', CommandTimeout='30']
SELECT TOP(1) [m].[managerId], [m].[departmentId], [m].[managerEmail], [m].[managerName]
FROM [managers] AS [m]
WHERE [m].[managerEmail] = @__managerEmail_0
2023-01-11 01:34:56.396 +05:30  INF  Executed DbCommand (4ms) [Parameters=[@__departmentName_0='?' (Size = 4000)], CommandType='"Text"', CommandTimeout='30']
SELECT TOP(1) [d].[departmentId], [d].[departmentName]
FROM [departments] AS [d]
WHERE [d].[departmentName] = @__departmentName_0
2023-01-11 01:34:56.587 +05:30  INF  Executed DbCommand (9ms) [Parameters=[@p0='?' (DbType = Int32), @p1='?' (Size = 4000), @p2='?' (Size = 4000)], CommandType='"Text"', CommandTimeout='30']
SET IMPLICIT_TRANSACTIONS OFF;
SET NOCOUNT ON;
INSERT INTO [managers] ([departmentId], [managerEmail], [managerName])
OUTPUT INSERTED.[managerId]
VALUES (@p0, @p1, @p2);
2023-01-11 01:34:56.622 +05:30  INF  Executing StatusCodeResult, setting HTTP status code 200
2023-01-11 01:34:56.627 +05:30  INF  Executed action AttendanceTracking.Controllers.ManagerController.AddManager (AttendanceTracking) in 2401.6055ms
2023-01-11 01:34:56.627 +05:30  INF  Executed endpoint 'AttendanceTracking.Controllers.ManagerController.AddManager (AttendanceTracking)'
2023-01-11 01:34:56.639 +05:30  INF  Request finished HTTP/1.1 POST http://localhost:5073/AddManager application/json 93 - 200 0 - 2459.2539ms
2023-01-11 01:38:47.634 +05:30  INF  Application is shutting down...
