2023-01-17 19:21:08.797 +05:30  INF  Executed DbCommand (22ms) [Parameters=[], CommandType='"Text"', CommandTimeout='30']
SELECT 1
2023-01-17 19:21:08.848 +05:30  INF  Executed DbCommand (13ms) [Parameters=[], CommandType='"Text"', CommandTimeout='30']
SELECT OBJECT_ID(N'[__EFMigrationsHistory]');
2023-01-17 19:21:08.851 +05:30  INF  Executed DbCommand (3ms) [Parameters=[], CommandType='"Text"', CommandTimeout='30']
SELECT 1
2023-01-17 19:21:08.938 +05:30  INF  Executed DbCommand (8ms) [Parameters=[], CommandType='"Text"', CommandTimeout='30']
CREATE TABLE [__EFMigrationsHistory] (
    [MigrationId] nvarchar(150) NOT NULL,
    [ProductVersion] nvarchar(32) NOT NULL,
    CONSTRAINT [PK___EFMigrationsHistory] PRIMARY KEY ([MigrationId])
);
2023-01-17 19:21:08.940 +05:30  INF  Executed DbCommand (1ms) [Parameters=[], CommandType='"Text"', CommandTimeout='30']
SELECT 1
2023-01-17 19:21:08.943 +05:30  INF  Executed DbCommand (3ms) [Parameters=[], CommandType='"Text"', CommandTimeout='30']
SELECT OBJECT_ID(N'[__EFMigrationsHistory]');
2023-01-17 19:21:08.959 +05:30  INF  Executed DbCommand (14ms) [Parameters=[], CommandType='"Text"', CommandTimeout='30']
SELECT [MigrationId], [ProductVersion]
FROM [__EFMigrationsHistory]
ORDER BY [MigrationId];
2023-01-17 19:21:08.974 +05:30  INF  Applying migration '20230117135054_migration_v1'.
2023-01-17 19:21:09.049 +05:30  INF  Executed DbCommand (3ms) [Parameters=[], CommandType='"Text"', CommandTimeout='30']
CREATE TABLE [departments] (
    [departmentId] int NOT NULL IDENTITY,
    [departmentName] nvarchar(max) NOT NULL,
    CONSTRAINT [PK_departments] PRIMARY KEY ([departmentId])
);
2023-01-17 19:21:09.056 +05:30  INF  Executed DbCommand (6ms) [Parameters=[], CommandType='"Text"', CommandTimeout='30']
CREATE TABLE [managers] (
    [managerId] int NOT NULL IDENTITY,
    [managerName] nvarchar(max) NOT NULL,
    [managerEmail] nvarchar(max) NOT NULL,
    [departmentId] int NOT NULL,
    CONSTRAINT [PK_managers] PRIMARY KEY ([managerId]),
    CONSTRAINT [FK_managers_departments_departmentId] FOREIGN KEY ([departmentId]) REFERENCES [departments] ([departmentId]) ON DELETE CASCADE
);
2023-01-17 19:21:09.059 +05:30  INF  Executed DbCommand (3ms) [Parameters=[], CommandType='"Text"', CommandTimeout='30']
CREATE TABLE [employees] (
    [employeeId] int NOT NULL IDENTITY,
    [employeeName] nvarchar(max) NOT NULL,
    [employeeEmail] nvarchar(max) NOT NULL,
    [managerId] int NOT NULL,
    CONSTRAINT [PK_employees] PRIMARY KEY ([employeeId]),
    CONSTRAINT [FK_employees_managers_managerId] FOREIGN KEY ([managerId]) REFERENCES [managers] ([managerId]) ON DELETE CASCADE
);
2023-01-17 19:21:09.063 +05:30  INF  Executed DbCommand (3ms) [Parameters=[], CommandType='"Text"', CommandTimeout='30']
CREATE TABLE [attendances] (
    [id] int NOT NULL IDENTITY,
    [date] datetime2 NOT NULL,
    [checkInTime] datetime2 NOT NULL,
    [checkOutTime] datetime2 NULL,
    [employeeId] int NOT NULL,
    CONSTRAINT [PK_attendances] PRIMARY KEY ([id]),
    CONSTRAINT [FK_attendances_employees_employeeId] FOREIGN KEY ([employeeId]) REFERENCES [employees] ([employeeId]) ON DELETE CASCADE
);
2023-01-17 19:21:09.066 +05:30  INF  Executed DbCommand (3ms) [Parameters=[], CommandType='"Text"', CommandTimeout='30']
CREATE INDEX [IX_attendances_employeeId] ON [attendances] ([employeeId]);
2023-01-17 19:21:09.069 +05:30  INF  Executed DbCommand (2ms) [Parameters=[], CommandType='"Text"', CommandTimeout='30']
CREATE INDEX [IX_employees_managerId] ON [employees] ([managerId]);
2023-01-17 19:21:09.072 +05:30  INF  Executed DbCommand (3ms) [Parameters=[], CommandType='"Text"', CommandTimeout='30']
CREATE INDEX [IX_managers_departmentId] ON [managers] ([departmentId]);
2023-01-17 19:21:09.079 +05:30  INF  Executed DbCommand (7ms) [Parameters=[], CommandType='"Text"', CommandTimeout='30']
INSERT INTO [__EFMigrationsHistory] ([MigrationId], [ProductVersion])
VALUES (N'20230117135054_migration_v1', N'7.0.1');
2023-01-17 19:21:34.166 +05:30  INF  Now listening on: http://localhost:5073
2023-01-17 19:21:34.221 +05:30  INF  Application started. Press Ctrl+C to shut down.
2023-01-17 19:21:34.222 +05:30  INF  Hosting environment: Development
2023-01-17 19:21:34.222 +05:30  INF  Content root path: /Users/presidio_cbe/Documents/AttendanceTracking/AttendanceTracking
2023-01-17 19:21:44.274 +05:30  INF  Request starting HTTP/1.1 GET http://localhost:5073/swagger/index.html - -
2023-01-17 19:21:44.453 +05:30  INF  Request finished HTTP/1.1 GET http://localhost:5073/swagger/index.html - - - 200 - text/html;charset=utf-8 182.6823ms
2023-01-17 19:21:44.481 +05:30  INF  Request starting HTTP/1.1 GET http://localhost:5073/swagger/swagger-ui.css - -
2023-01-17 19:21:44.493 +05:30  INF  Request starting HTTP/1.1 GET http://localhost:5073/swagger/swagger-ui-bundle.js - -
2023-01-17 19:21:44.494 +05:30  INF  Request starting HTTP/1.1 GET http://localhost:5073/swagger/swagger-ui-standalone-preset.js - -
2023-01-17 19:21:44.513 +05:30  INF  Sending file. Request path: '/swagger-ui.css'. Physical path: 'N/A'
2023-01-17 19:21:44.513 +05:30  INF  Sending file. Request path: '/swagger-ui-standalone-preset.js'. Physical path: 'N/A'
2023-01-17 19:21:44.514 +05:30  INF  Sending file. Request path: '/swagger-ui-bundle.js'. Physical path: 'N/A'
2023-01-17 19:21:44.515 +05:30  INF  Request finished HTTP/1.1 GET http://localhost:5073/swagger/swagger-ui.css - - - 200 143943 text/css 34.3397ms
2023-01-17 19:21:44.516 +05:30  INF  Request finished HTTP/1.1 GET http://localhost:5073/swagger/swagger-ui-standalone-preset.js - - - 200 339486 text/javascript 22.0955ms
2023-01-17 19:21:44.517 +05:30  INF  Request finished HTTP/1.1 GET http://localhost:5073/swagger/swagger-ui-bundle.js - - - 200 1096145 text/javascript 22.8357ms
2023-01-17 19:21:45.182 +05:30  INF  Request starting HTTP/1.1 GET http://localhost:5073/swagger/v1/swagger.json - -
2023-01-17 19:21:45.209 +05:30  INF  Request starting HTTP/1.1 GET http://localhost:5073/swagger/favicon-32x32.png - -
2023-01-17 19:21:45.209 +05:30  INF  Sending file. Request path: '/favicon-32x32.png'. Physical path: 'N/A'
2023-01-17 19:21:45.209 +05:30  INF  Request finished HTTP/1.1 GET http://localhost:5073/swagger/favicon-32x32.png - - - 200 628 image/png 0.4171ms
2023-01-17 19:21:45.308 +05:30  INF  Request finished HTTP/1.1 GET http://localhost:5073/swagger/v1/swagger.json - - - 200 - application/json;charset=utf-8 125.8516ms
2023-01-17 20:51:18.861 +05:30  INF  Now listening on: http://localhost:5073
2023-01-17 20:51:18.906 +05:30  INF  Application started. Press Ctrl+C to shut down.
2023-01-17 20:51:18.907 +05:30  INF  Hosting environment: Development
2023-01-17 20:51:18.907 +05:30  INF  Content root path: /Users/presidio_cbe/Documents/AttendanceTracking/AttendanceTracking
2023-01-17 20:51:31.668 +05:30  INF  Request starting HTTP/1.1 GET http://localhost:5073/swagger/index.html - -
2023-01-17 20:51:31.897 +05:30  INF  Request finished HTTP/1.1 GET http://localhost:5073/swagger/index.html - - - 200 - text/html;charset=utf-8 245.6264ms
2023-01-17 20:51:32.677 +05:30  INF  Request starting HTTP/1.1 GET http://localhost:5073/swagger/v1/swagger.json - -
2023-01-17 20:51:32.862 +05:30  INF  Request finished HTTP/1.1 GET http://localhost:5073/swagger/v1/swagger.json - - - 200 - application/json;charset=utf-8 185.6064ms
2023-01-17 20:51:52.861 +05:30  INF  Request starting HTTP/1.1 POST http://localhost:5073/AddDepartment application/json 32
2023-01-17 20:51:52.878 +05:30  WRN  Failed to determine the https port for redirect.
2023-01-17 20:51:52.891 +05:30  INF  Executing endpoint 'AttendanceTracking.Controllers.DepartmentController.AddDepartment (AttendanceTracking)'
2023-01-17 20:51:52.939 +05:30  INF  Route matched with {action = "AddDepartment", controller = "Department"}. Executing controller action with signature Microsoft.AspNetCore.Mvc.IActionResult AddDepartment(AttendanceTracking.Models.Department) on controller AttendanceTracking.Controllers.DepartmentController (AttendanceTracking).
2023-01-17 20:51:56.481 +05:30  INF  Executed DbCommand (91ms) [Parameters=[@__departmentName_0='?' (Size = 4000)], CommandType='"Text"', CommandTimeout='30']
SELECT TOP(1) [d].[departmentId], [d].[departmentName]
FROM [departments] AS [d]
WHERE [d].[departmentName] = @__departmentName_0
2023-01-17 20:51:56.864 +05:30  INF  Executed DbCommand (23ms) [Parameters=[@p0='?' (Size = 4000)], CommandType='"Text"', CommandTimeout='30']
SET IMPLICIT_TRANSACTIONS OFF;
SET NOCOUNT ON;
INSERT INTO [departments] ([departmentName])
OUTPUT INSERTED.[departmentId]
VALUES (@p0);
2023-01-17 20:51:56.923 +05:30  INF  Executing OkObjectResult, writing value of type 'System.String'.
2023-01-17 20:51:56.934 +05:30  INF  Executed action AttendanceTracking.Controllers.DepartmentController.AddDepartment (AttendanceTracking) in 3987.4703ms
2023-01-17 20:51:56.934 +05:30  INF  Executed endpoint 'AttendanceTracking.Controllers.DepartmentController.AddDepartment (AttendanceTracking)'
2023-01-17 20:51:56.951 +05:30  INF  Request finished HTTP/1.1 POST http://localhost:5073/AddDepartment application/json 32 - 200 - text/plain;+charset=utf-8 4090.0874ms
2023-01-17 20:52:51.315 +05:30  INF  Request starting HTTP/1.1 POST http://localhost:5073/AddManager application/json 84
2023-01-17 20:52:51.317 +05:30  INF  Executing endpoint 'AttendanceTracking.Controllers.ManagerController.AddManager (AttendanceTracking)'
2023-01-17 20:52:51.325 +05:30  INF  Route matched with {action = "AddManager", controller = "Manager"}. Executing controller action with signature Microsoft.AspNetCore.Mvc.IActionResult AddManager(AttendanceTracking.Data.ViewModels.ManagerVM) on controller AttendanceTracking.Controllers.ManagerController (AttendanceTracking).
2023-01-17 20:52:51.813 +05:30  INF  Executed DbCommand (17ms) [Parameters=[@__managerEmail_0='?' (Size = 4000)], CommandType='"Text"', CommandTimeout='30']
SELECT TOP(1) [m].[managerId], [m].[departmentId], [m].[managerEmail], [m].[managerName]
FROM [managers] AS [m]
WHERE [m].[managerEmail] = @__managerEmail_0
2023-01-17 20:52:51.843 +05:30  ERR  Exception in Add Manager Method : Missing type map configuration or unsupported mapping.

Mapping types:
ManagerVM -> Manager
AttendanceTracking.Data.ViewModels.ManagerVM -> AttendanceTracking.Models.Manager
2023-01-17 20:52:51.846 +05:30  INF  Executing NotFoundObjectResult, writing value of type 'System.String'.
2023-01-17 20:52:51.848 +05:30  INF  Executed action AttendanceTracking.Controllers.ManagerController.AddManager (AttendanceTracking) in 521.7994ms
2023-01-17 20:52:51.848 +05:30  INF  Executed endpoint 'AttendanceTracking.Controllers.ManagerController.AddManager (AttendanceTracking)'
2023-01-17 20:52:51.849 +05:30  INF  Request finished HTTP/1.1 POST http://localhost:5073/AddManager application/json 84 - 404 - text/plain;+charset=utf-8 533.7220ms
2023-01-17 20:55:23.540 +05:30  INF  Request starting HTTP/1.1 POST http://localhost:5073/AddManager application/json 84
2023-01-17 20:55:23.542 +05:30  INF  Executing endpoint 'AttendanceTracking.Controllers.ManagerController.AddManager (AttendanceTracking)'
2023-01-17 20:55:23.542 +05:30  INF  Route matched with {action = "AddManager", controller = "Manager"}. Executing controller action with signature Microsoft.AspNetCore.Mvc.IActionResult AddManager(AttendanceTracking.Data.ViewModels.ManagerVM) on controller AttendanceTracking.Controllers.ManagerController (AttendanceTracking).
2023-01-17 20:55:23.710 +05:30  INF  Executed DbCommand (6ms) [Parameters=[@__managerEmail_0='?' (Size = 4000)], CommandType='"Text"', CommandTimeout='30']
SELECT TOP(1) [m].[managerId], [m].[departmentId], [m].[managerEmail], [m].[managerName]
FROM [managers] AS [m]
WHERE [m].[managerEmail] = @__managerEmail_0
2023-01-17 20:55:23.711 +05:30  ERR  Exception in Add Manager Method : Missing type map configuration or unsupported mapping.

Mapping types:
ManagerVM -> Manager
AttendanceTracking.Data.ViewModels.ManagerVM -> AttendanceTracking.Models.Manager
2023-01-17 20:55:23.712 +05:30  INF  Executing NotFoundObjectResult, writing value of type 'System.String'.
2023-01-17 20:55:23.712 +05:30  INF  Executed action AttendanceTracking.Controllers.ManagerController.AddManager (AttendanceTracking) in 169.5154ms
2023-01-17 20:55:23.712 +05:30  INF  Executed endpoint 'AttendanceTracking.Controllers.ManagerController.AddManager (AttendanceTracking)'
2023-01-17 20:55:23.713 +05:30  INF  Request finished HTTP/1.1 POST http://localhost:5073/AddManager application/json 84 - 404 - text/plain;+charset=utf-8 172.6342ms
2023-01-17 20:56:08.314 +05:30  INF  Application is shutting down...
2023-01-17 20:57:00.100 +05:30  INF  Now listening on: http://localhost:5073
2023-01-17 20:57:00.149 +05:30  INF  Application started. Press Ctrl+C to shut down.
2023-01-17 20:57:00.150 +05:30  INF  Hosting environment: Development
2023-01-17 20:57:00.150 +05:30  INF  Content root path: /Users/presidio_cbe/Documents/AttendanceTracking/AttendanceTracking
2023-01-17 20:57:26.200 +05:30  INF  Request starting HTTP/1.1 GET http://localhost:5073/swagger/index.html - -
2023-01-17 20:57:26.360 +05:30  INF  Request finished HTTP/1.1 GET http://localhost:5073/swagger/index.html - - - 200 - text/html;charset=utf-8 164.9005ms
2023-01-17 20:57:26.836 +05:30  INF  Request starting HTTP/1.1 GET http://localhost:5073/swagger/v1/swagger.json - -
2023-01-17 20:57:26.978 +05:30  INF  Request finished HTTP/1.1 GET http://localhost:5073/swagger/v1/swagger.json - - - 200 - application/json;charset=utf-8 142.4316ms
2023-01-17 20:57:44.557 +05:30  INF  Request starting HTTP/1.1 POST http://localhost:5073/AddManager application/json 84
2023-01-17 20:57:44.577 +05:30  WRN  Failed to determine the https port for redirect.
2023-01-17 20:57:44.589 +05:30  INF  Executing endpoint 'AttendanceTracking.Controllers.ManagerController.AddManager (AttendanceTracking)'
2023-01-17 20:57:44.633 +05:30  INF  Route matched with {action = "AddManager", controller = "Manager"}. Executing controller action with signature Microsoft.AspNetCore.Mvc.IActionResult AddManager(AttendanceTracking.Data.ViewModels.ManagerVM) on controller AttendanceTracking.Controllers.ManagerController (AttendanceTracking).
2023-01-17 20:57:45.429 +05:30  ERR  Exception in Add Manager Method : Missing type map configuration or unsupported mapping.

Mapping types:
ManagerVM -> Manager
AttendanceTracking.Data.ViewModels.ManagerVM -> AttendanceTracking.Models.Manager
2023-01-17 20:57:45.443 +05:30  INF  Executing NotFoundObjectResult, writing value of type 'System.String'.
2023-01-17 20:57:45.455 +05:30  INF  Executed action AttendanceTracking.Controllers.ManagerController.AddManager (AttendanceTracking) in 813.3735ms
2023-01-17 20:57:45.457 +05:30  INF  Executed endpoint 'AttendanceTracking.Controllers.ManagerController.AddManager (AttendanceTracking)'
2023-01-17 20:57:45.463 +05:30  INF  Request finished HTTP/1.1 POST http://localhost:5073/AddManager application/json 84 - 404 - text/plain;+charset=utf-8 905.4910ms
2023-01-17 21:19:07.361 +05:30  INF  Application is shutting down...
2023-01-17 21:19:21.551 +05:30  INF  Now listening on: http://localhost:5073
2023-01-17 21:19:21.597 +05:30  INF  Application started. Press Ctrl+C to shut down.
2023-01-17 21:19:21.598 +05:30  INF  Hosting environment: Development
2023-01-17 21:19:21.598 +05:30  INF  Content root path: /Users/presidio_cbe/Documents/AttendanceTracking/AttendanceTracking
2023-01-17 21:21:10.018 +05:30  INF  Request starting HTTP/1.1 GET http://localhost:5073/swagger/index.html - -
2023-01-17 21:21:10.175 +05:30  INF  Request finished HTTP/1.1 GET http://localhost:5073/swagger/index.html - - - 200 - text/html;charset=utf-8 160.6001ms
2023-01-17 21:21:10.746 +05:30  INF  Request starting HTTP/1.1 GET http://localhost:5073/swagger/v1/swagger.json - -
2023-01-17 21:21:10.883 +05:30  INF  Request finished HTTP/1.1 GET http://localhost:5073/swagger/v1/swagger.json - - - 200 - application/json;charset=utf-8 136.9524ms
2023-01-17 21:21:38.516 +05:30  INF  Request starting HTTP/1.1 POST http://localhost:5073/AddManager application/json 84
2023-01-17 21:21:38.531 +05:30  WRN  Failed to determine the https port for redirect.
2023-01-17 21:21:38.541 +05:30  INF  Executing endpoint 'AttendanceTracking.Controllers.ManagerController.AddManager (AttendanceTracking)'
2023-01-17 21:21:38.628 +05:30  INF  Route matched with {action = "AddManager", controller = "Manager"}. Executing controller action with signature Microsoft.AspNetCore.Mvc.IActionResult AddManager(AttendanceTracking.Data.ViewModels.ManagerVM) on controller AttendanceTracking.Controllers.ManagerController (AttendanceTracking).
2023-01-17 21:21:42.434 +05:30  INF  Executed DbCommand (68ms) [Parameters=[@__managerEmail_0='?' (Size = 4000)], CommandType='"Text"', CommandTimeout='30']
SELECT TOP(1) [m].[managerId], [m].[departmentId], [m].[managerEmail], [m].[managerName]
FROM [managers] AS [m]
WHERE [m].[managerEmail] = @__managerEmail_0
2023-01-17 21:21:42.881 +05:30  INF  Executed DbCommand (46ms) [Parameters=[@p0='?' (DbType = Int32), @p1='?' (Size = 4000), @p2='?' (Size = 4000)], CommandType='"Text"', CommandTimeout='30']
SET IMPLICIT_TRANSACTIONS OFF;
SET NOCOUNT ON;
INSERT INTO [managers] ([departmentId], [managerEmail], [managerName])
OUTPUT INSERTED.[managerId]
VALUES (@p0, @p1, @p2);
2023-01-17 21:21:42.952 +05:30  INF  Executing OkObjectResult, writing value of type 'System.String'.
2023-01-17 21:21:42.963 +05:30  INF  Executed action AttendanceTracking.Controllers.ManagerController.AddManager (AttendanceTracking) in 4324.1959ms
2023-01-17 21:21:42.964 +05:30  INF  Executed endpoint 'AttendanceTracking.Controllers.ManagerController.AddManager (AttendanceTracking)'
2023-01-17 21:21:42.989 +05:30  INF  Request finished HTTP/1.1 POST http://localhost:5073/AddManager application/json 84 - 200 - text/plain;+charset=utf-8 4472.9838ms
2023-01-17 21:22:05.301 +05:30  INF  Request starting HTTP/1.1 POST http://localhost:5073/AddManager application/json 84
2023-01-17 21:22:05.302 +05:30  INF  Executing endpoint 'AttendanceTracking.Controllers.ManagerController.AddManager (AttendanceTracking)'
2023-01-17 21:22:05.302 +05:30  INF  Route matched with {action = "AddManager", controller = "Manager"}. Executing controller action with signature Microsoft.AspNetCore.Mvc.IActionResult AddManager(AttendanceTracking.Data.ViewModels.ManagerVM) on controller AttendanceTracking.Controllers.ManagerController (AttendanceTracking).
2023-01-17 21:22:05.367 +05:30  INF  Executed DbCommand (8ms) [Parameters=[@__managerEmail_0='?' (Size = 4000)], CommandType='"Text"', CommandTimeout='30']
SELECT TOP(1) [m].[managerId], [m].[departmentId], [m].[managerEmail], [m].[managerName]
FROM [managers] AS [m]
WHERE [m].[managerEmail] = @__managerEmail_0
2023-01-17 21:22:05.379 +05:30  INF  Executing NotFoundObjectResult, writing value of type 'System.String'.
2023-01-17 21:22:05.380 +05:30  INF  Executed action AttendanceTracking.Controllers.ManagerController.AddManager (AttendanceTracking) in 77.012ms
2023-01-17 21:22:05.380 +05:30  INF  Executed endpoint 'AttendanceTracking.Controllers.ManagerController.AddManager (AttendanceTracking)'
2023-01-17 21:22:05.380 +05:30  INF  Request finished HTTP/1.1 POST http://localhost:5073/AddManager application/json 84 - 404 - text/plain;+charset=utf-8 79.6094ms
2023-01-17 21:32:35.576 +05:30  INF  Application is shutting down...
2023-01-17 21:32:46.434 +05:30  INF  Now listening on: http://localhost:5073
2023-01-17 21:32:46.486 +05:30  INF  Application started. Press Ctrl+C to shut down.
2023-01-17 21:32:46.486 +05:30  INF  Hosting environment: Development
2023-01-17 21:32:46.486 +05:30  INF  Content root path: /Users/presidio_cbe/Documents/AttendanceTracking/AttendanceTracking
2023-01-17 21:32:49.658 +05:30  INF  Request starting HTTP/1.1 GET http://localhost:5073/swagger/index.html - -
2023-01-17 21:32:49.797 +05:30  INF  Request finished HTTP/1.1 GET http://localhost:5073/swagger/index.html - - - 200 - text/html;charset=utf-8 140.9327ms
2023-01-17 21:32:50.392 +05:30  INF  Request starting HTTP/1.1 GET http://localhost:5073/swagger/v1/swagger.json - -
2023-01-17 21:32:50.542 +05:30  INF  Request finished HTTP/1.1 GET http://localhost:5073/swagger/v1/swagger.json - - - 200 - application/json;charset=utf-8 151.0044ms
2023-01-17 21:33:25.899 +05:30  INF  Request starting HTTP/1.1 POST http://localhost:5073/AddEmployee application/json 87
2023-01-17 21:33:25.923 +05:30  WRN  Failed to determine the https port for redirect.
2023-01-17 21:33:25.935 +05:30  INF  Executing endpoint 'AttendanceTracking.Controllers.EmployeeController.AddEmployee (AttendanceTracking)'
2023-01-17 21:33:25.972 +05:30  INF  Route matched with {action = "AddEmployee", controller = "Employee"}. Executing controller action with signature Microsoft.AspNetCore.Mvc.IActionResult AddEmployee(AttendanceTracking.Data.ViewModels.EmployeeVM) on controller AttendanceTracking.Controllers.EmployeeController (AttendanceTracking).
2023-01-17 21:33:29.584 +05:30  INF  Executed DbCommand (88ms) [Parameters=[@__employeeEmail_0='?' (Size = 4000)], CommandType='"Text"', CommandTimeout='30']
SELECT TOP(1) [e].[employeeId], [e].[employeeEmail], [e].[employeeName], [e].[managerId]
FROM [employees] AS [e]
WHERE [e].[employeeEmail] = @__employeeEmail_0
2023-01-17 21:33:30.061 +05:30  INF  Executed DbCommand (26ms) [Parameters=[@p0='?' (Size = 4000), @p1='?' (Size = 4000), @p2='?' (DbType = Int32)], CommandType='"Text"', CommandTimeout='30']
SET IMPLICIT_TRANSACTIONS OFF;
SET NOCOUNT ON;
INSERT INTO [employees] ([employeeEmail], [employeeName], [managerId])
OUTPUT INSERTED.[employeeId]
VALUES (@p0, @p1, @p2);
2023-01-17 21:33:30.157 +05:30  INF  Executing OkObjectResult, writing value of type 'System.String'.
2023-01-17 21:33:30.175 +05:30  INF  Executed action AttendanceTracking.Controllers.EmployeeController.AddEmployee (AttendanceTracking) in 4191.4189ms
2023-01-17 21:33:30.175 +05:30  INF  Executed endpoint 'AttendanceTracking.Controllers.EmployeeController.AddEmployee (AttendanceTracking)'
2023-01-17 21:33:30.200 +05:30  INF  Request finished HTTP/1.1 POST http://localhost:5073/AddEmployee application/json 87 - 200 - text/plain;+charset=utf-8 4300.7717ms
2023-01-17 21:33:44.121 +05:30  INF  Request starting HTTP/1.1 POST http://localhost:5073/AddEmployee application/json 87
2023-01-17 21:33:44.122 +05:30  INF  Executing endpoint 'AttendanceTracking.Controllers.EmployeeController.AddEmployee (AttendanceTracking)'
2023-01-17 21:33:44.123 +05:30  INF  Route matched with {action = "AddEmployee", controller = "Employee"}. Executing controller action with signature Microsoft.AspNetCore.Mvc.IActionResult AddEmployee(AttendanceTracking.Data.ViewModels.EmployeeVM) on controller AttendanceTracking.Controllers.EmployeeController (AttendanceTracking).
2023-01-17 21:33:44.160 +05:30  INF  Executed DbCommand (8ms) [Parameters=[@__employeeEmail_0='?' (Size = 4000)], CommandType='"Text"', CommandTimeout='30']
SELECT TOP(1) [e].[employeeId], [e].[employeeEmail], [e].[employeeName], [e].[managerId]
FROM [employees] AS [e]
WHERE [e].[employeeEmail] = @__employeeEmail_0
2023-01-17 21:33:44.166 +05:30  INF  Executing NotFoundObjectResult, writing value of type 'System.String'.
2023-01-17 21:33:44.167 +05:30  INF  Executed action AttendanceTracking.Controllers.EmployeeController.AddEmployee (AttendanceTracking) in 44.2451ms
2023-01-17 21:33:44.167 +05:30  INF  Executed endpoint 'AttendanceTracking.Controllers.EmployeeController.AddEmployee (AttendanceTracking)'
2023-01-17 21:33:44.167 +05:30  INF  Request finished HTTP/1.1 POST http://localhost:5073/AddEmployee application/json 87 - 404 - text/plain;+charset=utf-8 46.5659ms
2023-01-17 21:33:51.257 +05:30  INF  Request starting HTTP/1.1 POST http://localhost:5073/AddEmployee application/json 87
2023-01-17 21:33:51.258 +05:30  INF  Executing endpoint 'AttendanceTracking.Controllers.EmployeeController.AddEmployee (AttendanceTracking)'
2023-01-17 21:33:51.258 +05:30  INF  Route matched with {action = "AddEmployee", controller = "Employee"}. Executing controller action with signature Microsoft.AspNetCore.Mvc.IActionResult AddEmployee(AttendanceTracking.Data.ViewModels.EmployeeVM) on controller AttendanceTracking.Controllers.EmployeeController (AttendanceTracking).
2023-01-17 21:33:51.425 +05:30  INF  Executed DbCommand (3ms) [Parameters=[@__employeeEmail_0='?' (Size = 4000)], CommandType='"Text"', CommandTimeout='30']
SELECT TOP(1) [e].[employeeId], [e].[employeeEmail], [e].[employeeName], [e].[managerId]
FROM [employees] AS [e]
WHERE [e].[employeeEmail] = @__employeeEmail_0
2023-01-17 21:33:51.427 +05:30  INF  Executing NotFoundObjectResult, writing value of type 'System.String'.
2023-01-17 21:33:51.427 +05:30  INF  Executed action AttendanceTracking.Controllers.EmployeeController.AddEmployee (AttendanceTracking) in 168.5204ms
2023-01-17 21:33:51.427 +05:30  INF  Executed endpoint 'AttendanceTracking.Controllers.EmployeeController.AddEmployee (AttendanceTracking)'
2023-01-17 21:33:51.427 +05:30  INF  Request finished HTTP/1.1 POST http://localhost:5073/AddEmployee application/json 87 - 404 - text/plain;+charset=utf-8 170.3470ms
2023-01-17 21:57:51.708 +05:30  INF  Application is shutting down...
2023-01-17 21:58:00.084 +05:30  INF  Now listening on: http://localhost:5073
2023-01-17 21:58:00.124 +05:30  INF  Application started. Press Ctrl+C to shut down.
2023-01-17 21:58:00.125 +05:30  INF  Hosting environment: Development
2023-01-17 21:58:00.125 +05:30  INF  Content root path: /Users/presidio_cbe/Documents/AttendanceTracking/AttendanceTracking
2023-01-17 21:58:11.474 +05:30  INF  Request starting HTTP/1.1 GET http://localhost:5073/swagger/index.html - -
2023-01-17 21:58:11.585 +05:30  INF  Request finished HTTP/1.1 GET http://localhost:5073/swagger/index.html - - - 200 - text/html;charset=utf-8 113.3618ms
2023-01-17 21:58:12.072 +05:30  INF  Request starting HTTP/1.1 GET http://localhost:5073/swagger/v1/swagger.json - -
2023-01-17 21:58:12.198 +05:30  INF  Request finished HTTP/1.1 GET http://localhost:5073/swagger/v1/swagger.json - - - 200 - application/json;charset=utf-8 126.3273ms
2023-01-17 21:58:29.828 +05:30  INF  Request starting HTTP/1.1 PUT http://localhost:5073/CheckOutLog application/json 21
2023-01-17 21:58:29.844 +05:30  WRN  Failed to determine the https port for redirect.
2023-01-17 21:58:29.876 +05:30  INF  Executing endpoint 'AttendanceTracking.Controllers.AttendanceController.CheckOutLog (AttendanceTracking)'
2023-01-17 21:58:29.912 +05:30  INF  Route matched with {action = "CheckOutLog", controller = "Attendance"}. Executing controller action with signature Microsoft.AspNetCore.Mvc.IActionResult CheckOutLog(AttendanceTracking.Data.ViewModels.CheckOutTimeVM) on controller AttendanceTracking.Controllers.AttendanceController (AttendanceTracking).
2023-01-17 21:58:30.525 +05:30  INF  CheckOutLog method called
2023-01-17 21:58:32.321 +05:30  INF  Executed DbCommand (55ms) [Parameters=[@__employeeId_0='?' (DbType = Int32)], CommandType='"Text"', CommandTimeout='30']
SELECT [a].[id], [a].[checkInTime], [a].[checkOutTime], [a].[date], [a].[employeeId]
FROM [attendances] AS [a]
WHERE [a].[employeeId] = @__employeeId_0
2023-01-17 21:58:32.351 +05:30  INF  Executing NotFoundObjectResult, writing value of type 'System.String'.
2023-01-17 21:58:32.360 +05:30  INF  Executed action AttendanceTracking.Controllers.AttendanceController.CheckOutLog (AttendanceTracking) in 2439.8248ms
2023-01-17 21:58:32.360 +05:30  INF  Executed endpoint 'AttendanceTracking.Controllers.AttendanceController.CheckOutLog (AttendanceTracking)'
2023-01-17 21:58:32.372 +05:30  INF  Request finished HTTP/1.1 PUT http://localhost:5073/CheckOutLog application/json 21 - 404 - text/plain;+charset=utf-8 2543.9995ms
2023-01-17 21:58:40.573 +05:30  INF  Request starting HTTP/1.1 POST http://localhost:5073/CheckInLog application/json 21
2023-01-17 21:58:40.574 +05:30  INF  Executing endpoint 'AttendanceTracking.Controllers.AttendanceController.CheckInLog (AttendanceTracking)'
2023-01-17 21:58:40.586 +05:30  INF  Route matched with {action = "CheckInLog", controller = "Attendance"}. Executing controller action with signature Microsoft.AspNetCore.Mvc.IActionResult CheckInLog(AttendanceTracking.Data.ViewModels.CheckInTimeVM) on controller AttendanceTracking.Controllers.AttendanceController (AttendanceTracking).
2023-01-17 21:58:40.608 +05:30  INF  CheckInLog method called
2023-01-17 21:58:40.659 +05:30  INF  Executed DbCommand (8ms) [Parameters=[@__employeeId_0='?' (DbType = Int32)], CommandType='"Text"', CommandTimeout='30']
SELECT [a].[id], [a].[checkInTime], [a].[checkOutTime], [a].[date], [a].[employeeId]
FROM [attendances] AS [a]
WHERE [a].[employeeId] = @__employeeId_0
2023-01-17 21:58:40.994 +05:30  INF  Executed DbCommand (27ms) [Parameters=[@p0='?' (DbType = DateTime2), @p1='?' (DbType = DateTime2), @p2='?' (DbType = DateTime2), @p3='?' (DbType = Int32)], CommandType='"Text"', CommandTimeout='30']
SET IMPLICIT_TRANSACTIONS OFF;
SET NOCOUNT ON;
INSERT INTO [attendances] ([checkInTime], [checkOutTime], [date], [employeeId])
OUTPUT INSERTED.[id]
VALUES (@p0, @p1, @p2, @p3);
2023-01-17 21:58:41.046 +05:30  INF  Executing OkObjectResult, writing value of type 'System.String'.
2023-01-17 21:58:41.047 +05:30  INF  Executed action AttendanceTracking.Controllers.AttendanceController.CheckInLog (AttendanceTracking) in 460.7375ms
2023-01-17 21:58:41.047 +05:30  INF  Executed endpoint 'AttendanceTracking.Controllers.AttendanceController.CheckInLog (AttendanceTracking)'
2023-01-17 21:58:41.048 +05:30  INF  Request finished HTTP/1.1 POST http://localhost:5073/CheckInLog application/json 21 - 200 - text/plain;+charset=utf-8 475.4248ms
2023-01-17 22:00:07.914 +05:30  INF  Request starting HTTP/1.1 PUT http://localhost:5073/CheckOutLog application/json 21
2023-01-17 22:00:07.915 +05:30  INF  Executing endpoint 'AttendanceTracking.Controllers.AttendanceController.CheckOutLog (AttendanceTracking)'
2023-01-17 22:00:07.915 +05:30  INF  Route matched with {action = "CheckOutLog", controller = "Attendance"}. Executing controller action with signature Microsoft.AspNetCore.Mvc.IActionResult CheckOutLog(AttendanceTracking.Data.ViewModels.CheckOutTimeVM) on controller AttendanceTracking.Controllers.AttendanceController (AttendanceTracking).
2023-01-17 22:00:07.933 +05:30  INF  CheckOutLog method called
2023-01-17 22:00:08.065 +05:30  INF  Executed DbCommand (28ms) [Parameters=[@__employeeId_0='?' (DbType = Int32)], CommandType='"Text"', CommandTimeout='30']
SELECT [a].[id], [a].[checkInTime], [a].[checkOutTime], [a].[date], [a].[employeeId]
FROM [attendances] AS [a]
WHERE [a].[employeeId] = @__employeeId_0
2023-01-17 22:00:08.065 +05:30  INF  Executing NotFoundObjectResult, writing value of type 'System.String'.
2023-01-17 22:00:08.066 +05:30  INF  Executed action AttendanceTracking.Controllers.AttendanceController.CheckOutLog (AttendanceTracking) in 149.9459ms
2023-01-17 22:00:08.066 +05:30  INF  Executed endpoint 'AttendanceTracking.Controllers.AttendanceController.CheckOutLog (AttendanceTracking)'
2023-01-17 22:00:08.066 +05:30  INF  Request finished HTTP/1.1 PUT http://localhost:5073/CheckOutLog application/json 21 - 404 - text/plain;+charset=utf-8 151.4483ms
2023-01-17 22:00:15.632 +05:30  INF  Request starting HTTP/1.1 PUT http://localhost:5073/CheckOutLog application/json 21
2023-01-17 22:00:15.633 +05:30  INF  Executing endpoint 'AttendanceTracking.Controllers.AttendanceController.CheckOutLog (AttendanceTracking)'
2023-01-17 22:00:15.633 +05:30  INF  Route matched with {action = "CheckOutLog", controller = "Attendance"}. Executing controller action with signature Microsoft.AspNetCore.Mvc.IActionResult CheckOutLog(AttendanceTracking.Data.ViewModels.CheckOutTimeVM) on controller AttendanceTracking.Controllers.AttendanceController (AttendanceTracking).
2023-01-17 22:00:15.636 +05:30  INF  CheckOutLog method called
2023-01-17 22:00:15.646 +05:30  INF  Executed DbCommand (6ms) [Parameters=[@__employeeId_0='?' (DbType = Int32)], CommandType='"Text"', CommandTimeout='30']
SELECT [a].[id], [a].[checkInTime], [a].[checkOutTime], [a].[date], [a].[employeeId]
FROM [attendances] AS [a]
WHERE [a].[employeeId] = @__employeeId_0
2023-01-17 22:00:15.705 +05:30  INF  Executed DbCommand (34ms) [Parameters=[@p4='?' (DbType = Int32), @p0='?' (DbType = DateTime2), @p1='?' (DbType = DateTime2), @p2='?' (DbType = DateTime2), @p3='?' (DbType = Int32)], CommandType='"Text"', CommandTimeout='30']
SET IMPLICIT_TRANSACTIONS OFF;
SET NOCOUNT ON;
UPDATE [attendances] SET [checkInTime] = @p0, [checkOutTime] = @p1, [date] = @p2, [employeeId] = @p3
OUTPUT 1
WHERE [id] = @p4;
2023-01-17 22:00:15.710 +05:30  INF  Executing OkObjectResult, writing value of type 'System.String'.
2023-01-17 22:00:15.711 +05:30  INF  Executed action AttendanceTracking.Controllers.AttendanceController.CheckOutLog (AttendanceTracking) in 77.4101ms
2023-01-17 22:00:15.711 +05:30  INF  Executed endpoint 'AttendanceTracking.Controllers.AttendanceController.CheckOutLog (AttendanceTracking)'
2023-01-17 22:00:15.711 +05:30  INF  Request finished HTTP/1.1 PUT http://localhost:5073/CheckOutLog application/json 21 - 200 - text/plain;+charset=utf-8 78.8075ms
2023-01-17 22:01:29.109 +05:30  INF  Application is shutting down...
2023-01-17 22:01:37.434 +05:30  INF  Now listening on: http://localhost:5073
2023-01-17 22:01:37.473 +05:30  INF  Application started. Press Ctrl+C to shut down.
2023-01-17 22:01:37.474 +05:30  INF  Hosting environment: Development
2023-01-17 22:01:37.474 +05:30  INF  Content root path: /Users/presidio_cbe/Documents/AttendanceTracking/AttendanceTracking
2023-01-17 22:01:40.035 +05:30  INF  Request starting HTTP/1.1 GET http://localhost:5073/swagger/index.html - -
2023-01-17 22:01:40.156 +05:30  INF  Request finished HTTP/1.1 GET http://localhost:5073/swagger/index.html - - - 200 - text/html;charset=utf-8 123.1707ms
2023-01-17 22:01:40.643 +05:30  INF  Request starting HTTP/1.1 GET http://localhost:5073/swagger/v1/swagger.json - -
2023-01-17 22:01:40.759 +05:30  INF  Request finished HTTP/1.1 GET http://localhost:5073/swagger/v1/swagger.json - - - 200 - application/json;charset=utf-8 116.3101ms
2023-01-17 22:02:01.531 +05:30  INF  Request starting HTTP/1.1 GET http://localhost:5073/GetAttendanceOfEmployee/1/2023-01-17 00:00:00.000/2023-01-17 09:00:00.000/2023-01-17 23:00:00.000 - -
2023-01-17 22:02:01.536 +05:30  WRN  Failed to determine the https port for redirect.
2023-01-17 22:02:01.541 +05:30  INF  Executing endpoint 'AttendanceTracking.Controllers.AttendanceController.GetAttendanceOfEmployee (AttendanceTracking)'
2023-01-17 22:02:01.566 +05:30  INF  Route matched with {action = "GetAttendanceOfEmployee", controller = "Attendance"}. Executing controller action with signature System.Collections.Generic.List`1[AttendanceTracking.Models.Attendance] GetAttendanceOfEmployee(Int32, System.DateTime, System.DateTime, System.DateTime) on controller AttendanceTracking.Controllers.AttendanceController (AttendanceTracking).
2023-01-17 22:02:01.790 +05:30  INF  GetAttendanceOfEmployee method called
2023-01-17 22:02:02.775 +05:30  INF  Executed DbCommand (39ms) [Parameters=[@__managerId_0='?' (DbType = Int32)], CommandType='"Text"', CommandTimeout='30']
SELECT [e].[employeeId], [e].[employeeEmail], [e].[employeeName], [e].[managerId]
FROM [employees] AS [e]
WHERE [e].[managerId] = @__managerId_0
2023-01-17 22:02:02.844 +05:30  INF  Executed DbCommand (3ms) [Parameters=[@__employeeId_0='?' (DbType = Int32)], CommandType='"Text"', CommandTimeout='30']
SELECT [a].[id], [a].[checkInTime], [a].[checkOutTime], [a].[date], [a].[employeeId]
FROM [attendances] AS [a]
WHERE [a].[employeeId] = @__employeeId_0
2023-01-17 22:02:02.867 +05:30  INF  CheckOut Time:17/01/2023 22:00:15CheckIn Time:17/01/2023 21:58:40
2023-01-17 22:02:02.868 +05:30  INF  Total Present Time:00:01:34.9935370
2023-01-17 22:02:02.868 +05:30  INF  Total Present Time:00:01:34.9935370
2023-01-17 22:02:02.873 +05:30  INF  Executing ObjectResult, writing value of type 'System.Collections.Generic.List`1[[AttendanceTracking.Models.Attendance, AttendanceTracking, Version=1.0.0.0, Culture=neutral, PublicKeyToken=null]]'.
2023-01-17 22:02:02.902 +05:30  INF  Executed action AttendanceTracking.Controllers.AttendanceController.GetAttendanceOfEmployee (AttendanceTracking) in 1332.7518ms
2023-01-17 22:02:02.902 +05:30  INF  Executed endpoint 'AttendanceTracking.Controllers.AttendanceController.GetAttendanceOfEmployee (AttendanceTracking)'
2023-01-17 22:02:02.909 +05:30  INF  Request finished HTTP/1.1 GET http://localhost:5073/GetAttendanceOfEmployee/1/2023-01-17 00:00:00.000/2023-01-17 09:00:00.000/2023-01-17 23:00:00.000 - - - 200 - application/json;+charset=utf-8 1377.7100ms
2023-01-17 22:02:27.464 +05:30  INF  Request starting HTTP/1.1 POST http://localhost:5073/CheckInLog application/json 21
2023-01-17 22:02:27.465 +05:30  INF  Executing endpoint 'AttendanceTracking.Controllers.AttendanceController.CheckInLog (AttendanceTracking)'
2023-01-17 22:02:27.470 +05:30  INF  Route matched with {action = "CheckInLog", controller = "Attendance"}. Executing controller action with signature Microsoft.AspNetCore.Mvc.IActionResult CheckInLog(AttendanceTracking.Data.ViewModels.CheckInTimeVM) on controller AttendanceTracking.Controllers.AttendanceController (AttendanceTracking).
2023-01-17 22:02:27.562 +05:30  INF  CheckInLog method called
2023-01-17 22:02:27.612 +05:30  INF  Executed DbCommand (7ms) [Parameters=[@__employeeId_0='?' (DbType = Int32)], CommandType='"Text"', CommandTimeout='30']
SELECT [a].[id], [a].[checkInTime], [a].[checkOutTime], [a].[date], [a].[employeeId]
FROM [attendances] AS [a]
WHERE [a].[employeeId] = @__employeeId_0
2023-01-17 22:02:27.855 +05:30  INF  Executed DbCommand (8ms) [Parameters=[@p0='?' (DbType = DateTime2), @p1='?' (DbType = DateTime2), @p2='?' (DbType = DateTime2), @p3='?' (DbType = Int32)], CommandType='"Text"', CommandTimeout='30']
SET IMPLICIT_TRANSACTIONS OFF;
SET NOCOUNT ON;
INSERT INTO [attendances] ([checkInTime], [checkOutTime], [date], [employeeId])
OUTPUT INSERTED.[id]
VALUES (@p0, @p1, @p2, @p3);
2023-01-17 22:02:27.898 +05:30  INF  Executing OkObjectResult, writing value of type 'System.String'.
2023-01-17 22:02:27.899 +05:30  INF  Executed action AttendanceTracking.Controllers.AttendanceController.CheckInLog (AttendanceTracking) in 428.105ms
2023-01-17 22:02:27.899 +05:30  INF  Executed endpoint 'AttendanceTracking.Controllers.AttendanceController.CheckInLog (AttendanceTracking)'
2023-01-17 22:02:27.901 +05:30  INF  Request finished HTTP/1.1 POST http://localhost:5073/CheckInLog application/json 21 - 200 - text/plain;+charset=utf-8 437.0791ms
2023-01-17 22:07:29.978 +05:30  INF  Request starting HTTP/1.1 PUT http://localhost:5073/CheckOutLog application/json 21
2023-01-17 22:07:29.979 +05:30  INF  Executing endpoint 'AttendanceTracking.Controllers.AttendanceController.CheckOutLog (AttendanceTracking)'
2023-01-17 22:07:29.984 +05:30  INF  Route matched with {action = "CheckOutLog", controller = "Attendance"}. Executing controller action with signature Microsoft.AspNetCore.Mvc.IActionResult CheckOutLog(AttendanceTracking.Data.ViewModels.CheckOutTimeVM) on controller AttendanceTracking.Controllers.AttendanceController (AttendanceTracking).
2023-01-17 22:07:30.016 +05:30  INF  CheckOutLog method called
2023-01-17 22:07:30.159 +05:30  INF  Executed DbCommand (3ms) [Parameters=[@__employeeId_0='?' (DbType = Int32)], CommandType='"Text"', CommandTimeout='30']
SELECT [a].[id], [a].[checkInTime], [a].[checkOutTime], [a].[date], [a].[employeeId]
FROM [attendances] AS [a]
WHERE [a].[employeeId] = @__employeeId_0
2023-01-17 22:07:30.185 +05:30  INF  Executed DbCommand (8ms) [Parameters=[@p4='?' (DbType = Int32), @p0='?' (DbType = DateTime2), @p1='?' (DbType = DateTime2), @p2='?' (DbType = DateTime2), @p3='?' (DbType = Int32)], CommandType='"Text"', CommandTimeout='30']
SET IMPLICIT_TRANSACTIONS OFF;
SET NOCOUNT ON;
UPDATE [attendances] SET [checkInTime] = @p0, [checkOutTime] = @p1, [date] = @p2, [employeeId] = @p3
OUTPUT 1
WHERE [id] = @p4;
2023-01-17 22:07:30.191 +05:30  INF  Executing OkObjectResult, writing value of type 'System.String'.
2023-01-17 22:07:30.191 +05:30  INF  Executed action AttendanceTracking.Controllers.AttendanceController.CheckOutLog (AttendanceTracking) in 206.5326ms
2023-01-17 22:07:30.191 +05:30  INF  Executed endpoint 'AttendanceTracking.Controllers.AttendanceController.CheckOutLog (AttendanceTracking)'
2023-01-17 22:07:30.191 +05:30  INF  Request finished HTTP/1.1 PUT http://localhost:5073/CheckOutLog application/json 21 - 200 - text/plain;+charset=utf-8 213.9086ms
2023-01-17 22:07:35.155 +05:30  INF  Request starting HTTP/1.1 GET http://localhost:5073/GetAttendanceOfEmployee/1/2023-01-17 00:00:00.000/2023-01-17 09:00:00.000/2023-01-17 23:00:00.000 - -
2023-01-17 22:07:35.156 +05:30  INF  Executing endpoint 'AttendanceTracking.Controllers.AttendanceController.GetAttendanceOfEmployee (AttendanceTracking)'
2023-01-17 22:07:35.156 +05:30  INF  Route matched with {action = "GetAttendanceOfEmployee", controller = "Attendance"}. Executing controller action with signature System.Collections.Generic.List`1[AttendanceTracking.Models.Attendance] GetAttendanceOfEmployee(Int32, System.DateTime, System.DateTime, System.DateTime) on controller AttendanceTracking.Controllers.AttendanceController (AttendanceTracking).
2023-01-17 22:07:35.157 +05:30  INF  GetAttendanceOfEmployee method called
2023-01-17 22:07:35.160 +05:30  INF  Executed DbCommand (2ms) [Parameters=[@__managerId_0='?' (DbType = Int32)], CommandType='"Text"', CommandTimeout='30']
SELECT [e].[employeeId], [e].[employeeEmail], [e].[employeeName], [e].[managerId]
FROM [employees] AS [e]
WHERE [e].[managerId] = @__managerId_0
2023-01-17 22:07:35.164 +05:30  INF  Executed DbCommand (3ms) [Parameters=[@__employeeId_0='?' (DbType = Int32)], CommandType='"Text"', CommandTimeout='30']
SELECT [a].[id], [a].[checkInTime], [a].[checkOutTime], [a].[date], [a].[employeeId]
FROM [attendances] AS [a]
WHERE [a].[employeeId] = @__employeeId_0
2023-01-17 22:07:35.164 +05:30  INF  CheckOut Time:17/01/2023 22:00:15CheckIn Time:17/01/2023 21:58:40
2023-01-17 22:07:35.164 +05:30  INF  Total Present Time:00:01:34.9935370
2023-01-17 22:07:35.164 +05:30  INF  Total Present Time:00:01:34.9935370
2023-01-17 22:07:35.164 +05:30  INF  CheckOut Time:17/01/2023 22:07:30CheckIn Time:17/01/2023 22:02:27
2023-01-17 22:07:35.164 +05:30  INF  Total Present Time:00:05:02.5478370
2023-01-17 22:07:35.164 +05:30  INF  Total Present Time:00:06:37.5413740
2023-01-17 22:07:35.165 +05:30  INF  Executing ObjectResult, writing value of type 'System.Collections.Generic.List`1[[AttendanceTracking.Models.Attendance, AttendanceTracking, Version=1.0.0.0, Culture=neutral, PublicKeyToken=null]]'.
2023-01-17 22:07:35.166 +05:30  INF  Executed action AttendanceTracking.Controllers.AttendanceController.GetAttendanceOfEmployee (AttendanceTracking) in 9.9014ms
2023-01-17 22:07:35.166 +05:30  INF  Executed endpoint 'AttendanceTracking.Controllers.AttendanceController.GetAttendanceOfEmployee (AttendanceTracking)'
2023-01-17 22:07:35.166 +05:30  INF  Request finished HTTP/1.1 GET http://localhost:5073/GetAttendanceOfEmployee/1/2023-01-17 00:00:00.000/2023-01-17 09:00:00.000/2023-01-17 23:00:00.000 - - - 200 - application/json;+charset=utf-8 10.7966ms
2023-01-17 22:27:17.451 +05:30  INF  Application is shutting down...
