2023-01-19 11:34:26.626 +05:30  INF  Now listening on: https://localhost:7294
2023-01-19 11:34:26.659 +05:30  INF  Now listening on: http://localhost:5073
2023-01-19 11:34:26.663 +05:30  INF  Application started. Press Ctrl+C to shut down.
2023-01-19 11:34:26.664 +05:30  INF  Hosting environment: Development
2023-01-19 11:34:26.664 +05:30  INF  Content root path: /Users/presidio_cbe/Documents/AttendanceTracking/AttendanceTracking
2023-01-19 11:34:27.888 +05:30  INF  Request starting HTTP/1.1 GET https://localhost:7294/swagger - -
2023-01-19 11:34:27.988 +05:30  INF  Request finished HTTP/1.1 GET https://localhost:7294/swagger - - - 301 0 - 101.1555ms
2023-01-19 11:34:27.995 +05:30  INF  Request starting HTTP/1.1 GET https://localhost:7294/swagger/index.html - -
2023-01-19 11:34:28.119 +05:30  INF  Request finished HTTP/1.1 GET https://localhost:7294/swagger/index.html - - - 200 - text/html;charset=utf-8 123.4148ms
2023-01-19 11:34:28.143 +05:30  INF  Request starting HTTP/1.1 GET https://localhost:7294/swagger/swagger-ui.css - -
2023-01-19 11:34:28.193 +05:30  INF  Request starting HTTP/1.1 GET https://localhost:7294/swagger/swagger-ui-bundle.js - -
2023-01-19 11:34:28.334 +05:30  INF  Request starting HTTP/1.1 GET https://localhost:7294/swagger/swagger-ui-standalone-preset.js - -
2023-01-19 11:34:28.347 +05:30  INF  Sending file. Request path: '/swagger-ui.css'. Physical path: 'N/A'
2023-01-19 11:34:28.347 +05:30  INF  Request finished HTTP/1.1 GET https://localhost:7294/swagger/swagger-ui.css - - - 200 143943 text/css 204.2452ms
2023-01-19 11:34:28.365 +05:30  INF  Sending file. Request path: '/swagger-ui-bundle.js'. Physical path: 'N/A'
2023-01-19 11:34:28.365 +05:30  INF  Request finished HTTP/1.1 GET https://localhost:7294/swagger/swagger-ui-bundle.js - - - 200 1096145 text/javascript 172.4012ms
2023-01-19 11:34:28.371 +05:30  INF  Sending file. Request path: '/swagger-ui-standalone-preset.js'. Physical path: 'N/A'
2023-01-19 11:34:28.376 +05:30  INF  Request finished HTTP/1.1 GET https://localhost:7294/swagger/swagger-ui-standalone-preset.js - - - 200 339486 text/javascript 42.0039ms
2023-01-19 11:34:28.878 +05:30  INF  Request starting HTTP/1.1 GET https://localhost:7294/swagger/v1/swagger.json - -
2023-01-19 11:34:28.905 +05:30  INF  Request starting HTTP/1.1 GET https://localhost:7294/swagger/favicon-32x32.png - -
2023-01-19 11:34:28.905 +05:30  INF  Sending file. Request path: '/favicon-32x32.png'. Physical path: 'N/A'
2023-01-19 11:34:28.905 +05:30  INF  Request finished HTTP/1.1 GET https://localhost:7294/swagger/favicon-32x32.png - - - 200 628 image/png 0.4112ms
2023-01-19 11:34:29.051 +05:30  INF  Request finished HTTP/1.1 GET https://localhost:7294/swagger/v1/swagger.json - - - 200 - application/json;charset=utf-8 172.5213ms
